CRITICAL - 2022-11-17 05:57:02 --> Undefined array key "id"
in APPPATH\Views\admin\produkedit.php on line 36.
 1 APPPATH\Views\admin\produkedit.php(36): CodeIgniter\Debug\Exceptions->errorHandler(2, 'Undefined array key "id"', 'APPPATH\\Views\\admin\\produkedit.php', 36)
 2 SYSTEMPATH\View\View.php(213): include('APPPATH\\Views\\admin\\produkedit.php')
 3 SYSTEMPATH\View\View.php(216): CodeIgniter\View\View->CodeIgniter\View\{closure}()
 4 SYSTEMPATH\Common.php(1134): CodeIgniter\View\View->render('admin/produkedit', [], true)
 5 APPPATH\Controllers\AdminProduk.php(79): view('admin/produkedit', [...])
 6 SYSTEMPATH\CodeIgniter.php(927): App\Controllers\AdminProduk->edit('6')
 7 SYSTEMPATH\CodeIgniter.php(482): CodeIgniter\CodeIgniter->runController(Object(App\Controllers\AdminProduk))
 8 SYSTEMPATH\CodeIgniter.php(351): CodeIgniter\CodeIgniter->handleRequest(null, Object(Config\Cache), false)
 9 FCPATH\index.php(67): CodeIgniter\CodeIgniter->run()
10 SYSTEMPATH\Commands\Server\rewrite.php(46): require_once('FCPATH\\index.php')
CRITICAL - 2022-11-17 06:44:31 --> Call to undefined method App\Models\M_Produk::hitungRating
in SYSTEMPATH\Model.php on line 774.
 1 APPPATH\Controllers\Home.php(23): CodeIgniter\Model->__call('hitungRating', [])
 2 SYSTEMPATH\CodeIgniter.php(927): App\Controllers\Home->index()
 3 SYSTEMPATH\CodeIgniter.php(482): CodeIgniter\CodeIgniter->runController(Object(App\Controllers\Home))
 4 SYSTEMPATH\CodeIgniter.php(351): CodeIgniter\CodeIgniter->handleRequest(null, Object(Config\Cache), false)
 5 FCPATH\index.php(67): CodeIgniter\CodeIgniter->run()
 6 SYSTEMPATH\Commands\Server\rewrite.php(46): require_once('FCPATH\\index.php')
CRITICAL - 2022-11-17 06:44:54 --> Call to undefined method App\Models\M_Produk::hitungRating
in SYSTEMPATH\Model.php on line 774.
 1 APPPATH\Controllers\Home.php(23): CodeIgniter\Model->__call('hitungRating', [])
 2 SYSTEMPATH\CodeIgniter.php(927): App\Controllers\Home->index()
 3 SYSTEMPATH\CodeIgniter.php(482): CodeIgniter\CodeIgniter->runController(Object(App\Controllers\Home))
 4 SYSTEMPATH\CodeIgniter.php(351): CodeIgniter\CodeIgniter->handleRequest(null, Object(Config\Cache), false)
 5 FCPATH\index.php(67): CodeIgniter\CodeIgniter->run()
 6 SYSTEMPATH\Commands\Server\rewrite.php(46): require_once('FCPATH\\index.php')
CRITICAL - 2022-11-17 07:02:46 --> Call to undefined method App\Models\M_Produk::hitungRating
in SYSTEMPATH\Model.php on line 774.
 1 APPPATH\Controllers\Home.php(23): CodeIgniter\Model->__call('hitungRating', [])
 2 SYSTEMPATH\CodeIgniter.php(927): App\Controllers\Home->index()
 3 SYSTEMPATH\CodeIgniter.php(482): CodeIgniter\CodeIgniter->runController(Object(App\Controllers\Home))
 4 SYSTEMPATH\CodeIgniter.php(351): CodeIgniter\CodeIgniter->handleRequest(null, Object(Config\Cache), false)
 5 FCPATH\index.php(67): CodeIgniter\CodeIgniter->run()
 6 SYSTEMPATH\Commands\Server\rewrite.php(46): require_once('FCPATH\\index.php')
CRITICAL - 2022-11-17 09:56:04 --> Call to undefined method App\Models\M_Produk::hitungRating
in SYSTEMPATH\Model.php on line 774.
 1 APPPATH\Controllers\Home.php(23): CodeIgniter\Model->__call('hitungRating', [])
 2 SYSTEMPATH\CodeIgniter.php(927): App\Controllers\Home->index()
 3 SYSTEMPATH\CodeIgniter.php(482): CodeIgniter\CodeIgniter->runController(Object(App\Controllers\Home))
 4 SYSTEMPATH\CodeIgniter.php(351): CodeIgniter\CodeIgniter->handleRequest(null, Object(Config\Cache), false)
 5 FCPATH\index.php(67): CodeIgniter\CodeIgniter->run()
 6 SYSTEMPATH\Commands\Server\rewrite.php(46): require_once('FCPATH\\index.php')
CRITICAL - 2022-11-17 09:56:37 --> Call to undefined method App\Models\M_Produk::hitungRating
in SYSTEMPATH\Model.php on line 774.
 1 APPPATH\Controllers\Home.php(23): CodeIgniter\Model->__call('hitungRating', [])
 2 SYSTEMPATH\CodeIgniter.php(927): App\Controllers\Home->index()
 3 SYSTEMPATH\CodeIgniter.php(482): CodeIgniter\CodeIgniter->runController(Object(App\Controllers\Home))
 4 SYSTEMPATH\CodeIgniter.php(351): CodeIgniter\CodeIgniter->handleRequest(null, Object(Config\Cache), false)
 5 FCPATH\index.php(67): CodeIgniter\CodeIgniter->run()
 6 SYSTEMPATH\Commands\Server\rewrite.php(46): require_once('FCPATH\\index.php')
ERROR - 2022-11-17 10:22:30 --> mysqli_sql_exception: You have an error in your SQL syntax; check the manual that corresponds to your MariaDB server version for the right syntax to use near 'rating.id_produk as id_produk, nama_produk, SUM(rating.nilai_rating) as jumla...' at line 1 in E:\...KULI AH\Script SI alias skripsi\Aplikasi Tour n Travel\Horizon\vendor\codeigniter4\framework\system\Database\MySQLi\Connection.php:292
Stack trace:
#0 E:\...KULI AH\Script SI alias skripsi\Aplikasi Tour n Travel\Horizon\vendor\codeigniter4\framework\system\Database\MySQLi\Connection.php(292): mysqli->query('SELECT ,rating....', 0)
#1 E:\...KULI AH\Script SI alias skripsi\Aplikasi Tour n Travel\Horizon\vendor\codeigniter4\framework\system\Database\BaseConnection.php(666): CodeIgniter\Database\MySQLi\Connection->execute('SELECT ,rating....')
#2 E:\...KULI AH\Script SI alias skripsi\Aplikasi Tour n Travel\Horizon\vendor\codeigniter4\framework\system\Database\BaseConnection.php(593): CodeIgniter\Database\BaseConnection->simpleQuery('SELECT ,rating....')
#3 E:\...KULI AH\Script SI alias skripsi\Aplikasi Tour n Travel\Horizon\app\Models\M_Rating.php(26): CodeIgniter\Database\BaseConnection->query('SELECT ,rating....')
#4 E:\...KULI AH\Script SI alias skripsi\Aplikasi Tour n Travel\Horizon\app\Controllers\Home.php(23): App\Models\M_Rating->hitungRating()
#5 E:\...KULI AH\Script SI alias skripsi\Aplikasi Tour n Travel\Horizon\vendor\codeigniter4\framework\system\CodeIgniter.php(927): App\Controllers\Home->index()
#6 E:\...KULI AH\Script SI alias skripsi\Aplikasi Tour n Travel\Horizon\vendor\codeigniter4\framework\system\CodeIgniter.php(482): CodeIgniter\CodeIgniter->runController(Object(App\Controllers\Home))
#7 E:\...KULI AH\Script SI alias skripsi\Aplikasi Tour n Travel\Horizon\vendor\codeigniter4\framework\system\CodeIgniter.php(351): CodeIgniter\CodeIgniter->handleRequest(NULL, Object(Config\Cache), false)
#8 E:\...KULI AH\Script SI alias skripsi\Aplikasi Tour n Travel\Horizon\public\index.php(67): CodeIgniter\CodeIgniter->run()
#9 E:\...KULI AH\Script SI alias skripsi\Aplikasi Tour n Travel\Horizon\vendor\codeigniter4\framework\system\Commands\Server\rewrite.php(46): require_once('E:\\...KULI AH\\S...')
#10 {main}
CRITICAL - 2022-11-17 10:22:30 --> You have an error in your SQL syntax; check the manual that corresponds to your MariaDB server version for the right syntax to use near 'rating.id_produk as id_produk, nama_produk, SUM(rating.nilai_rating) as jumla...' at line 1
in SYSTEMPATH\Database\MySQLi\Connection.php on line 292.
 1 SYSTEMPATH\Database\MySQLi\Connection.php(292): mysqli->query('SELECT ,rating.id_produk as id_produk, nama_produk, SUM(rating.nilai_rating) as jumlah_rating, COUNT(rating.id) as jumlah_rater, SUM(rating.nilai_rating)/COUNT(rating.id) as rata_rating FROM rating GROUP BY rating.id_produk', 0)
 2 SYSTEMPATH\Database\BaseConnection.php(666): CodeIgniter\Database\MySQLi\Connection->execute('SELECT ,rating.id_produk as id_produk, nama_produk, SUM(rating.nilai_rating) as jumlah_rating, COUNT(rating.id) as jumlah_rater, SUM(rating.nilai_rating)/COUNT(rating.id) as rata_rating FROM rating GROUP BY rating.id_produk')
 3 SYSTEMPATH\Database\BaseConnection.php(593): CodeIgniter\Database\BaseConnection->simpleQuery('SELECT ,rating.id_produk as id_produk, nama_produk, SUM(rating.nilai_rating) as jumlah_rating, COUNT(rating.id) as jumlah_rater, SUM(rating.nilai_rating)/COUNT(rating.id) as rata_rating FROM rating GROUP BY rating.id_produk')
 4 APPPATH\Models\M_Rating.php(26): CodeIgniter\Database\BaseConnection->query('SELECT ,rating.id_produk as id_produk, nama_produk, SUM(rating.nilai_rating) as jumlah_rating, COUNT(rating.id) as jumlah_rater, SUM(rating.nilai_rating)/COUNT(rating.id) as rata_rating FROM rating GROUP BY rating.id_produk')
 5 APPPATH\Controllers\Home.php(23): App\Models\M_Rating->hitungRating()
 6 SYSTEMPATH\CodeIgniter.php(927): App\Controllers\Home->index()
 7 SYSTEMPATH\CodeIgniter.php(482): CodeIgniter\CodeIgniter->runController(Object(App\Controllers\Home))
 8 SYSTEMPATH\CodeIgniter.php(351): CodeIgniter\CodeIgniter->handleRequest(null, Object(Config\Cache), false)
 9 FCPATH\index.php(67): CodeIgniter\CodeIgniter->run()
10 SYSTEMPATH\Commands\Server\rewrite.php(46): require_once('FCPATH\\index.php')
CRITICAL - 2022-11-17 10:23:02 --> Call to undefined method App\Models\M_Rating::hitungRating
in SYSTEMPATH\Model.php on line 774.
 1 APPPATH\Controllers\Home.php(23): CodeIgniter\Model->__call('hitungRating', [])
 2 SYSTEMPATH\CodeIgniter.php(927): App\Controllers\Home->index()
 3 SYSTEMPATH\CodeIgniter.php(482): CodeIgniter\CodeIgniter->runController(Object(App\Controllers\Home))
 4 SYSTEMPATH\CodeIgniter.php(351): CodeIgniter\CodeIgniter->handleRequest(null, Object(Config\Cache), false)
 5 FCPATH\index.php(67): CodeIgniter\CodeIgniter->run()
 6 SYSTEMPATH\Commands\Server\rewrite.php(46): require_once('FCPATH\\index.php')
ERROR - 2022-11-17 10:24:55 --> mysqli_sql_exception: Unknown column 'deksripsi_produk' in 'field list' in E:\...KULI AH\Script SI alias skripsi\Aplikasi Tour n Travel\Horizon\vendor\codeigniter4\framework\system\Database\MySQLi\Connection.php:292
Stack trace:
#0 E:\...KULI AH\Script SI alias skripsi\Aplikasi Tour n Travel\Horizon\vendor\codeigniter4\framework\system\Database\MySQLi\Connection.php(292): mysqli->query('SELECT nama_pro...', 0)
#1 E:\...KULI AH\Script SI alias skripsi\Aplikasi Tour n Travel\Horizon\vendor\codeigniter4\framework\system\Database\BaseConnection.php(666): CodeIgniter\Database\MySQLi\Connection->execute('SELECT nama_pro...')
#2 E:\...KULI AH\Script SI alias skripsi\Aplikasi Tour n Travel\Horizon\vendor\codeigniter4\framework\system\Database\BaseConnection.php(593): CodeIgniter\Database\BaseConnection->simpleQuery('SELECT nama_pro...')
#3 E:\...KULI AH\Script SI alias skripsi\Aplikasi Tour n Travel\Horizon\app\Models\M_Rating.php(26): CodeIgniter\Database\BaseConnection->query('SELECT nama_pro...')
#4 E:\...KULI AH\Script SI alias skripsi\Aplikasi Tour n Travel\Horizon\app\Controllers\Home.php(23): App\Models\M_Rating->hitungRating()
#5 E:\...KULI AH\Script SI alias skripsi\Aplikasi Tour n Travel\Horizon\vendor\codeigniter4\framework\system\CodeIgniter.php(927): App\Controllers\Home->index()
#6 E:\...KULI AH\Script SI alias skripsi\Aplikasi Tour n Travel\Horizon\vendor\codeigniter4\framework\system\CodeIgniter.php(482): CodeIgniter\CodeIgniter->runController(Object(App\Controllers\Home))
#7 E:\...KULI AH\Script SI alias skripsi\Aplikasi Tour n Travel\Horizon\vendor\codeigniter4\framework\system\CodeIgniter.php(351): CodeIgniter\CodeIgniter->handleRequest(NULL, Object(Config\Cache), false)
#8 E:\...KULI AH\Script SI alias skripsi\Aplikasi Tour n Travel\Horizon\public\index.php(67): CodeIgniter\CodeIgniter->run()
#9 E:\...KULI AH\Script SI alias skripsi\Aplikasi Tour n Travel\Horizon\vendor\codeigniter4\framework\system\Commands\Server\rewrite.php(46): require_once('E:\\...KULI AH\\S...')
#10 {main}
CRITICAL - 2022-11-17 10:24:55 --> Unknown column 'deksripsi_produk' in 'field list'
in SYSTEMPATH\Database\MySQLi\Connection.php on line 292.
 1 SYSTEMPATH\Database\MySQLi\Connection.php(292): mysqli->query('SELECT nama_produk, harga, deksripsi_produk, sampul , rating.id_produk as produk, SUM(rating.nilai_rating) as jumlah_rating, COUNT(rating.id) as jumlah_rater, SUM(rating.nilai_rating)/COUNT(rating.id) as rata_rating FROM rating INNER JOIN produk WHERE rating.id_produk = produk.id_produk GROUP BY rating.id_produk', 0)
 2 SYSTEMPATH\Database\BaseConnection.php(666): CodeIgniter\Database\MySQLi\Connection->execute('SELECT nama_produk, harga, deksripsi_produk, sampul , rating.id_produk as produk, SUM(rating.nilai_rating) as jumlah_rating, COUNT(rating.id) as jumlah_rater, SUM(rating.nilai_rating)/COUNT(rating.id) as rata_rating FROM rating INNER JOIN produk WHERE rating.id_produk = produk.id_produk GROUP BY rating.id_produk')
 3 SYSTEMPATH\Database\BaseConnection.php(593): CodeIgniter\Database\BaseConnection->simpleQuery('SELECT nama_produk, harga, deksripsi_produk, sampul , rating.id_produk as produk, SUM(rating.nilai_rating) as jumlah_rating, COUNT(rating.id) as jumlah_rater, SUM(rating.nilai_rating)/COUNT(rating.id) as rata_rating FROM rating INNER JOIN produk WHERE rating.id_produk = produk.id_produk GROUP BY rating.id_produk')
 4 APPPATH\Models\M_Rating.php(26): CodeIgniter\Database\BaseConnection->query('SELECT nama_produk, harga, deksripsi_produk, sampul , rating.id_produk as produk, SUM(rating.nilai_rating) as jumlah_rating, COUNT(rating.id) as jumlah_rater, SUM(rating.nilai_rating)/COUNT(rating.id) as rata_rating FROM rating INNER JOIN produk WHERE rating.id_produk = produk.id_produk GROUP BY rating.id_produk')
 5 APPPATH\Controllers\Home.php(23): App\Models\M_Rating->hitungRating()
 6 SYSTEMPATH\CodeIgniter.php(927): App\Controllers\Home->index()
 7 SYSTEMPATH\CodeIgniter.php(482): CodeIgniter\CodeIgniter->runController(Object(App\Controllers\Home))
 8 SYSTEMPATH\CodeIgniter.php(351): CodeIgniter\CodeIgniter->handleRequest(null, Object(Config\Cache), false)
 9 FCPATH\index.php(67): CodeIgniter\CodeIgniter->run()
10 SYSTEMPATH\Commands\Server\rewrite.php(46): require_once('FCPATH\\index.php')
CRITICAL - 2022-11-17 10:27:16 --> Undefined array key "nama_kategori"
in APPPATH\Views\user\Home.php on line 55.
 1 APPPATH\Views\user\Home.php(55): CodeIgniter\Debug\Exceptions->errorHandler(2, 'Undefined array key "nama_kategori"', 'APPPATH\\Views\\user\\Home.php', 55)
 2 SYSTEMPATH\View\View.php(213): include('APPPATH\\Views\\user\\Home.php')
 3 SYSTEMPATH\View\View.php(216): CodeIgniter\View\View->CodeIgniter\View\{closure}()
 4 SYSTEMPATH\Common.php(1134): CodeIgniter\View\View->render('user/Home', [], true)
 5 APPPATH\Controllers\Home.php(31): view('user/Home', [...])
 6 SYSTEMPATH\CodeIgniter.php(927): App\Controllers\Home->index()
 7 SYSTEMPATH\CodeIgniter.php(482): CodeIgniter\CodeIgniter->runController(Object(App\Controllers\Home))
 8 SYSTEMPATH\CodeIgniter.php(351): CodeIgniter\CodeIgniter->handleRequest(null, Object(Config\Cache), false)
 9 FCPATH\index.php(67): CodeIgniter\CodeIgniter->run()
10 SYSTEMPATH\Commands\Server\rewrite.php(46): require_once('FCPATH\\index.php')
ERROR - 2022-11-17 10:28:25 --> mysqli_sql_exception: You have an error in your SQL syntax; check the manual that corresponds to your MariaDB server version for the right syntax to use near 'INNER JOIN kategori WHERE produk.id_kategori = kategori.id_kategori GROUP BY ...' at line 1 in E:\...KULI AH\Script SI alias skripsi\Aplikasi Tour n Travel\Horizon\vendor\codeigniter4\framework\system\Database\MySQLi\Connection.php:292
Stack trace:
#0 E:\...KULI AH\Script SI alias skripsi\Aplikasi Tour n Travel\Horizon\vendor\codeigniter4\framework\system\Database\MySQLi\Connection.php(292): mysqli->query('SELECT nama_kat...', 0)
#1 E:\...KULI AH\Script SI alias skripsi\Aplikasi Tour n Travel\Horizon\vendor\codeigniter4\framework\system\Database\BaseConnection.php(666): CodeIgniter\Database\MySQLi\Connection->execute('SELECT nama_kat...')
#2 E:\...KULI AH\Script SI alias skripsi\Aplikasi Tour n Travel\Horizon\vendor\codeigniter4\framework\system\Database\BaseConnection.php(593): CodeIgniter\Database\BaseConnection->simpleQuery('SELECT nama_kat...')
#3 E:\...KULI AH\Script SI alias skripsi\Aplikasi Tour n Travel\Horizon\app\Models\M_Rating.php(26): CodeIgniter\Database\BaseConnection->query('SELECT nama_kat...')
#4 E:\...KULI AH\Script SI alias skripsi\Aplikasi Tour n Travel\Horizon\app\Controllers\Home.php(21): App\Models\M_Rating->hitungRating()
#5 E:\...KULI AH\Script SI alias skripsi\Aplikasi Tour n Travel\Horizon\vendor\codeigniter4\framework\system\CodeIgniter.php(927): App\Controllers\Home->index()
#6 E:\...KULI AH\Script SI alias skripsi\Aplikasi Tour n Travel\Horizon\vendor\codeigniter4\framework\system\CodeIgniter.php(482): CodeIgniter\CodeIgniter->runController(Object(App\Controllers\Home))
#7 E:\...KULI AH\Script SI alias skripsi\Aplikasi Tour n Travel\Horizon\vendor\codeigniter4\framework\system\CodeIgniter.php(351): CodeIgniter\CodeIgniter->handleRequest(NULL, Object(Config\Cache), false)
#8 E:\...KULI AH\Script SI alias skripsi\Aplikasi Tour n Travel\Horizon\public\index.php(67): CodeIgniter\CodeIgniter->run()
#9 E:\...KULI AH\Script SI alias skripsi\Aplikasi Tour n Travel\Horizon\vendor\codeigniter4\framework\system\Commands\Server\rewrite.php(46): require_once('E:\\...KULI AH\\S...')
#10 {main}
CRITICAL - 2022-11-17 10:28:25 --> You have an error in your SQL syntax; check the manual that corresponds to your MariaDB server version for the right syntax to use near 'INNER JOIN kategori WHERE produk.id_kategori = kategori.id_kategori GROUP BY ...' at line 1
in SYSTEMPATH\Database\MySQLi\Connection.php on line 292.
 1 SYSTEMPATH\Database\MySQLi\Connection.php(292): mysqli->query('SELECT nama_kategori, nama_produk, harga, deskripsi_produk, sampul , rating.id_produk as produk, SUM(rating.nilai_rating) as jumlah_rating, COUNT(rating.id) as jumlah_rater, SUM(rating.nilai_rating)/COUNT(rating.id) as rata_rating FROM rating INNER JOIN produk WHERE rating.id_produk = produk.id_produk INNER JOIN kategori WHERE produk.id_kategori = kategori.id_kategori GROUP BY rating.id_produk', 0)
 2 SYSTEMPATH\Database\BaseConnection.php(666): CodeIgniter\Database\MySQLi\Connection->execute('SELECT nama_kategori, nama_produk, harga, deskripsi_produk, sampul , rating.id_produk as produk, SUM(rating.nilai_rating) as jumlah_rating, COUNT(rating.id) as jumlah_rater, SUM(rating.nilai_rating)/COUNT(rating.id) as rata_rating FROM rating INNER JOIN produk WHERE rating.id_produk = produk.id_produk INNER JOIN kategori WHERE produk.id_kategori = kategori.id_kategori GROUP BY rating.id_produk')
 3 SYSTEMPATH\Database\BaseConnection.php(593): CodeIgniter\Database\BaseConnection->simpleQuery('SELECT nama_kategori, nama_produk, harga, deskripsi_produk, sampul , rating.id_produk as produk, SUM(rating.nilai_rating) as jumlah_rating, COUNT(rating.id) as jumlah_rater, SUM(rating.nilai_rating)/COUNT(rating.id) as rata_rating FROM rating INNER JOIN produk WHERE rating.id_produk = produk.id_produk INNER JOIN kategori WHERE produk.id_kategori = kategori.id_kategori GROUP BY rating.id_produk')
 4 APPPATH\Models\M_Rating.php(26): CodeIgniter\Database\BaseConnection->query('SELECT nama_kategori, nama_produk, harga, deskripsi_produk, sampul , rating.id_produk as produk, SUM(rating.nilai_rating) as jumlah_rating, COUNT(rating.id) as jumlah_rater, SUM(rating.nilai_rating)/COUNT(rating.id) as rata_rating FROM rating INNER JOIN produk WHERE rating.id_produk = produk.id_produk INNER JOIN kategori WHERE produk.id_kategori = kategori.id_kategori GROUP BY rating.id_produk')
 5 APPPATH\Controllers\Home.php(21): App\Models\M_Rating->hitungRating()
 6 SYSTEMPATH\CodeIgniter.php(927): App\Controllers\Home->index()
 7 SYSTEMPATH\CodeIgniter.php(482): CodeIgniter\CodeIgniter->runController(Object(App\Controllers\Home))
 8 SYSTEMPATH\CodeIgniter.php(351): CodeIgniter\CodeIgniter->handleRequest(null, Object(Config\Cache), false)
 9 FCPATH\index.php(67): CodeIgniter\CodeIgniter->run()
10 SYSTEMPATH\Commands\Server\rewrite.php(46): require_once('FCPATH\\index.php')
CRITICAL - 2022-11-17 10:28:38 --> Undefined array key "nama_kategori"
in APPPATH\Views\user\Home.php on line 55.
 1 APPPATH\Views\user\Home.php(55): CodeIgniter\Debug\Exceptions->errorHandler(2, 'Undefined array key "nama_kategori"', 'APPPATH\\Views\\user\\Home.php', 55)
 2 SYSTEMPATH\View\View.php(213): include('APPPATH\\Views\\user\\Home.php')
 3 SYSTEMPATH\View\View.php(216): CodeIgniter\View\View->CodeIgniter\View\{closure}()
 4 SYSTEMPATH\Common.php(1134): CodeIgniter\View\View->render('user/Home', [], true)
 5 APPPATH\Controllers\Home.php(31): view('user/Home', [...])
 6 SYSTEMPATH\CodeIgniter.php(927): App\Controllers\Home->index()
 7 SYSTEMPATH\CodeIgniter.php(482): CodeIgniter\CodeIgniter->runController(Object(App\Controllers\Home))
 8 SYSTEMPATH\CodeIgniter.php(351): CodeIgniter\CodeIgniter->handleRequest(null, Object(Config\Cache), false)
 9 FCPATH\index.php(67): CodeIgniter\CodeIgniter->run()
10 SYSTEMPATH\Commands\Server\rewrite.php(46): require_once('FCPATH\\index.php')
CRITICAL - 2022-11-17 10:28:46 --> Undefined array key "nama_kategori"
in APPPATH\Views\user\Home.php on line 55.
 1 APPPATH\Views\user\Home.php(55): CodeIgniter\Debug\Exceptions->errorHandler(2, 'Undefined array key "nama_kategori"', 'APPPATH\\Views\\user\\Home.php', 55)
 2 SYSTEMPATH\View\View.php(213): include('APPPATH\\Views\\user\\Home.php')
 3 SYSTEMPATH\View\View.php(216): CodeIgniter\View\View->CodeIgniter\View\{closure}()
 4 SYSTEMPATH\Common.php(1134): CodeIgniter\View\View->render('user/Home', [], true)
 5 APPPATH\Controllers\Home.php(31): view('user/Home', [...])
 6 SYSTEMPATH\CodeIgniter.php(927): App\Controllers\Home->index()
 7 SYSTEMPATH\CodeIgniter.php(482): CodeIgniter\CodeIgniter->runController(Object(App\Controllers\Home))
 8 SYSTEMPATH\CodeIgniter.php(351): CodeIgniter\CodeIgniter->handleRequest(null, Object(Config\Cache), false)
 9 FCPATH\index.php(67): CodeIgniter\CodeIgniter->run()
10 SYSTEMPATH\Commands\Server\rewrite.php(46): require_once('FCPATH\\index.php')
CRITICAL - 2022-11-17 20:57:25 --> Undefined variable $pord
in APPPATH\Views\user\Home.php on line 42.
 1 APPPATH\Views\user\Home.php(42): CodeIgniter\Debug\Exceptions->errorHandler(2, 'Undefined variable $pord', 'APPPATH\\Views\\user\\Home.php', 42)
 2 SYSTEMPATH\View\View.php(213): include('APPPATH\\Views\\user\\Home.php')
 3 SYSTEMPATH\View\View.php(216): CodeIgniter\View\View->CodeIgniter\View\{closure}()
 4 SYSTEMPATH\Common.php(1134): CodeIgniter\View\View->render('user/Home', [], true)
 5 APPPATH\Controllers\Home.php(31): view('user/Home', [...])
 6 SYSTEMPATH\CodeIgniter.php(927): App\Controllers\Home->index()
 7 SYSTEMPATH\CodeIgniter.php(482): CodeIgniter\CodeIgniter->runController(Object(App\Controllers\Home))
 8 SYSTEMPATH\CodeIgniter.php(351): CodeIgniter\CodeIgniter->handleRequest(null, Object(Config\Cache), false)
 9 FCPATH\index.php(67): CodeIgniter\CodeIgniter->run()
10 SYSTEMPATH\Commands\Server\rewrite.php(46): require_once('FCPATH\\index.php')
CRITICAL - 2022-11-17 20:59:33 --> Undefined variable $rate
in APPPATH\Views\user\Home.php on line 47.
 1 APPPATH\Views\user\Home.php(47): CodeIgniter\Debug\Exceptions->errorHandler(2, 'Undefined variable $rate', 'APPPATH\\Views\\user\\Home.php', 47)
 2 SYSTEMPATH\View\View.php(213): include('APPPATH\\Views\\user\\Home.php')
 3 SYSTEMPATH\View\View.php(216): CodeIgniter\View\View->CodeIgniter\View\{closure}()
 4 SYSTEMPATH\Common.php(1134): CodeIgniter\View\View->render('user/Home', [], true)
 5 APPPATH\Controllers\Home.php(31): view('user/Home', [...])
 6 SYSTEMPATH\CodeIgniter.php(927): App\Controllers\Home->index()
 7 SYSTEMPATH\CodeIgniter.php(482): CodeIgniter\CodeIgniter->runController(Object(App\Controllers\Home))
 8 SYSTEMPATH\CodeIgniter.php(351): CodeIgniter\CodeIgniter->handleRequest(null, Object(Config\Cache), false)
 9 FCPATH\index.php(67): CodeIgniter\CodeIgniter->run()
10 SYSTEMPATH\Commands\Server\rewrite.php(46): require_once('FCPATH\\index.php')
CRITICAL - 2022-11-17 21:12:40 --> syntax error, unexpected token "if"
in APPPATH\Views\user\Home.php on line 45.
 1 SYSTEMPATH\View\View.php(216): CodeIgniter\View\View->CodeIgniter\View\{closure}()
 2 SYSTEMPATH\Common.php(1134): CodeIgniter\View\View->render('user/Home', [], true)
 3 APPPATH\Controllers\Home.php(31): view('user/Home', [...])
 4 SYSTEMPATH\CodeIgniter.php(927): App\Controllers\Home->index()
 5 SYSTEMPATH\CodeIgniter.php(482): CodeIgniter\CodeIgniter->runController(Object(App\Controllers\Home))
 6 SYSTEMPATH\CodeIgniter.php(351): CodeIgniter\CodeIgniter->handleRequest(null, Object(Config\Cache), false)
 7 FCPATH\index.php(67): CodeIgniter\CodeIgniter->run()
 8 SYSTEMPATH\Commands\Server\rewrite.php(46): require_once('FCPATH\\index.php')
CRITICAL - 2022-11-17 21:36:22 --> Undefined array key "id"
in APPPATH\Views\admin\kategoridetail.php on line 12.
 1 APPPATH\Views\admin\kategoridetail.php(12): CodeIgniter\Debug\Exceptions->errorHandler(2, 'Undefined array key "id"', 'APPPATH\\Views\\admin\\kategoridetail.php', 12)
 2 SYSTEMPATH\View\View.php(213): include('APPPATH\\Views\\admin\\kategoridetail.php')
 3 SYSTEMPATH\View\View.php(216): CodeIgniter\View\View->CodeIgniter\View\{closure}()
 4 SYSTEMPATH\Common.php(1134): CodeIgniter\View\View->render('admin/kategoridetail', [], true)
 5 APPPATH\Controllers\AdminKategori.php(31): view('admin/kategoridetail', [...])
 6 SYSTEMPATH\CodeIgniter.php(927): App\Controllers\AdminKategori->detail('8')
 7 SYSTEMPATH\CodeIgniter.php(482): CodeIgniter\CodeIgniter->runController(Object(App\Controllers\AdminKategori))
 8 SYSTEMPATH\CodeIgniter.php(351): CodeIgniter\CodeIgniter->handleRequest(null, Object(Config\Cache), false)
 9 FCPATH\index.php(67): CodeIgniter\CodeIgniter->run()
10 SYSTEMPATH\Commands\Server\rewrite.php(46): require_once('FCPATH\\index.php')
CRITICAL - 2022-11-17 21:41:36 --> Allowed memory size of 536870912 bytes exhausted (tried to allocate 264257536 bytes)
in APPPATH\Views\user\Home.php on line 56.
 1 [internal function]: CodeIgniter\Debug\Exceptions->shutdownHandler()
CRITICAL - 2022-11-17 21:41:58 --> Allowed memory size of 536870912 bytes exhausted (tried to allocate 264257536 bytes)
in APPPATH\Views\user\Home.php on line 56.
 1 [internal function]: CodeIgniter\Debug\Exceptions->shutdownHandler()
