ERROR - 2022-12-02 00:11:43 --> mysqli_sql_exception: Column 'id_produk' in field list is ambiguous in E:\...KULI AH\Script SI alias skripsi\Aplikasi Tour n Travel\Horizon_collaborative\vendor\codeigniter4\framework\system\Database\MySQLi\Connection.php:292
Stack trace:
#0 E:\...KULI AH\Script SI alias skripsi\Aplikasi Tour n Travel\Horizon_collaborative\vendor\codeigniter4\framework\system\Database\MySQLi\Connection.php(292): mysqli->query('SELECT `id_tran...', 0)
#1 E:\...KULI AH\Script SI alias skripsi\Aplikasi Tour n Travel\Horizon_collaborative\vendor\codeigniter4\framework\system\Database\BaseConnection.php(666): CodeIgniter\Database\MySQLi\Connection->execute('SELECT `id_tran...')
#2 E:\...KULI AH\Script SI alias skripsi\Aplikasi Tour n Travel\Horizon_collaborative\vendor\codeigniter4\framework\system\Database\BaseConnection.php(593): CodeIgniter\Database\BaseConnection->simpleQuery('SELECT `id_tran...')
#3 E:\...KULI AH\Script SI alias skripsi\Aplikasi Tour n Travel\Horizon_collaborative\vendor\codeigniter4\framework\system\Database\BaseBuilder.php(1585): CodeIgniter\Database\BaseConnection->query('SELECT `id_tran...', Array, false)
#4 E:\...KULI AH\Script SI alias skripsi\Aplikasi Tour n Travel\Horizon_collaborative\app\Controllers\AdminTransaksi.php(30): CodeIgniter\Database\BaseBuilder->get()
#5 E:\...KULI AH\Script SI alias skripsi\Aplikasi Tour n Travel\Horizon_collaborative\vendor\codeigniter4\framework\system\CodeIgniter.php(927): App\Controllers\AdminTransaksi->index()
#6 E:\...KULI AH\Script SI alias skripsi\Aplikasi Tour n Travel\Horizon_collaborative\vendor\codeigniter4\framework\system\CodeIgniter.php(482): CodeIgniter\CodeIgniter->runController(Object(App\Controllers\AdminTransaksi))
#7 E:\...KULI AH\Script SI alias skripsi\Aplikasi Tour n Travel\Horizon_collaborative\vendor\codeigniter4\framework\system\CodeIgniter.php(351): CodeIgniter\CodeIgniter->handleRequest(NULL, Object(Config\Cache), false)
#8 E:\...KULI AH\Script SI alias skripsi\Aplikasi Tour n Travel\Horizon_collaborative\public\index.php(67): CodeIgniter\CodeIgniter->run()
#9 E:\...KULI AH\Script SI alias skripsi\Aplikasi Tour n Travel\Horizon_collaborative\vendor\codeigniter4\framework\system\Commands\Server\rewrite.php(46): require_once('E:\\...KULI AH\\S...')
#10 {main}
CRITICAL - 2022-12-02 00:11:43 --> Column 'id_produk' in field list is ambiguous
in SYSTEMPATH\Database\MySQLi\Connection.php on line 292.
 1 SYSTEMPATH\Database\MySQLi\Connection.php(292): mysqli->query('SELECT `id_transaksi`, `id_produk`, `nama_produk`, `name`, `total_biaya`, `tanggal_tour`, `bayar_via`, `status_bayar`, `created_at`
FROM `users`
JOIN `transaksi` ON `users`.`id` = `transaksi`.`id`
JOIN `produk` ON `produk`.`id_produk` = `transaski`.`id_produk`', 0)
 2 SYSTEMPATH\Database\BaseConnection.php(666): CodeIgniter\Database\MySQLi\Connection->execute('SELECT `id_transaksi`, `id_produk`, `nama_produk`, `name`, `total_biaya`, `tanggal_tour`, `bayar_via`, `status_bayar`, `created_at`
FROM `users`
JOIN `transaksi` ON `users`.`id` = `transaksi`.`id`
JOIN `produk` ON `produk`.`id_produk` = `transaski`.`id_produk`')
 3 SYSTEMPATH\Database\BaseConnection.php(593): CodeIgniter\Database\BaseConnection->simpleQuery('SELECT `id_transaksi`, `id_produk`, `nama_produk`, `name`, `total_biaya`, `tanggal_tour`, `bayar_via`, `status_bayar`, `created_at`
FROM `users`
JOIN `transaksi` ON `users`.`id` = `transaksi`.`id`
JOIN `produk` ON `produk`.`id_produk` = `transaski`.`id_produk`')
 4 SYSTEMPATH\Database\BaseBuilder.php(1585): CodeIgniter\Database\BaseConnection->query('SELECT `id_transaksi`, `id_produk`, `nama_produk`, `name`, `total_biaya`, `tanggal_tour`, `bayar_via`, `status_bayar`, `created_at`
FROM `users`
JOIN `transaksi` ON `users`.`id` = `transaksi`.`id`
JOIN `produk` ON `produk`.`id_produk` = `transaski`.`id_produk`', [], false)
 5 APPPATH\Controllers\AdminTransaksi.php(30): CodeIgniter\Database\BaseBuilder->get()
 6 SYSTEMPATH\CodeIgniter.php(927): App\Controllers\AdminTransaksi->index()
 7 SYSTEMPATH\CodeIgniter.php(482): CodeIgniter\CodeIgniter->runController(Object(App\Controllers\AdminTransaksi))
 8 SYSTEMPATH\CodeIgniter.php(351): CodeIgniter\CodeIgniter->handleRequest(null, Object(Config\Cache), false)
 9 FCPATH\index.php(67): CodeIgniter\CodeIgniter->run()
10 SYSTEMPATH\Commands\Server\rewrite.php(46): require_once('FCPATH\\index.php')
ERROR - 2022-12-02 00:12:06 --> mysqli_sql_exception: Column 'id_produk' in field list is ambiguous in E:\...KULI AH\Script SI alias skripsi\Aplikasi Tour n Travel\Horizon_collaborative\vendor\codeigniter4\framework\system\Database\MySQLi\Connection.php:292
Stack trace:
#0 E:\...KULI AH\Script SI alias skripsi\Aplikasi Tour n Travel\Horizon_collaborative\vendor\codeigniter4\framework\system\Database\MySQLi\Connection.php(292): mysqli->query('SELECT `id_tran...', 0)
#1 E:\...KULI AH\Script SI alias skripsi\Aplikasi Tour n Travel\Horizon_collaborative\vendor\codeigniter4\framework\system\Database\BaseConnection.php(666): CodeIgniter\Database\MySQLi\Connection->execute('SELECT `id_tran...')
#2 E:\...KULI AH\Script SI alias skripsi\Aplikasi Tour n Travel\Horizon_collaborative\vendor\codeigniter4\framework\system\Database\BaseConnection.php(593): CodeIgniter\Database\BaseConnection->simpleQuery('SELECT `id_tran...')
#3 E:\...KULI AH\Script SI alias skripsi\Aplikasi Tour n Travel\Horizon_collaborative\vendor\codeigniter4\framework\system\Database\BaseBuilder.php(1585): CodeIgniter\Database\BaseConnection->query('SELECT `id_tran...', Array, false)
#4 E:\...KULI AH\Script SI alias skripsi\Aplikasi Tour n Travel\Horizon_collaborative\app\Controllers\AdminTransaksi.php(30): CodeIgniter\Database\BaseBuilder->get()
#5 E:\...KULI AH\Script SI alias skripsi\Aplikasi Tour n Travel\Horizon_collaborative\vendor\codeigniter4\framework\system\CodeIgniter.php(927): App\Controllers\AdminTransaksi->index()
#6 E:\...KULI AH\Script SI alias skripsi\Aplikasi Tour n Travel\Horizon_collaborative\vendor\codeigniter4\framework\system\CodeIgniter.php(482): CodeIgniter\CodeIgniter->runController(Object(App\Controllers\AdminTransaksi))
#7 E:\...KULI AH\Script SI alias skripsi\Aplikasi Tour n Travel\Horizon_collaborative\vendor\codeigniter4\framework\system\CodeIgniter.php(351): CodeIgniter\CodeIgniter->handleRequest(NULL, Object(Config\Cache), false)
#8 E:\...KULI AH\Script SI alias skripsi\Aplikasi Tour n Travel\Horizon_collaborative\public\index.php(67): CodeIgniter\CodeIgniter->run()
#9 E:\...KULI AH\Script SI alias skripsi\Aplikasi Tour n Travel\Horizon_collaborative\vendor\codeigniter4\framework\system\Commands\Server\rewrite.php(46): require_once('E:\\...KULI AH\\S...')
#10 {main}
CRITICAL - 2022-12-02 00:12:06 --> Column 'id_produk' in field list is ambiguous
in SYSTEMPATH\Database\MySQLi\Connection.php on line 292.
 1 SYSTEMPATH\Database\MySQLi\Connection.php(292): mysqli->query('SELECT `id_transaksi`, `id_produk`, `nama_produk`, `name`, `total_biaya`, `tanggal_tour`, `bayar_via`, `status_bayar`, `created_at`
FROM `users`
JOIN `transaksi` ON `users`.`id` = `transaksi`.`id`
JOIN `produk` ON `produk`.`id_produk` = `transaksi`.`id_produk`', 0)
 2 SYSTEMPATH\Database\BaseConnection.php(666): CodeIgniter\Database\MySQLi\Connection->execute('SELECT `id_transaksi`, `id_produk`, `nama_produk`, `name`, `total_biaya`, `tanggal_tour`, `bayar_via`, `status_bayar`, `created_at`
FROM `users`
JOIN `transaksi` ON `users`.`id` = `transaksi`.`id`
JOIN `produk` ON `produk`.`id_produk` = `transaksi`.`id_produk`')
 3 SYSTEMPATH\Database\BaseConnection.php(593): CodeIgniter\Database\BaseConnection->simpleQuery('SELECT `id_transaksi`, `id_produk`, `nama_produk`, `name`, `total_biaya`, `tanggal_tour`, `bayar_via`, `status_bayar`, `created_at`
FROM `users`
JOIN `transaksi` ON `users`.`id` = `transaksi`.`id`
JOIN `produk` ON `produk`.`id_produk` = `transaksi`.`id_produk`')
 4 SYSTEMPATH\Database\BaseBuilder.php(1585): CodeIgniter\Database\BaseConnection->query('SELECT `id_transaksi`, `id_produk`, `nama_produk`, `name`, `total_biaya`, `tanggal_tour`, `bayar_via`, `status_bayar`, `created_at`
FROM `users`
JOIN `transaksi` ON `users`.`id` = `transaksi`.`id`
JOIN `produk` ON `produk`.`id_produk` = `transaksi`.`id_produk`', [], false)
 5 APPPATH\Controllers\AdminTransaksi.php(30): CodeIgniter\Database\BaseBuilder->get()
 6 SYSTEMPATH\CodeIgniter.php(927): App\Controllers\AdminTransaksi->index()
 7 SYSTEMPATH\CodeIgniter.php(482): CodeIgniter\CodeIgniter->runController(Object(App\Controllers\AdminTransaksi))
 8 SYSTEMPATH\CodeIgniter.php(351): CodeIgniter\CodeIgniter->handleRequest(null, Object(Config\Cache), false)
 9 FCPATH\index.php(67): CodeIgniter\CodeIgniter->run()
10 SYSTEMPATH\Commands\Server\rewrite.php(46): require_once('FCPATH\\index.php')
ERROR - 2022-12-02 00:12:58 --> mysqli_sql_exception: Unknown column 'name' in 'field list' in E:\...KULI AH\Script SI alias skripsi\Aplikasi Tour n Travel\Horizon_collaborative\vendor\codeigniter4\framework\system\Database\MySQLi\Connection.php:292
Stack trace:
#0 E:\...KULI AH\Script SI alias skripsi\Aplikasi Tour n Travel\Horizon_collaborative\vendor\codeigniter4\framework\system\Database\MySQLi\Connection.php(292): mysqli->query('SELECT `id_tran...', 0)
#1 E:\...KULI AH\Script SI alias skripsi\Aplikasi Tour n Travel\Horizon_collaborative\vendor\codeigniter4\framework\system\Database\BaseConnection.php(666): CodeIgniter\Database\MySQLi\Connection->execute('SELECT `id_tran...')
#2 E:\...KULI AH\Script SI alias skripsi\Aplikasi Tour n Travel\Horizon_collaborative\vendor\codeigniter4\framework\system\Database\BaseConnection.php(593): CodeIgniter\Database\BaseConnection->simpleQuery('SELECT `id_tran...')
#3 E:\...KULI AH\Script SI alias skripsi\Aplikasi Tour n Travel\Horizon_collaborative\vendor\codeigniter4\framework\system\Database\BaseBuilder.php(1585): CodeIgniter\Database\BaseConnection->query('SELECT `id_tran...', Array, false)
#4 E:\...KULI AH\Script SI alias skripsi\Aplikasi Tour n Travel\Horizon_collaborative\app\Controllers\AdminTransaksi.php(30): CodeIgniter\Database\BaseBuilder->get()
#5 E:\...KULI AH\Script SI alias skripsi\Aplikasi Tour n Travel\Horizon_collaborative\vendor\codeigniter4\framework\system\CodeIgniter.php(927): App\Controllers\AdminTransaksi->index()
#6 E:\...KULI AH\Script SI alias skripsi\Aplikasi Tour n Travel\Horizon_collaborative\vendor\codeigniter4\framework\system\CodeIgniter.php(482): CodeIgniter\CodeIgniter->runController(Object(App\Controllers\AdminTransaksi))
#7 E:\...KULI AH\Script SI alias skripsi\Aplikasi Tour n Travel\Horizon_collaborative\vendor\codeigniter4\framework\system\CodeIgniter.php(351): CodeIgniter\CodeIgniter->handleRequest(NULL, Object(Config\Cache), false)
#8 E:\...KULI AH\Script SI alias skripsi\Aplikasi Tour n Travel\Horizon_collaborative\public\index.php(67): CodeIgniter\CodeIgniter->run()
#9 E:\...KULI AH\Script SI alias skripsi\Aplikasi Tour n Travel\Horizon_collaborative\vendor\codeigniter4\framework\system\Commands\Server\rewrite.php(46): require_once('E:\\...KULI AH\\S...')
#10 {main}
CRITICAL - 2022-12-02 00:12:58 --> Unknown column 'name' in 'field list'
in SYSTEMPATH\Database\MySQLi\Connection.php on line 292.
 1 SYSTEMPATH\Database\MySQLi\Connection.php(292): mysqli->query('SELECT `id_transaksi`, `produk`.`id_produk` as `idproduk`, `produk`.`nama_produk` as `namaproduk`, `name`, `total_biaya`, `tanggal_tour`, `bayar_via`, `status_bayar`, `created_at`
FROM `users`
JOIN `transaksi` ON `users`.`id` = `transaksi`.`id`
JOIN `produk` ON `produk`.`id_produk` = `transaksi`.`id_produk`', 0)
 2 SYSTEMPATH\Database\BaseConnection.php(666): CodeIgniter\Database\MySQLi\Connection->execute('SELECT `id_transaksi`, `produk`.`id_produk` as `idproduk`, `produk`.`nama_produk` as `namaproduk`, `name`, `total_biaya`, `tanggal_tour`, `bayar_via`, `status_bayar`, `created_at`
FROM `users`
JOIN `transaksi` ON `users`.`id` = `transaksi`.`id`
JOIN `produk` ON `produk`.`id_produk` = `transaksi`.`id_produk`')
 3 SYSTEMPATH\Database\BaseConnection.php(593): CodeIgniter\Database\BaseConnection->simpleQuery('SELECT `id_transaksi`, `produk`.`id_produk` as `idproduk`, `produk`.`nama_produk` as `namaproduk`, `name`, `total_biaya`, `tanggal_tour`, `bayar_via`, `status_bayar`, `created_at`
FROM `users`
JOIN `transaksi` ON `users`.`id` = `transaksi`.`id`
JOIN `produk` ON `produk`.`id_produk` = `transaksi`.`id_produk`')
 4 SYSTEMPATH\Database\BaseBuilder.php(1585): CodeIgniter\Database\BaseConnection->query('SELECT `id_transaksi`, `produk`.`id_produk` as `idproduk`, `produk`.`nama_produk` as `namaproduk`, `name`, `total_biaya`, `tanggal_tour`, `bayar_via`, `status_bayar`, `created_at`
FROM `users`
JOIN `transaksi` ON `users`.`id` = `transaksi`.`id`
JOIN `produk` ON `produk`.`id_produk` = `transaksi`.`id_produk`', [], false)
 5 APPPATH\Controllers\AdminTransaksi.php(30): CodeIgniter\Database\BaseBuilder->get()
 6 SYSTEMPATH\CodeIgniter.php(927): App\Controllers\AdminTransaksi->index()
 7 SYSTEMPATH\CodeIgniter.php(482): CodeIgniter\CodeIgniter->runController(Object(App\Controllers\AdminTransaksi))
 8 SYSTEMPATH\CodeIgniter.php(351): CodeIgniter\CodeIgniter->handleRequest(null, Object(Config\Cache), false)
 9 FCPATH\index.php(67): CodeIgniter\CodeIgniter->run()
10 SYSTEMPATH\Commands\Server\rewrite.php(46): require_once('FCPATH\\index.php')
ERROR - 2022-12-02 00:13:20 --> mysqli_sql_exception: Column 'created_at' in field list is ambiguous in E:\...KULI AH\Script SI alias skripsi\Aplikasi Tour n Travel\Horizon_collaborative\vendor\codeigniter4\framework\system\Database\MySQLi\Connection.php:292
Stack trace:
#0 E:\...KULI AH\Script SI alias skripsi\Aplikasi Tour n Travel\Horizon_collaborative\vendor\codeigniter4\framework\system\Database\MySQLi\Connection.php(292): mysqli->query('SELECT `id_tran...', 0)
#1 E:\...KULI AH\Script SI alias skripsi\Aplikasi Tour n Travel\Horizon_collaborative\vendor\codeigniter4\framework\system\Database\BaseConnection.php(666): CodeIgniter\Database\MySQLi\Connection->execute('SELECT `id_tran...')
#2 E:\...KULI AH\Script SI alias skripsi\Aplikasi Tour n Travel\Horizon_collaborative\vendor\codeigniter4\framework\system\Database\BaseConnection.php(593): CodeIgniter\Database\BaseConnection->simpleQuery('SELECT `id_tran...')
#3 E:\...KULI AH\Script SI alias skripsi\Aplikasi Tour n Travel\Horizon_collaborative\vendor\codeigniter4\framework\system\Database\BaseBuilder.php(1585): CodeIgniter\Database\BaseConnection->query('SELECT `id_tran...', Array, false)
#4 E:\...KULI AH\Script SI alias skripsi\Aplikasi Tour n Travel\Horizon_collaborative\app\Controllers\AdminTransaksi.php(30): CodeIgniter\Database\BaseBuilder->get()
#5 E:\...KULI AH\Script SI alias skripsi\Aplikasi Tour n Travel\Horizon_collaborative\vendor\codeigniter4\framework\system\CodeIgniter.php(927): App\Controllers\AdminTransaksi->index()
#6 E:\...KULI AH\Script SI alias skripsi\Aplikasi Tour n Travel\Horizon_collaborative\vendor\codeigniter4\framework\system\CodeIgniter.php(482): CodeIgniter\CodeIgniter->runController(Object(App\Controllers\AdminTransaksi))
#7 E:\...KULI AH\Script SI alias skripsi\Aplikasi Tour n Travel\Horizon_collaborative\vendor\codeigniter4\framework\system\CodeIgniter.php(351): CodeIgniter\CodeIgniter->handleRequest(NULL, Object(Config\Cache), false)
#8 E:\...KULI AH\Script SI alias skripsi\Aplikasi Tour n Travel\Horizon_collaborative\public\index.php(67): CodeIgniter\CodeIgniter->run()
#9 E:\...KULI AH\Script SI alias skripsi\Aplikasi Tour n Travel\Horizon_collaborative\vendor\codeigniter4\framework\system\Commands\Server\rewrite.php(46): require_once('E:\\...KULI AH\\S...')
#10 {main}
CRITICAL - 2022-12-02 00:13:20 --> Column 'created_at' in field list is ambiguous
in SYSTEMPATH\Database\MySQLi\Connection.php on line 292.
 1 SYSTEMPATH\Database\MySQLi\Connection.php(292): mysqli->query('SELECT `id_transaksi`, `produk`.`id_produk` as `idproduk`, `produk`.`nama_produk` as `namaproduk`, `fullname`, `total_biaya`, `tanggal_tour`, `bayar_via`, `status_bayar`, `created_at`
FROM `users`
JOIN `transaksi` ON `users`.`id` = `transaksi`.`id`
JOIN `produk` ON `produk`.`id_produk` = `transaksi`.`id_produk`', 0)
 2 SYSTEMPATH\Database\BaseConnection.php(666): CodeIgniter\Database\MySQLi\Connection->execute('SELECT `id_transaksi`, `produk`.`id_produk` as `idproduk`, `produk`.`nama_produk` as `namaproduk`, `fullname`, `total_biaya`, `tanggal_tour`, `bayar_via`, `status_bayar`, `created_at`
FROM `users`
JOIN `transaksi` ON `users`.`id` = `transaksi`.`id`
JOIN `produk` ON `produk`.`id_produk` = `transaksi`.`id_produk`')
 3 SYSTEMPATH\Database\BaseConnection.php(593): CodeIgniter\Database\BaseConnection->simpleQuery('SELECT `id_transaksi`, `produk`.`id_produk` as `idproduk`, `produk`.`nama_produk` as `namaproduk`, `fullname`, `total_biaya`, `tanggal_tour`, `bayar_via`, `status_bayar`, `created_at`
FROM `users`
JOIN `transaksi` ON `users`.`id` = `transaksi`.`id`
JOIN `produk` ON `produk`.`id_produk` = `transaksi`.`id_produk`')
 4 SYSTEMPATH\Database\BaseBuilder.php(1585): CodeIgniter\Database\BaseConnection->query('SELECT `id_transaksi`, `produk`.`id_produk` as `idproduk`, `produk`.`nama_produk` as `namaproduk`, `fullname`, `total_biaya`, `tanggal_tour`, `bayar_via`, `status_bayar`, `created_at`
FROM `users`
JOIN `transaksi` ON `users`.`id` = `transaksi`.`id`
JOIN `produk` ON `produk`.`id_produk` = `transaksi`.`id_produk`', [], false)
 5 APPPATH\Controllers\AdminTransaksi.php(30): CodeIgniter\Database\BaseBuilder->get()
 6 SYSTEMPATH\CodeIgniter.php(927): App\Controllers\AdminTransaksi->index()
 7 SYSTEMPATH\CodeIgniter.php(482): CodeIgniter\CodeIgniter->runController(Object(App\Controllers\AdminTransaksi))
 8 SYSTEMPATH\CodeIgniter.php(351): CodeIgniter\CodeIgniter->handleRequest(null, Object(Config\Cache), false)
 9 FCPATH\index.php(67): CodeIgniter\CodeIgniter->run()
10 SYSTEMPATH\Commands\Server\rewrite.php(46): require_once('FCPATH\\index.php')
CRITICAL - 2022-12-02 00:13:32 --> Cannot use object of type stdClass as array
in APPPATH\Views\admin\transaksi.php on line 38.
 1 SYSTEMPATH\View\View.php(213): include()
 2 SYSTEMPATH\View\View.php(216): CodeIgniter\View\View->CodeIgniter\View\{closure}()
 3 SYSTEMPATH\Common.php(1134): CodeIgniter\View\View->render('admin/transaksi', [], true)
 4 APPPATH\Controllers\AdminTransaksi.php(37): view('admin/transaksi', [...])
 5 SYSTEMPATH\CodeIgniter.php(927): App\Controllers\AdminTransaksi->index()
 6 SYSTEMPATH\CodeIgniter.php(482): CodeIgniter\CodeIgniter->runController(Object(App\Controllers\AdminTransaksi))
 7 SYSTEMPATH\CodeIgniter.php(351): CodeIgniter\CodeIgniter->handleRequest(null, Object(Config\Cache), false)
 8 FCPATH\index.php(67): CodeIgniter\CodeIgniter->run()
 9 SYSTEMPATH\Commands\Server\rewrite.php(46): require_once('FCPATH\\index.php')
CRITICAL - 2022-12-02 00:13:49 --> Cannot use object of type stdClass as array
in APPPATH\Views\admin\transaksi.php on line 38.
 1 SYSTEMPATH\View\View.php(213): include()
 2 SYSTEMPATH\View\View.php(216): CodeIgniter\View\View->CodeIgniter\View\{closure}()
 3 SYSTEMPATH\Common.php(1134): CodeIgniter\View\View->render('admin/transaksi', [], true)
 4 APPPATH\Controllers\AdminTransaksi.php(37): view('admin/transaksi', [...])
 5 SYSTEMPATH\CodeIgniter.php(927): App\Controllers\AdminTransaksi->index()
 6 SYSTEMPATH\CodeIgniter.php(482): CodeIgniter\CodeIgniter->runController(Object(App\Controllers\AdminTransaksi))
 7 SYSTEMPATH\CodeIgniter.php(351): CodeIgniter\CodeIgniter->handleRequest(null, Object(Config\Cache), false)
 8 FCPATH\index.php(67): CodeIgniter\CodeIgniter->run()
 9 SYSTEMPATH\Commands\Server\rewrite.php(46): require_once('FCPATH\\index.php')
CRITICAL - 2022-12-02 00:13:55 --> Cannot use object of type stdClass as array
in APPPATH\Views\admin\transaksi.php on line 38.
 1 SYSTEMPATH\View\View.php(213): include()
 2 SYSTEMPATH\View\View.php(216): CodeIgniter\View\View->CodeIgniter\View\{closure}()
 3 SYSTEMPATH\Common.php(1134): CodeIgniter\View\View->render('admin/transaksi', [], true)
 4 APPPATH\Controllers\AdminTransaksi.php(37): view('admin/transaksi', [...])
 5 SYSTEMPATH\CodeIgniter.php(927): App\Controllers\AdminTransaksi->index()
 6 SYSTEMPATH\CodeIgniter.php(482): CodeIgniter\CodeIgniter->runController(Object(App\Controllers\AdminTransaksi))
 7 SYSTEMPATH\CodeIgniter.php(351): CodeIgniter\CodeIgniter->handleRequest(null, Object(Config\Cache), false)
 8 FCPATH\index.php(67): CodeIgniter\CodeIgniter->run()
 9 SYSTEMPATH\Commands\Server\rewrite.php(46): require_once('FCPATH\\index.php')
CRITICAL - 2022-12-02 00:14:08 --> Cannot use object of type stdClass as array
in APPPATH\Views\admin\transaksi.php on line 38.
 1 SYSTEMPATH\View\View.php(213): include()
 2 SYSTEMPATH\View\View.php(216): CodeIgniter\View\View->CodeIgniter\View\{closure}()
 3 SYSTEMPATH\Common.php(1134): CodeIgniter\View\View->render('admin/transaksi', [], true)
 4 APPPATH\Controllers\AdminTransaksi.php(37): view('admin/transaksi', [...])
 5 SYSTEMPATH\CodeIgniter.php(927): App\Controllers\AdminTransaksi->index()
 6 SYSTEMPATH\CodeIgniter.php(482): CodeIgniter\CodeIgniter->runController(Object(App\Controllers\AdminTransaksi))
 7 SYSTEMPATH\CodeIgniter.php(351): CodeIgniter\CodeIgniter->handleRequest(null, Object(Config\Cache), false)
 8 FCPATH\index.php(67): CodeIgniter\CodeIgniter->run()
 9 SYSTEMPATH\Commands\Server\rewrite.php(46): require_once('FCPATH\\index.php')
CRITICAL - 2022-12-02 00:14:51 --> Cannot use object of type stdClass as array
in APPPATH\Views\admin\transaksi.php on line 39.
 1 SYSTEMPATH\View\View.php(213): include()
 2 SYSTEMPATH\View\View.php(216): CodeIgniter\View\View->CodeIgniter\View\{closure}()
 3 SYSTEMPATH\Common.php(1134): CodeIgniter\View\View->render('admin/transaksi', [], true)
 4 APPPATH\Controllers\AdminTransaksi.php(37): view('admin/transaksi', [...])
 5 SYSTEMPATH\CodeIgniter.php(927): App\Controllers\AdminTransaksi->index()
 6 SYSTEMPATH\CodeIgniter.php(482): CodeIgniter\CodeIgniter->runController(Object(App\Controllers\AdminTransaksi))
 7 SYSTEMPATH\CodeIgniter.php(351): CodeIgniter\CodeIgniter->handleRequest(null, Object(Config\Cache), false)
 8 FCPATH\index.php(67): CodeIgniter\CodeIgniter->run()
 9 SYSTEMPATH\Commands\Server\rewrite.php(46): require_once('FCPATH\\index.php')
CRITICAL - 2022-12-02 00:15:05 --> Undefined array key "nama_produk"
in APPPATH\Views\admin\transaksi.php on line 39.
 1 APPPATH\Views\admin\transaksi.php(39): CodeIgniter\Debug\Exceptions->errorHandler(2, 'Undefined array key "nama_produk"', 'APPPATH\\Views\\admin\\transaksi.php', 39)
 2 SYSTEMPATH\View\View.php(213): include('APPPATH\\Views\\admin\\transaksi.php')
 3 SYSTEMPATH\View\View.php(216): CodeIgniter\View\View->CodeIgniter\View\{closure}()
 4 SYSTEMPATH\Common.php(1134): CodeIgniter\View\View->render('admin/transaksi', [], true)
 5 APPPATH\Controllers\AdminTransaksi.php(37): view('admin/transaksi', [...])
 6 SYSTEMPATH\CodeIgniter.php(927): App\Controllers\AdminTransaksi->index()
 7 SYSTEMPATH\CodeIgniter.php(482): CodeIgniter\CodeIgniter->runController(Object(App\Controllers\AdminTransaksi))
 8 SYSTEMPATH\CodeIgniter.php(351): CodeIgniter\CodeIgniter->handleRequest(null, Object(Config\Cache), false)
 9 FCPATH\index.php(67): CodeIgniter\CodeIgniter->run()
10 SYSTEMPATH\Commands\Server\rewrite.php(46): require_once('FCPATH\\index.php')
ERROR - 2022-12-02 00:36:25 --> mysqli_sql_exception: Unknown column 'harga*item' in 'field list' in E:\...KULI AH\Script SI alias skripsi\Aplikasi Tour n Travel\Horizon_collaborative\vendor\codeigniter4\framework\system\Database\MySQLi\Connection.php:292
Stack trace:
#0 E:\...KULI AH\Script SI alias skripsi\Aplikasi Tour n Travel\Horizon_collaborative\vendor\codeigniter4\framework\system\Database\MySQLi\Connection.php(292): mysqli->query('SELECT `id_tran...', 0)
#1 E:\...KULI AH\Script SI alias skripsi\Aplikasi Tour n Travel\Horizon_collaborative\vendor\codeigniter4\framework\system\Database\BaseConnection.php(666): CodeIgniter\Database\MySQLi\Connection->execute('SELECT `id_tran...')
#2 E:\...KULI AH\Script SI alias skripsi\Aplikasi Tour n Travel\Horizon_collaborative\vendor\codeigniter4\framework\system\Database\BaseConnection.php(593): CodeIgniter\Database\BaseConnection->simpleQuery('SELECT `id_tran...')
#3 E:\...KULI AH\Script SI alias skripsi\Aplikasi Tour n Travel\Horizon_collaborative\vendor\codeigniter4\framework\system\Database\BaseBuilder.php(1585): CodeIgniter\Database\BaseConnection->query('SELECT `id_tran...', Array, false)
#4 E:\...KULI AH\Script SI alias skripsi\Aplikasi Tour n Travel\Horizon_collaborative\app\Controllers\AdminTransaksi.php(33): CodeIgniter\Database\BaseBuilder->get()
#5 E:\...KULI AH\Script SI alias skripsi\Aplikasi Tour n Travel\Horizon_collaborative\vendor\codeigniter4\framework\system\CodeIgniter.php(927): App\Controllers\AdminTransaksi->index()
#6 E:\...KULI AH\Script SI alias skripsi\Aplikasi Tour n Travel\Horizon_collaborative\vendor\codeigniter4\framework\system\CodeIgniter.php(482): CodeIgniter\CodeIgniter->runController(Object(App\Controllers\AdminTransaksi))
#7 E:\...KULI AH\Script SI alias skripsi\Aplikasi Tour n Travel\Horizon_collaborative\vendor\codeigniter4\framework\system\CodeIgniter.php(351): CodeIgniter\CodeIgniter->handleRequest(NULL, Object(Config\Cache), false)
#8 E:\...KULI AH\Script SI alias skripsi\Aplikasi Tour n Travel\Horizon_collaborative\public\index.php(67): CodeIgniter\CodeIgniter->run()
#9 E:\...KULI AH\Script SI alias skripsi\Aplikasi Tour n Travel\Horizon_collaborative\vendor\codeigniter4\framework\system\Commands\Server\rewrite.php(46): require_once('E:\\...KULI AH\\S...')
#10 {main}
CRITICAL - 2022-12-02 00:36:25 --> Unknown column 'harga*item' in 'field list'
in SYSTEMPATH\Database\MySQLi\Connection.php on line 292.
 1 SYSTEMPATH\Database\MySQLi\Connection.php(292): mysqli->query('SELECT `id_transaksi`, `produk`.`id_produk` as `idproduk`, `produk`.`nama_produk` as `namaproduk`, `harga`, `item`, `harga*item` as `total_biaya`, `fullname`, `total_biaya`, `tanggal_tour`, `bayar_via`, `status_bayar`, `transaksi`.`created_at` as `created`
FROM `users`
JOIN `transaksi` ON `users`.`id` = `transaksi`.`id`
JOIN `produk` ON `produk`.`id_produk` = `transaksi`.`id_produk`', 0)
 2 SYSTEMPATH\Database\BaseConnection.php(666): CodeIgniter\Database\MySQLi\Connection->execute('SELECT `id_transaksi`, `produk`.`id_produk` as `idproduk`, `produk`.`nama_produk` as `namaproduk`, `harga`, `item`, `harga*item` as `total_biaya`, `fullname`, `total_biaya`, `tanggal_tour`, `bayar_via`, `status_bayar`, `transaksi`.`created_at` as `created`
FROM `users`
JOIN `transaksi` ON `users`.`id` = `transaksi`.`id`
JOIN `produk` ON `produk`.`id_produk` = `transaksi`.`id_produk`')
 3 SYSTEMPATH\Database\BaseConnection.php(593): CodeIgniter\Database\BaseConnection->simpleQuery('SELECT `id_transaksi`, `produk`.`id_produk` as `idproduk`, `produk`.`nama_produk` as `namaproduk`, `harga`, `item`, `harga*item` as `total_biaya`, `fullname`, `total_biaya`, `tanggal_tour`, `bayar_via`, `status_bayar`, `transaksi`.`created_at` as `created`
FROM `users`
JOIN `transaksi` ON `users`.`id` = `transaksi`.`id`
JOIN `produk` ON `produk`.`id_produk` = `transaksi`.`id_produk`')
 4 SYSTEMPATH\Database\BaseBuilder.php(1585): CodeIgniter\Database\BaseConnection->query('SELECT `id_transaksi`, `produk`.`id_produk` as `idproduk`, `produk`.`nama_produk` as `namaproduk`, `harga`, `item`, `harga*item` as `total_biaya`, `fullname`, `total_biaya`, `tanggal_tour`, `bayar_via`, `status_bayar`, `transaksi`.`created_at` as `created`
FROM `users`
JOIN `transaksi` ON `users`.`id` = `transaksi`.`id`
JOIN `produk` ON `produk`.`id_produk` = `transaksi`.`id_produk`', [], false)
 5 APPPATH\Controllers\AdminTransaksi.php(33): CodeIgniter\Database\BaseBuilder->get()
 6 SYSTEMPATH\CodeIgniter.php(927): App\Controllers\AdminTransaksi->index()
 7 SYSTEMPATH\CodeIgniter.php(482): CodeIgniter\CodeIgniter->runController(Object(App\Controllers\AdminTransaksi))
 8 SYSTEMPATH\CodeIgniter.php(351): CodeIgniter\CodeIgniter->handleRequest(null, Object(Config\Cache), false)
 9 FCPATH\index.php(67): CodeIgniter\CodeIgniter->run()
10 SYSTEMPATH\Commands\Server\rewrite.php(46): require_once('FCPATH\\index.php')
ERROR - 2022-12-02 00:36:37 --> mysqli_sql_exception: Unknown column 'harga * item' in 'field list' in E:\...KULI AH\Script SI alias skripsi\Aplikasi Tour n Travel\Horizon_collaborative\vendor\codeigniter4\framework\system\Database\MySQLi\Connection.php:292
Stack trace:
#0 E:\...KULI AH\Script SI alias skripsi\Aplikasi Tour n Travel\Horizon_collaborative\vendor\codeigniter4\framework\system\Database\MySQLi\Connection.php(292): mysqli->query('SELECT `id_tran...', 0)
#1 E:\...KULI AH\Script SI alias skripsi\Aplikasi Tour n Travel\Horizon_collaborative\vendor\codeigniter4\framework\system\Database\BaseConnection.php(666): CodeIgniter\Database\MySQLi\Connection->execute('SELECT `id_tran...')
#2 E:\...KULI AH\Script SI alias skripsi\Aplikasi Tour n Travel\Horizon_collaborative\vendor\codeigniter4\framework\system\Database\BaseConnection.php(593): CodeIgniter\Database\BaseConnection->simpleQuery('SELECT `id_tran...')
#3 E:\...KULI AH\Script SI alias skripsi\Aplikasi Tour n Travel\Horizon_collaborative\vendor\codeigniter4\framework\system\Database\BaseBuilder.php(1585): CodeIgniter\Database\BaseConnection->query('SELECT `id_tran...', Array, false)
#4 E:\...KULI AH\Script SI alias skripsi\Aplikasi Tour n Travel\Horizon_collaborative\app\Controllers\AdminTransaksi.php(33): CodeIgniter\Database\BaseBuilder->get()
#5 E:\...KULI AH\Script SI alias skripsi\Aplikasi Tour n Travel\Horizon_collaborative\vendor\codeigniter4\framework\system\CodeIgniter.php(927): App\Controllers\AdminTransaksi->index()
#6 E:\...KULI AH\Script SI alias skripsi\Aplikasi Tour n Travel\Horizon_collaborative\vendor\codeigniter4\framework\system\CodeIgniter.php(482): CodeIgniter\CodeIgniter->runController(Object(App\Controllers\AdminTransaksi))
#7 E:\...KULI AH\Script SI alias skripsi\Aplikasi Tour n Travel\Horizon_collaborative\vendor\codeigniter4\framework\system\CodeIgniter.php(351): CodeIgniter\CodeIgniter->handleRequest(NULL, Object(Config\Cache), false)
#8 E:\...KULI AH\Script SI alias skripsi\Aplikasi Tour n Travel\Horizon_collaborative\public\index.php(67): CodeIgniter\CodeIgniter->run()
#9 E:\...KULI AH\Script SI alias skripsi\Aplikasi Tour n Travel\Horizon_collaborative\vendor\codeigniter4\framework\system\Commands\Server\rewrite.php(46): require_once('E:\\...KULI AH\\S...')
#10 {main}
CRITICAL - 2022-12-02 00:36:37 --> Unknown column 'harga * item' in 'field list'
in SYSTEMPATH\Database\MySQLi\Connection.php on line 292.
 1 SYSTEMPATH\Database\MySQLi\Connection.php(292): mysqli->query('SELECT `id_transaksi`, `produk`.`id_produk` as `idproduk`, `produk`.`nama_produk` as `namaproduk`, `harga`, `item`, `harga * item` as `total_biaya`, `fullname`, `total_biaya`, `tanggal_tour`, `bayar_via`, `status_bayar`, `transaksi`.`created_at` as `created`
FROM `users`
JOIN `transaksi` ON `users`.`id` = `transaksi`.`id`
JOIN `produk` ON `produk`.`id_produk` = `transaksi`.`id_produk`', 0)
 2 SYSTEMPATH\Database\BaseConnection.php(666): CodeIgniter\Database\MySQLi\Connection->execute('SELECT `id_transaksi`, `produk`.`id_produk` as `idproduk`, `produk`.`nama_produk` as `namaproduk`, `harga`, `item`, `harga * item` as `total_biaya`, `fullname`, `total_biaya`, `tanggal_tour`, `bayar_via`, `status_bayar`, `transaksi`.`created_at` as `created`
FROM `users`
JOIN `transaksi` ON `users`.`id` = `transaksi`.`id`
JOIN `produk` ON `produk`.`id_produk` = `transaksi`.`id_produk`')
 3 SYSTEMPATH\Database\BaseConnection.php(593): CodeIgniter\Database\BaseConnection->simpleQuery('SELECT `id_transaksi`, `produk`.`id_produk` as `idproduk`, `produk`.`nama_produk` as `namaproduk`, `harga`, `item`, `harga * item` as `total_biaya`, `fullname`, `total_biaya`, `tanggal_tour`, `bayar_via`, `status_bayar`, `transaksi`.`created_at` as `created`
FROM `users`
JOIN `transaksi` ON `users`.`id` = `transaksi`.`id`
JOIN `produk` ON `produk`.`id_produk` = `transaksi`.`id_produk`')
 4 SYSTEMPATH\Database\BaseBuilder.php(1585): CodeIgniter\Database\BaseConnection->query('SELECT `id_transaksi`, `produk`.`id_produk` as `idproduk`, `produk`.`nama_produk` as `namaproduk`, `harga`, `item`, `harga * item` as `total_biaya`, `fullname`, `total_biaya`, `tanggal_tour`, `bayar_via`, `status_bayar`, `transaksi`.`created_at` as `created`
FROM `users`
JOIN `transaksi` ON `users`.`id` = `transaksi`.`id`
JOIN `produk` ON `produk`.`id_produk` = `transaksi`.`id_produk`', [], false)
 5 APPPATH\Controllers\AdminTransaksi.php(33): CodeIgniter\Database\BaseBuilder->get()
 6 SYSTEMPATH\CodeIgniter.php(927): App\Controllers\AdminTransaksi->index()
 7 SYSTEMPATH\CodeIgniter.php(482): CodeIgniter\CodeIgniter->runController(Object(App\Controllers\AdminTransaksi))
 8 SYSTEMPATH\CodeIgniter.php(351): CodeIgniter\CodeIgniter->handleRequest(null, Object(Config\Cache), false)
 9 FCPATH\index.php(67): CodeIgniter\CodeIgniter->run()
10 SYSTEMPATH\Commands\Server\rewrite.php(46): require_once('FCPATH\\index.php')
ERROR - 2022-12-02 00:36:55 --> mysqli_sql_exception: Unknown column 'harga*item' in 'field list' in E:\...KULI AH\Script SI alias skripsi\Aplikasi Tour n Travel\Horizon_collaborative\vendor\codeigniter4\framework\system\Database\MySQLi\Connection.php:292
Stack trace:
#0 E:\...KULI AH\Script SI alias skripsi\Aplikasi Tour n Travel\Horizon_collaborative\vendor\codeigniter4\framework\system\Database\MySQLi\Connection.php(292): mysqli->query('SELECT `id_tran...', 0)
#1 E:\...KULI AH\Script SI alias skripsi\Aplikasi Tour n Travel\Horizon_collaborative\vendor\codeigniter4\framework\system\Database\BaseConnection.php(666): CodeIgniter\Database\MySQLi\Connection->execute('SELECT `id_tran...')
#2 E:\...KULI AH\Script SI alias skripsi\Aplikasi Tour n Travel\Horizon_collaborative\vendor\codeigniter4\framework\system\Database\BaseConnection.php(593): CodeIgniter\Database\BaseConnection->simpleQuery('SELECT `id_tran...')
#3 E:\...KULI AH\Script SI alias skripsi\Aplikasi Tour n Travel\Horizon_collaborative\vendor\codeigniter4\framework\system\Database\BaseBuilder.php(1585): CodeIgniter\Database\BaseConnection->query('SELECT `id_tran...', Array, false)
#4 E:\...KULI AH\Script SI alias skripsi\Aplikasi Tour n Travel\Horizon_collaborative\app\Controllers\AdminTransaksi.php(33): CodeIgniter\Database\BaseBuilder->get()
#5 E:\...KULI AH\Script SI alias skripsi\Aplikasi Tour n Travel\Horizon_collaborative\vendor\codeigniter4\framework\system\CodeIgniter.php(927): App\Controllers\AdminTransaksi->index()
#6 E:\...KULI AH\Script SI alias skripsi\Aplikasi Tour n Travel\Horizon_collaborative\vendor\codeigniter4\framework\system\CodeIgniter.php(482): CodeIgniter\CodeIgniter->runController(Object(App\Controllers\AdminTransaksi))
#7 E:\...KULI AH\Script SI alias skripsi\Aplikasi Tour n Travel\Horizon_collaborative\vendor\codeigniter4\framework\system\CodeIgniter.php(351): CodeIgniter\CodeIgniter->handleRequest(NULL, Object(Config\Cache), false)
#8 E:\...KULI AH\Script SI alias skripsi\Aplikasi Tour n Travel\Horizon_collaborative\public\index.php(67): CodeIgniter\CodeIgniter->run()
#9 E:\...KULI AH\Script SI alias skripsi\Aplikasi Tour n Travel\Horizon_collaborative\vendor\codeigniter4\framework\system\Commands\Server\rewrite.php(46): require_once('E:\\...KULI AH\\S...')
#10 {main}
CRITICAL - 2022-12-02 00:36:55 --> Unknown column 'harga*item' in 'field list'
in SYSTEMPATH\Database\MySQLi\Connection.php on line 292.
 1 SYSTEMPATH\Database\MySQLi\Connection.php(292): mysqli->query('SELECT `id_transaksi`, `produk`.`id_produk` as `idproduk`, `produk`.`nama_produk` as `namaproduk`, `harga`, `item`, `harga*item` as `total_biaya`, `fullname`, `total_biaya`, `tanggal_tour`, `bayar_via`, `status_bayar`, `transaksi`.`created_at` as `created`
FROM `users`
JOIN `transaksi` ON `users`.`id` = `transaksi`.`id`
JOIN `produk` ON `produk`.`id_produk` = `transaksi`.`id_produk`', 0)
 2 SYSTEMPATH\Database\BaseConnection.php(666): CodeIgniter\Database\MySQLi\Connection->execute('SELECT `id_transaksi`, `produk`.`id_produk` as `idproduk`, `produk`.`nama_produk` as `namaproduk`, `harga`, `item`, `harga*item` as `total_biaya`, `fullname`, `total_biaya`, `tanggal_tour`, `bayar_via`, `status_bayar`, `transaksi`.`created_at` as `created`
FROM `users`
JOIN `transaksi` ON `users`.`id` = `transaksi`.`id`
JOIN `produk` ON `produk`.`id_produk` = `transaksi`.`id_produk`')
 3 SYSTEMPATH\Database\BaseConnection.php(593): CodeIgniter\Database\BaseConnection->simpleQuery('SELECT `id_transaksi`, `produk`.`id_produk` as `idproduk`, `produk`.`nama_produk` as `namaproduk`, `harga`, `item`, `harga*item` as `total_biaya`, `fullname`, `total_biaya`, `tanggal_tour`, `bayar_via`, `status_bayar`, `transaksi`.`created_at` as `created`
FROM `users`
JOIN `transaksi` ON `users`.`id` = `transaksi`.`id`
JOIN `produk` ON `produk`.`id_produk` = `transaksi`.`id_produk`')
 4 SYSTEMPATH\Database\BaseBuilder.php(1585): CodeIgniter\Database\BaseConnection->query('SELECT `id_transaksi`, `produk`.`id_produk` as `idproduk`, `produk`.`nama_produk` as `namaproduk`, `harga`, `item`, `harga*item` as `total_biaya`, `fullname`, `total_biaya`, `tanggal_tour`, `bayar_via`, `status_bayar`, `transaksi`.`created_at` as `created`
FROM `users`
JOIN `transaksi` ON `users`.`id` = `transaksi`.`id`
JOIN `produk` ON `produk`.`id_produk` = `transaksi`.`id_produk`', [], false)
 5 APPPATH\Controllers\AdminTransaksi.php(33): CodeIgniter\Database\BaseBuilder->get()
 6 SYSTEMPATH\CodeIgniter.php(927): App\Controllers\AdminTransaksi->index()
 7 SYSTEMPATH\CodeIgniter.php(482): CodeIgniter\CodeIgniter->runController(Object(App\Controllers\AdminTransaksi))
 8 SYSTEMPATH\CodeIgniter.php(351): CodeIgniter\CodeIgniter->handleRequest(null, Object(Config\Cache), false)
 9 FCPATH\index.php(67): CodeIgniter\CodeIgniter->run()
10 SYSTEMPATH\Commands\Server\rewrite.php(46): require_once('FCPATH\\index.php')
ERROR - 2022-12-02 00:38:42 --> mysqli_sql_exception: Unknown column 'id_transaksi' in 'field list' in E:\...KULI AH\Script SI alias skripsi\Aplikasi Tour n Travel\Horizon_collaborative\vendor\codeigniter4\framework\system\Database\MySQLi\Connection.php:292
Stack trace:
#0 E:\...KULI AH\Script SI alias skripsi\Aplikasi Tour n Travel\Horizon_collaborative\vendor\codeigniter4\framework\system\Database\MySQLi\Connection.php(292): mysqli->query('SELECT `id_tran...', 0)
#1 E:\...KULI AH\Script SI alias skripsi\Aplikasi Tour n Travel\Horizon_collaborative\vendor\codeigniter4\framework\system\Database\BaseConnection.php(666): CodeIgniter\Database\MySQLi\Connection->execute('SELECT `id_tran...')
#2 E:\...KULI AH\Script SI alias skripsi\Aplikasi Tour n Travel\Horizon_collaborative\vendor\codeigniter4\framework\system\Database\BaseConnection.php(593): CodeIgniter\Database\BaseConnection->simpleQuery('SELECT `id_tran...')
#3 E:\...KULI AH\Script SI alias skripsi\Aplikasi Tour n Travel\Horizon_collaborative\vendor\codeigniter4\framework\system\Database\BaseBuilder.php(1585): CodeIgniter\Database\BaseConnection->query('SELECT `id_tran...', Array, false)
#4 E:\...KULI AH\Script SI alias skripsi\Aplikasi Tour n Travel\Horizon_collaborative\app\Controllers\AdminTransaksi.php(22): CodeIgniter\Database\BaseBuilder->get()
#5 E:\...KULI AH\Script SI alias skripsi\Aplikasi Tour n Travel\Horizon_collaborative\vendor\codeigniter4\framework\system\CodeIgniter.php(927): App\Controllers\AdminTransaksi->index()
#6 E:\...KULI AH\Script SI alias skripsi\Aplikasi Tour n Travel\Horizon_collaborative\vendor\codeigniter4\framework\system\CodeIgniter.php(482): CodeIgniter\CodeIgniter->runController(Object(App\Controllers\AdminTransaksi))
#7 E:\...KULI AH\Script SI alias skripsi\Aplikasi Tour n Travel\Horizon_collaborative\vendor\codeigniter4\framework\system\CodeIgniter.php(351): CodeIgniter\CodeIgniter->handleRequest(NULL, Object(Config\Cache), false)
#8 E:\...KULI AH\Script SI alias skripsi\Aplikasi Tour n Travel\Horizon_collaborative\public\index.php(67): CodeIgniter\CodeIgniter->run()
#9 E:\...KULI AH\Script SI alias skripsi\Aplikasi Tour n Travel\Horizon_collaborative\vendor\codeigniter4\framework\system\Commands\Server\rewrite.php(46): require_once('E:\\...KULI AH\\S...')
#10 {main}
CRITICAL - 2022-12-02 00:38:42 --> Unknown column 'id_transaksi' in 'field list'
in SYSTEMPATH\Database\MySQLi\Connection.php on line 292.
 1 SYSTEMPATH\Database\MySQLi\Connection.php(292): mysqli->query('SELECT `id_transaksi`, `produk`.`id_produk` as `idproduk`, `harga`, `item`, `harga*item` as `total_biaya`
FROM `users`
JOIN `produk` ON `produk`.`id_produk` = `transaksi`.`id_produk`', 0)
 2 SYSTEMPATH\Database\BaseConnection.php(666): CodeIgniter\Database\MySQLi\Connection->execute('SELECT `id_transaksi`, `produk`.`id_produk` as `idproduk`, `harga`, `item`, `harga*item` as `total_biaya`
FROM `users`
JOIN `produk` ON `produk`.`id_produk` = `transaksi`.`id_produk`')
 3 SYSTEMPATH\Database\BaseConnection.php(593): CodeIgniter\Database\BaseConnection->simpleQuery('SELECT `id_transaksi`, `produk`.`id_produk` as `idproduk`, `harga`, `item`, `harga*item` as `total_biaya`
FROM `users`
JOIN `produk` ON `produk`.`id_produk` = `transaksi`.`id_produk`')
 4 SYSTEMPATH\Database\BaseBuilder.php(1585): CodeIgniter\Database\BaseConnection->query('SELECT `id_transaksi`, `produk`.`id_produk` as `idproduk`, `harga`, `item`, `harga*item` as `total_biaya`
FROM `users`
JOIN `produk` ON `produk`.`id_produk` = `transaksi`.`id_produk`', [], false)
 5 APPPATH\Controllers\AdminTransaksi.php(22): CodeIgniter\Database\BaseBuilder->get()
 6 SYSTEMPATH\CodeIgniter.php(927): App\Controllers\AdminTransaksi->index()
 7 SYSTEMPATH\CodeIgniter.php(482): CodeIgniter\CodeIgniter->runController(Object(App\Controllers\AdminTransaksi))
 8 SYSTEMPATH\CodeIgniter.php(351): CodeIgniter\CodeIgniter->handleRequest(null, Object(Config\Cache), false)
 9 FCPATH\index.php(67): CodeIgniter\CodeIgniter->run()
10 SYSTEMPATH\Commands\Server\rewrite.php(46): require_once('FCPATH\\index.php')
ERROR - 2022-12-02 00:39:04 --> mysqli_sql_exception: Unknown column 'id_transaksi' in 'field list' in E:\...KULI AH\Script SI alias skripsi\Aplikasi Tour n Travel\Horizon_collaborative\vendor\codeigniter4\framework\system\Database\MySQLi\Connection.php:292
Stack trace:
#0 E:\...KULI AH\Script SI alias skripsi\Aplikasi Tour n Travel\Horizon_collaborative\vendor\codeigniter4\framework\system\Database\MySQLi\Connection.php(292): mysqli->query('SELECT `id_tran...', 0)
#1 E:\...KULI AH\Script SI alias skripsi\Aplikasi Tour n Travel\Horizon_collaborative\vendor\codeigniter4\framework\system\Database\BaseConnection.php(666): CodeIgniter\Database\MySQLi\Connection->execute('SELECT `id_tran...')
#2 E:\...KULI AH\Script SI alias skripsi\Aplikasi Tour n Travel\Horizon_collaborative\vendor\codeigniter4\framework\system\Database\BaseConnection.php(593): CodeIgniter\Database\BaseConnection->simpleQuery('SELECT `id_tran...')
#3 E:\...KULI AH\Script SI alias skripsi\Aplikasi Tour n Travel\Horizon_collaborative\vendor\codeigniter4\framework\system\Database\BaseBuilder.php(1585): CodeIgniter\Database\BaseConnection->query('SELECT `id_tran...', Array, false)
#4 E:\...KULI AH\Script SI alias skripsi\Aplikasi Tour n Travel\Horizon_collaborative\app\Controllers\AdminTransaksi.php(22): CodeIgniter\Database\BaseBuilder->get()
#5 E:\...KULI AH\Script SI alias skripsi\Aplikasi Tour n Travel\Horizon_collaborative\vendor\codeigniter4\framework\system\CodeIgniter.php(927): App\Controllers\AdminTransaksi->index()
#6 E:\...KULI AH\Script SI alias skripsi\Aplikasi Tour n Travel\Horizon_collaborative\vendor\codeigniter4\framework\system\CodeIgniter.php(482): CodeIgniter\CodeIgniter->runController(Object(App\Controllers\AdminTransaksi))
#7 E:\...KULI AH\Script SI alias skripsi\Aplikasi Tour n Travel\Horizon_collaborative\vendor\codeigniter4\framework\system\CodeIgniter.php(351): CodeIgniter\CodeIgniter->handleRequest(NULL, Object(Config\Cache), false)
#8 E:\...KULI AH\Script SI alias skripsi\Aplikasi Tour n Travel\Horizon_collaborative\public\index.php(67): CodeIgniter\CodeIgniter->run()
#9 E:\...KULI AH\Script SI alias skripsi\Aplikasi Tour n Travel\Horizon_collaborative\vendor\codeigniter4\framework\system\Commands\Server\rewrite.php(46): require_once('E:\\...KULI AH\\S...')
#10 {main}
CRITICAL - 2022-12-02 00:39:04 --> Unknown column 'id_transaksi' in 'field list'
in SYSTEMPATH\Database\MySQLi\Connection.php on line 292.
 1 SYSTEMPATH\Database\MySQLi\Connection.php(292): mysqli->query('SELECT `id_transaksi`, `produk`.`id_produk` as `idproduk`, `harga`, `item`, `harga*item` as `total_biaya`
FROM `users`
JOIN `produk` ON `produk`.`id_produk` = `transaksi`.`id_produk`', 0)
 2 SYSTEMPATH\Database\BaseConnection.php(666): CodeIgniter\Database\MySQLi\Connection->execute('SELECT `id_transaksi`, `produk`.`id_produk` as `idproduk`, `harga`, `item`, `harga*item` as `total_biaya`
FROM `users`
JOIN `produk` ON `produk`.`id_produk` = `transaksi`.`id_produk`')
 3 SYSTEMPATH\Database\BaseConnection.php(593): CodeIgniter\Database\BaseConnection->simpleQuery('SELECT `id_transaksi`, `produk`.`id_produk` as `idproduk`, `harga`, `item`, `harga*item` as `total_biaya`
FROM `users`
JOIN `produk` ON `produk`.`id_produk` = `transaksi`.`id_produk`')
 4 SYSTEMPATH\Database\BaseBuilder.php(1585): CodeIgniter\Database\BaseConnection->query('SELECT `id_transaksi`, `produk`.`id_produk` as `idproduk`, `harga`, `item`, `harga*item` as `total_biaya`
FROM `users`
JOIN `produk` ON `produk`.`id_produk` = `transaksi`.`id_produk`', [], false)
 5 APPPATH\Controllers\AdminTransaksi.php(22): CodeIgniter\Database\BaseBuilder->get()
 6 SYSTEMPATH\CodeIgniter.php(927): App\Controllers\AdminTransaksi->index()
 7 SYSTEMPATH\CodeIgniter.php(482): CodeIgniter\CodeIgniter->runController(Object(App\Controllers\AdminTransaksi))
 8 SYSTEMPATH\CodeIgniter.php(351): CodeIgniter\CodeIgniter->handleRequest(null, Object(Config\Cache), false)
 9 FCPATH\index.php(67): CodeIgniter\CodeIgniter->run()
10 SYSTEMPATH\Commands\Server\rewrite.php(46): require_once('FCPATH\\index.php')
ERROR - 2022-12-02 00:39:06 --> mysqli_sql_exception: Unknown column 'id_transaksi' in 'field list' in E:\...KULI AH\Script SI alias skripsi\Aplikasi Tour n Travel\Horizon_collaborative\vendor\codeigniter4\framework\system\Database\MySQLi\Connection.php:292
Stack trace:
#0 E:\...KULI AH\Script SI alias skripsi\Aplikasi Tour n Travel\Horizon_collaborative\vendor\codeigniter4\framework\system\Database\MySQLi\Connection.php(292): mysqli->query('SELECT `id_tran...', 0)
#1 E:\...KULI AH\Script SI alias skripsi\Aplikasi Tour n Travel\Horizon_collaborative\vendor\codeigniter4\framework\system\Database\BaseConnection.php(666): CodeIgniter\Database\MySQLi\Connection->execute('SELECT `id_tran...')
#2 E:\...KULI AH\Script SI alias skripsi\Aplikasi Tour n Travel\Horizon_collaborative\vendor\codeigniter4\framework\system\Database\BaseConnection.php(593): CodeIgniter\Database\BaseConnection->simpleQuery('SELECT `id_tran...')
#3 E:\...KULI AH\Script SI alias skripsi\Aplikasi Tour n Travel\Horizon_collaborative\vendor\codeigniter4\framework\system\Database\BaseBuilder.php(1585): CodeIgniter\Database\BaseConnection->query('SELECT `id_tran...', Array, false)
#4 E:\...KULI AH\Script SI alias skripsi\Aplikasi Tour n Travel\Horizon_collaborative\app\Controllers\AdminTransaksi.php(22): CodeIgniter\Database\BaseBuilder->get()
#5 E:\...KULI AH\Script SI alias skripsi\Aplikasi Tour n Travel\Horizon_collaborative\vendor\codeigniter4\framework\system\CodeIgniter.php(927): App\Controllers\AdminTransaksi->index()
#6 E:\...KULI AH\Script SI alias skripsi\Aplikasi Tour n Travel\Horizon_collaborative\vendor\codeigniter4\framework\system\CodeIgniter.php(482): CodeIgniter\CodeIgniter->runController(Object(App\Controllers\AdminTransaksi))
#7 E:\...KULI AH\Script SI alias skripsi\Aplikasi Tour n Travel\Horizon_collaborative\vendor\codeigniter4\framework\system\CodeIgniter.php(351): CodeIgniter\CodeIgniter->handleRequest(NULL, Object(Config\Cache), false)
#8 E:\...KULI AH\Script SI alias skripsi\Aplikasi Tour n Travel\Horizon_collaborative\public\index.php(67): CodeIgniter\CodeIgniter->run()
#9 E:\...KULI AH\Script SI alias skripsi\Aplikasi Tour n Travel\Horizon_collaborative\vendor\codeigniter4\framework\system\Commands\Server\rewrite.php(46): require_once('E:\\...KULI AH\\S...')
#10 {main}
CRITICAL - 2022-12-02 00:39:06 --> Unknown column 'id_transaksi' in 'field list'
in SYSTEMPATH\Database\MySQLi\Connection.php on line 292.
 1 SYSTEMPATH\Database\MySQLi\Connection.php(292): mysqli->query('SELECT `id_transaksi`, `produk`.`id_produk` as `idproduk`, `harga`, `item`, `harga*item` as `total_biaya`
FROM `users`
JOIN `produk` ON `produk`.`id_produk` = `transaksi`.`id_produk`', 0)
 2 SYSTEMPATH\Database\BaseConnection.php(666): CodeIgniter\Database\MySQLi\Connection->execute('SELECT `id_transaksi`, `produk`.`id_produk` as `idproduk`, `harga`, `item`, `harga*item` as `total_biaya`
FROM `users`
JOIN `produk` ON `produk`.`id_produk` = `transaksi`.`id_produk`')
 3 SYSTEMPATH\Database\BaseConnection.php(593): CodeIgniter\Database\BaseConnection->simpleQuery('SELECT `id_transaksi`, `produk`.`id_produk` as `idproduk`, `harga`, `item`, `harga*item` as `total_biaya`
FROM `users`
JOIN `produk` ON `produk`.`id_produk` = `transaksi`.`id_produk`')
 4 SYSTEMPATH\Database\BaseBuilder.php(1585): CodeIgniter\Database\BaseConnection->query('SELECT `id_transaksi`, `produk`.`id_produk` as `idproduk`, `harga`, `item`, `harga*item` as `total_biaya`
FROM `users`
JOIN `produk` ON `produk`.`id_produk` = `transaksi`.`id_produk`', [], false)
 5 APPPATH\Controllers\AdminTransaksi.php(22): CodeIgniter\Database\BaseBuilder->get()
 6 SYSTEMPATH\CodeIgniter.php(927): App\Controllers\AdminTransaksi->index()
 7 SYSTEMPATH\CodeIgniter.php(482): CodeIgniter\CodeIgniter->runController(Object(App\Controllers\AdminTransaksi))
 8 SYSTEMPATH\CodeIgniter.php(351): CodeIgniter\CodeIgniter->handleRequest(null, Object(Config\Cache), false)
 9 FCPATH\index.php(67): CodeIgniter\CodeIgniter->run()
10 SYSTEMPATH\Commands\Server\rewrite.php(46): require_once('FCPATH\\index.php')
ERROR - 2022-12-02 00:39:33 --> mysqli_sql_exception: Unknown column 'harga*item' in 'field list' in E:\...KULI AH\Script SI alias skripsi\Aplikasi Tour n Travel\Horizon_collaborative\vendor\codeigniter4\framework\system\Database\MySQLi\Connection.php:292
Stack trace:
#0 E:\...KULI AH\Script SI alias skripsi\Aplikasi Tour n Travel\Horizon_collaborative\vendor\codeigniter4\framework\system\Database\MySQLi\Connection.php(292): mysqli->query('SELECT `id_tran...', 0)
#1 E:\...KULI AH\Script SI alias skripsi\Aplikasi Tour n Travel\Horizon_collaborative\vendor\codeigniter4\framework\system\Database\BaseConnection.php(666): CodeIgniter\Database\MySQLi\Connection->execute('SELECT `id_tran...')
#2 E:\...KULI AH\Script SI alias skripsi\Aplikasi Tour n Travel\Horizon_collaborative\vendor\codeigniter4\framework\system\Database\BaseConnection.php(593): CodeIgniter\Database\BaseConnection->simpleQuery('SELECT `id_tran...')
#3 E:\...KULI AH\Script SI alias skripsi\Aplikasi Tour n Travel\Horizon_collaborative\vendor\codeigniter4\framework\system\Database\BaseBuilder.php(1585): CodeIgniter\Database\BaseConnection->query('SELECT `id_tran...', Array, false)
#4 E:\...KULI AH\Script SI alias skripsi\Aplikasi Tour n Travel\Horizon_collaborative\app\Controllers\AdminTransaksi.php(22): CodeIgniter\Database\BaseBuilder->get()
#5 E:\...KULI AH\Script SI alias skripsi\Aplikasi Tour n Travel\Horizon_collaborative\vendor\codeigniter4\framework\system\CodeIgniter.php(927): App\Controllers\AdminTransaksi->index()
#6 E:\...KULI AH\Script SI alias skripsi\Aplikasi Tour n Travel\Horizon_collaborative\vendor\codeigniter4\framework\system\CodeIgniter.php(482): CodeIgniter\CodeIgniter->runController(Object(App\Controllers\AdminTransaksi))
#7 E:\...KULI AH\Script SI alias skripsi\Aplikasi Tour n Travel\Horizon_collaborative\vendor\codeigniter4\framework\system\CodeIgniter.php(351): CodeIgniter\CodeIgniter->handleRequest(NULL, Object(Config\Cache), false)
#8 E:\...KULI AH\Script SI alias skripsi\Aplikasi Tour n Travel\Horizon_collaborative\public\index.php(67): CodeIgniter\CodeIgniter->run()
#9 E:\...KULI AH\Script SI alias skripsi\Aplikasi Tour n Travel\Horizon_collaborative\vendor\codeigniter4\framework\system\Commands\Server\rewrite.php(46): require_once('E:\\...KULI AH\\S...')
#10 {main}
CRITICAL - 2022-12-02 00:39:33 --> Unknown column 'harga*item' in 'field list'
in SYSTEMPATH\Database\MySQLi\Connection.php on line 292.
 1 SYSTEMPATH\Database\MySQLi\Connection.php(292): mysqli->query('SELECT `id_transaksi`, `produk`.`id_produk` as `idproduk`, `harga`, `item`, `harga*item` as `total_biaya`
FROM `users`
JOIN `transaksi` ON `users`.`id` = `transaksi`.`id`
JOIN `produk` ON `produk`.`id_produk` = `transaksi`.`id_produk`', 0)
 2 SYSTEMPATH\Database\BaseConnection.php(666): CodeIgniter\Database\MySQLi\Connection->execute('SELECT `id_transaksi`, `produk`.`id_produk` as `idproduk`, `harga`, `item`, `harga*item` as `total_biaya`
FROM `users`
JOIN `transaksi` ON `users`.`id` = `transaksi`.`id`
JOIN `produk` ON `produk`.`id_produk` = `transaksi`.`id_produk`')
 3 SYSTEMPATH\Database\BaseConnection.php(593): CodeIgniter\Database\BaseConnection->simpleQuery('SELECT `id_transaksi`, `produk`.`id_produk` as `idproduk`, `harga`, `item`, `harga*item` as `total_biaya`
FROM `users`
JOIN `transaksi` ON `users`.`id` = `transaksi`.`id`
JOIN `produk` ON `produk`.`id_produk` = `transaksi`.`id_produk`')
 4 SYSTEMPATH\Database\BaseBuilder.php(1585): CodeIgniter\Database\BaseConnection->query('SELECT `id_transaksi`, `produk`.`id_produk` as `idproduk`, `harga`, `item`, `harga*item` as `total_biaya`
FROM `users`
JOIN `transaksi` ON `users`.`id` = `transaksi`.`id`
JOIN `produk` ON `produk`.`id_produk` = `transaksi`.`id_produk`', [], false)
 5 APPPATH\Controllers\AdminTransaksi.php(22): CodeIgniter\Database\BaseBuilder->get()
 6 SYSTEMPATH\CodeIgniter.php(927): App\Controllers\AdminTransaksi->index()
 7 SYSTEMPATH\CodeIgniter.php(482): CodeIgniter\CodeIgniter->runController(Object(App\Controllers\AdminTransaksi))
 8 SYSTEMPATH\CodeIgniter.php(351): CodeIgniter\CodeIgniter->handleRequest(null, Object(Config\Cache), false)
 9 FCPATH\index.php(67): CodeIgniter\CodeIgniter->run()
10 SYSTEMPATH\Commands\Server\rewrite.php(46): require_once('FCPATH\\index.php')
ERROR - 2022-12-02 00:40:26 --> mysqli_sql_exception: Unknown column 'harga*item' in 'field list' in E:\...KULI AH\Script SI alias skripsi\Aplikasi Tour n Travel\Horizon_collaborative\vendor\codeigniter4\framework\system\Database\MySQLi\Connection.php:292
Stack trace:
#0 E:\...KULI AH\Script SI alias skripsi\Aplikasi Tour n Travel\Horizon_collaborative\vendor\codeigniter4\framework\system\Database\MySQLi\Connection.php(292): mysqli->query('SELECT `id_tran...', 0)
#1 E:\...KULI AH\Script SI alias skripsi\Aplikasi Tour n Travel\Horizon_collaborative\vendor\codeigniter4\framework\system\Database\BaseConnection.php(666): CodeIgniter\Database\MySQLi\Connection->execute('SELECT `id_tran...')
#2 E:\...KULI AH\Script SI alias skripsi\Aplikasi Tour n Travel\Horizon_collaborative\vendor\codeigniter4\framework\system\Database\BaseConnection.php(593): CodeIgniter\Database\BaseConnection->simpleQuery('SELECT `id_tran...')
#3 E:\...KULI AH\Script SI alias skripsi\Aplikasi Tour n Travel\Horizon_collaborative\vendor\codeigniter4\framework\system\Database\BaseBuilder.php(1585): CodeIgniter\Database\BaseConnection->query('SELECT `id_tran...', Array, false)
#4 E:\...KULI AH\Script SI alias skripsi\Aplikasi Tour n Travel\Horizon_collaborative\app\Controllers\AdminTransaksi.php(33): CodeIgniter\Database\BaseBuilder->get()
#5 E:\...KULI AH\Script SI alias skripsi\Aplikasi Tour n Travel\Horizon_collaborative\vendor\codeigniter4\framework\system\CodeIgniter.php(927): App\Controllers\AdminTransaksi->index()
#6 E:\...KULI AH\Script SI alias skripsi\Aplikasi Tour n Travel\Horizon_collaborative\vendor\codeigniter4\framework\system\CodeIgniter.php(482): CodeIgniter\CodeIgniter->runController(Object(App\Controllers\AdminTransaksi))
#7 E:\...KULI AH\Script SI alias skripsi\Aplikasi Tour n Travel\Horizon_collaborative\vendor\codeigniter4\framework\system\CodeIgniter.php(351): CodeIgniter\CodeIgniter->handleRequest(NULL, Object(Config\Cache), false)
#8 E:\...KULI AH\Script SI alias skripsi\Aplikasi Tour n Travel\Horizon_collaborative\public\index.php(67): CodeIgniter\CodeIgniter->run()
#9 E:\...KULI AH\Script SI alias skripsi\Aplikasi Tour n Travel\Horizon_collaborative\vendor\codeigniter4\framework\system\Commands\Server\rewrite.php(46): require_once('E:\\...KULI AH\\S...')
#10 {main}
CRITICAL - 2022-12-02 00:40:26 --> Unknown column 'harga*item' in 'field list'
in SYSTEMPATH\Database\MySQLi\Connection.php on line 292.
 1 SYSTEMPATH\Database\MySQLi\Connection.php(292): mysqli->query('SELECT `id_transaksi`, `produk`.`id_produk` as `idproduk`, `produk`.`nama_produk` as `namaproduk`, `harga`, `item`, `harga*item` as `total_biaya`, `fullname`, `tanggal_tour`, `bayar_via`, `status_bayar`, `transaksi`.`created_at` as `created`
FROM `users`
JOIN `transaksi` ON `users`.`id` = `transaksi`.`id`
JOIN `produk` ON `produk`.`id_produk` = `transaksi`.`id_produk`', 0)
 2 SYSTEMPATH\Database\BaseConnection.php(666): CodeIgniter\Database\MySQLi\Connection->execute('SELECT `id_transaksi`, `produk`.`id_produk` as `idproduk`, `produk`.`nama_produk` as `namaproduk`, `harga`, `item`, `harga*item` as `total_biaya`, `fullname`, `tanggal_tour`, `bayar_via`, `status_bayar`, `transaksi`.`created_at` as `created`
FROM `users`
JOIN `transaksi` ON `users`.`id` = `transaksi`.`id`
JOIN `produk` ON `produk`.`id_produk` = `transaksi`.`id_produk`')
 3 SYSTEMPATH\Database\BaseConnection.php(593): CodeIgniter\Database\BaseConnection->simpleQuery('SELECT `id_transaksi`, `produk`.`id_produk` as `idproduk`, `produk`.`nama_produk` as `namaproduk`, `harga`, `item`, `harga*item` as `total_biaya`, `fullname`, `tanggal_tour`, `bayar_via`, `status_bayar`, `transaksi`.`created_at` as `created`
FROM `users`
JOIN `transaksi` ON `users`.`id` = `transaksi`.`id`
JOIN `produk` ON `produk`.`id_produk` = `transaksi`.`id_produk`')
 4 SYSTEMPATH\Database\BaseBuilder.php(1585): CodeIgniter\Database\BaseConnection->query('SELECT `id_transaksi`, `produk`.`id_produk` as `idproduk`, `produk`.`nama_produk` as `namaproduk`, `harga`, `item`, `harga*item` as `total_biaya`, `fullname`, `tanggal_tour`, `bayar_via`, `status_bayar`, `transaksi`.`created_at` as `created`
FROM `users`
JOIN `transaksi` ON `users`.`id` = `transaksi`.`id`
JOIN `produk` ON `produk`.`id_produk` = `transaksi`.`id_produk`', [], false)
 5 APPPATH\Controllers\AdminTransaksi.php(33): CodeIgniter\Database\BaseBuilder->get()
 6 SYSTEMPATH\CodeIgniter.php(927): App\Controllers\AdminTransaksi->index()
 7 SYSTEMPATH\CodeIgniter.php(482): CodeIgniter\CodeIgniter->runController(Object(App\Controllers\AdminTransaksi))
 8 SYSTEMPATH\CodeIgniter.php(351): CodeIgniter\CodeIgniter->handleRequest(null, Object(Config\Cache), false)
 9 FCPATH\index.php(67): CodeIgniter\CodeIgniter->run()
10 SYSTEMPATH\Commands\Server\rewrite.php(46): require_once('FCPATH\\index.php')
CRITICAL - 2022-12-02 00:42:05 --> Undefined array key "total_biaya"
in APPPATH\Views\admin\transaksi.php on line 42.
 1 APPPATH\Views\admin\transaksi.php(42): CodeIgniter\Debug\Exceptions->errorHandler(2, 'Undefined array key "total_biaya"', 'APPPATH\\Views\\admin\\transaksi.php', 42)
 2 SYSTEMPATH\View\View.php(213): include('APPPATH\\Views\\admin\\transaksi.php')
 3 SYSTEMPATH\View\View.php(216): CodeIgniter\View\View->CodeIgniter\View\{closure}()
 4 SYSTEMPATH\Common.php(1134): CodeIgniter\View\View->render('admin/transaksi', [], true)
 5 APPPATH\Controllers\AdminTransaksi.php(39): view('admin/transaksi', [...])
 6 SYSTEMPATH\CodeIgniter.php(927): App\Controllers\AdminTransaksi->index()
 7 SYSTEMPATH\CodeIgniter.php(482): CodeIgniter\CodeIgniter->runController(Object(App\Controllers\AdminTransaksi))
 8 SYSTEMPATH\CodeIgniter.php(351): CodeIgniter\CodeIgniter->handleRequest(null, Object(Config\Cache), false)
 9 FCPATH\index.php(67): CodeIgniter\CodeIgniter->run()
10 SYSTEMPATH\Commands\Server\rewrite.php(46): require_once('FCPATH\\index.php')
CRITICAL - 2022-12-02 01:16:05 --> Undefined variable $kat
in APPPATH\Views\admin\rating.php on line 43.
 1 APPPATH\Views\admin\rating.php(43): CodeIgniter\Debug\Exceptions->errorHandler(2, 'Undefined variable $kat', 'APPPATH\\Views\\admin\\rating.php', 43)
 2 SYSTEMPATH\View\View.php(213): include('APPPATH\\Views\\admin\\rating.php')
 3 SYSTEMPATH\View\View.php(216): CodeIgniter\View\View->CodeIgniter\View\{closure}()
 4 SYSTEMPATH\Common.php(1134): CodeIgniter\View\View->render('admin/rating', [], true)
 5 APPPATH\Controllers\AdminRating.php(31): view('admin/rating', [...])
 6 SYSTEMPATH\CodeIgniter.php(927): App\Controllers\AdminRating->index()
 7 SYSTEMPATH\CodeIgniter.php(482): CodeIgniter\CodeIgniter->runController(Object(App\Controllers\AdminRating))
 8 SYSTEMPATH\CodeIgniter.php(351): CodeIgniter\CodeIgniter->handleRequest(null, Object(Config\Cache), false)
 9 FCPATH\index.php(67): CodeIgniter\CodeIgniter->run()
10 SYSTEMPATH\Commands\Server\rewrite.php(46): require_once('FCPATH\\index.php')
CRITICAL - 2022-12-02 01:16:12 --> Undefined array key "id"
in APPPATH\Views\admin\rating.php on line 43.
 1 APPPATH\Views\admin\rating.php(43): CodeIgniter\Debug\Exceptions->errorHandler(2, 'Undefined array key "id"', 'APPPATH\\Views\\admin\\rating.php', 43)
 2 SYSTEMPATH\View\View.php(213): include('APPPATH\\Views\\admin\\rating.php')
 3 SYSTEMPATH\View\View.php(216): CodeIgniter\View\View->CodeIgniter\View\{closure}()
 4 SYSTEMPATH\Common.php(1134): CodeIgniter\View\View->render('admin/rating', [], true)
 5 APPPATH\Controllers\AdminRating.php(31): view('admin/rating', [...])
 6 SYSTEMPATH\CodeIgniter.php(927): App\Controllers\AdminRating->index()
 7 SYSTEMPATH\CodeIgniter.php(482): CodeIgniter\CodeIgniter->runController(Object(App\Controllers\AdminRating))
 8 SYSTEMPATH\CodeIgniter.php(351): CodeIgniter\CodeIgniter->handleRequest(null, Object(Config\Cache), false)
 9 FCPATH\index.php(67): CodeIgniter\CodeIgniter->run()
10 SYSTEMPATH\Commands\Server\rewrite.php(46): require_once('FCPATH\\index.php')
