CRITICAL - 2022-12-06 23:46:21 --> Undefined array key "item"
in APPPATH\Controllers\Cart.php on line 31.
 1 APPPATH\Controllers\Cart.php(31): CodeIgniter\Debug\Exceptions->errorHandler(2, 'Undefined array key "item"', 'APPPATH\\Controllers\\Cart.php', 31)
 2 SYSTEMPATH\CodeIgniter.php(927): App\Controllers\Cart->index()
 3 SYSTEMPATH\CodeIgniter.php(482): CodeIgniter\CodeIgniter->runController(Object(App\Controllers\Cart))
 4 SYSTEMPATH\CodeIgniter.php(351): CodeIgniter\CodeIgniter->handleRequest(null, Object(Config\Cache), false)
 5 FCPATH\index.php(67): CodeIgniter\CodeIgniter->run()
 6 SYSTEMPATH\Commands\Server\rewrite.php(46): require_once('FCPATH\\index.php')
ERROR - 2022-12-06 23:47:20 --> mysqli_sql_exception: You have an error in your SQL syntax; check the manual that corresponds to your MariaDB server version for the right syntax to use near ' harga)
FROM `keranjang`
JOIN `produk` ON `produk`.`id_produk` = `keranjang`....' at line 1 in E:\...KULI AH\Script SI alias skripsi\Aplikasi Tour n Travel\Horizon_collaborative\vendor\codeigniter4\framework\system\Database\MySQLi\Connection.php:292
Stack trace:
#0 E:\...KULI AH\Script SI alias skripsi\Aplikasi Tour n Travel\Horizon_collaborative\vendor\codeigniter4\framework\system\Database\MySQLi\Connection.php(292): mysqli->query('SELECT `id_kera...', 0)
#1 E:\...KULI AH\Script SI alias skripsi\Aplikasi Tour n Travel\Horizon_collaborative\vendor\codeigniter4\framework\system\Database\BaseConnection.php(666): CodeIgniter\Database\MySQLi\Connection->execute('SELECT `id_kera...')
#2 E:\...KULI AH\Script SI alias skripsi\Aplikasi Tour n Travel\Horizon_collaborative\vendor\codeigniter4\framework\system\Database\BaseConnection.php(593): CodeIgniter\Database\BaseConnection->simpleQuery('SELECT `id_kera...')
#3 E:\...KULI AH\Script SI alias skripsi\Aplikasi Tour n Travel\Horizon_collaborative\vendor\codeigniter4\framework\system\Database\BaseBuilder.php(1585): CodeIgniter\Database\BaseConnection->query('SELECT `id_kera...', Array, false)
#4 E:\...KULI AH\Script SI alias skripsi\Aplikasi Tour n Travel\Horizon_collaborative\app\Models\M_Keranjang.php(21): CodeIgniter\Database\BaseBuilder->get()
#5 E:\...KULI AH\Script SI alias skripsi\Aplikasi Tour n Travel\Horizon_collaborative\app\Controllers\Cart.php(26): App\Models\M_Keranjang->detailPesanan()
#6 E:\...KULI AH\Script SI alias skripsi\Aplikasi Tour n Travel\Horizon_collaborative\vendor\codeigniter4\framework\system\CodeIgniter.php(927): App\Controllers\Cart->index()
#7 E:\...KULI AH\Script SI alias skripsi\Aplikasi Tour n Travel\Horizon_collaborative\vendor\codeigniter4\framework\system\CodeIgniter.php(482): CodeIgniter\CodeIgniter->runController(Object(App\Controllers\Cart))
#8 E:\...KULI AH\Script SI alias skripsi\Aplikasi Tour n Travel\Horizon_collaborative\vendor\codeigniter4\framework\system\CodeIgniter.php(351): CodeIgniter\CodeIgniter->handleRequest(NULL, Object(Config\Cache), false)
#9 E:\...KULI AH\Script SI alias skripsi\Aplikasi Tour n Travel\Horizon_collaborative\public\index.php(67): CodeIgniter\CodeIgniter->run()
#10 E:\...KULI AH\Script SI alias skripsi\Aplikasi Tour n Travel\Horizon_collaborative\vendor\codeigniter4\framework\system\Commands\Server\rewrite.php(46): require_once('E:\\...KULI AH\\S...')
#11 {main}
CRITICAL - 2022-12-06 23:47:20 --> You have an error in your SQL syntax; check the manual that corresponds to your MariaDB server version for the right syntax to use near ' harga)
FROM `keranjang`
JOIN `produk` ON `produk`.`id_produk` = `keranjang`....' at line 1
in SYSTEMPATH\Database\MySQLi\Connection.php on line 292.
 1 SYSTEMPATH\Database\MySQLi\Connection.php(292): mysqli->query('SELECT `id_keranjang`, `keranjang`.`id_produk` as `idproduk`, `keranjang`.`id` as `iduser`, `tanggal_tour`, `item`, `nama_produk`, `harga`, `sampul`, SUM(item, harga)
FROM `keranjang`
JOIN `produk` ON `produk`.`id_produk` = `keranjang`.`id_produk`
JOIN `users` ON `users`.`id` = `keranjang`.`id`
ORDER BY `id_keranjang` DESC', 0)
 2 SYSTEMPATH\Database\BaseConnection.php(666): CodeIgniter\Database\MySQLi\Connection->execute('SELECT `id_keranjang`, `keranjang`.`id_produk` as `idproduk`, `keranjang`.`id` as `iduser`, `tanggal_tour`, `item`, `nama_produk`, `harga`, `sampul`, SUM(item, harga)
FROM `keranjang`
JOIN `produk` ON `produk`.`id_produk` = `keranjang`.`id_produk`
JOIN `users` ON `users`.`id` = `keranjang`.`id`
ORDER BY `id_keranjang` DESC')
 3 SYSTEMPATH\Database\BaseConnection.php(593): CodeIgniter\Database\BaseConnection->simpleQuery('SELECT `id_keranjang`, `keranjang`.`id_produk` as `idproduk`, `keranjang`.`id` as `iduser`, `tanggal_tour`, `item`, `nama_produk`, `harga`, `sampul`, SUM(item, harga)
FROM `keranjang`
JOIN `produk` ON `produk`.`id_produk` = `keranjang`.`id_produk`
JOIN `users` ON `users`.`id` = `keranjang`.`id`
ORDER BY `id_keranjang` DESC')
 4 SYSTEMPATH\Database\BaseBuilder.php(1585): CodeIgniter\Database\BaseConnection->query('SELECT `id_keranjang`, `keranjang`.`id_produk` as `idproduk`, `keranjang`.`id` as `iduser`, `tanggal_tour`, `item`, `nama_produk`, `harga`, `sampul`, SUM(item, harga)
FROM `keranjang`
JOIN `produk` ON `produk`.`id_produk` = `keranjang`.`id_produk`
JOIN `users` ON `users`.`id` = `keranjang`.`id`
ORDER BY `id_keranjang` DESC', [], false)
 5 APPPATH\Models\M_Keranjang.php(21): CodeIgniter\Database\BaseBuilder->get()
 6 APPPATH\Controllers\Cart.php(26): App\Models\M_Keranjang->detailPesanan()
 7 SYSTEMPATH\CodeIgniter.php(927): App\Controllers\Cart->index()
 8 SYSTEMPATH\CodeIgniter.php(482): CodeIgniter\CodeIgniter->runController(Object(App\Controllers\Cart))
 9 SYSTEMPATH\CodeIgniter.php(351): CodeIgniter\CodeIgniter->handleRequest(null, Object(Config\Cache), false)
10 FCPATH\index.php(67): CodeIgniter\CodeIgniter->run()
11 SYSTEMPATH\Commands\Server\rewrite.php(46): require_once('FCPATH\\index.php')
CRITICAL - 2022-12-06 23:47:51 --> Attempt to read property "sampul" on array
in APPPATH\Views\user\Cart.php on line 36.
 1 APPPATH\Views\user\Cart.php(36): CodeIgniter\Debug\Exceptions->errorHandler(2, 'Attempt to read property "sampul" on array', 'APPPATH\\Views\\user\\Cart.php', 36)
 2 SYSTEMPATH\View\View.php(213): include('APPPATH\\Views\\user\\Cart.php')
 3 SYSTEMPATH\View\View.php(216): CodeIgniter\View\View->CodeIgniter\View\{closure}()
 4 SYSTEMPATH\Common.php(1134): CodeIgniter\View\View->render('user/Cart', [], true)
 5 APPPATH\Controllers\Cart.php(37): view('user/Cart', [...])
 6 SYSTEMPATH\CodeIgniter.php(927): App\Controllers\Cart->index()
 7 SYSTEMPATH\CodeIgniter.php(482): CodeIgniter\CodeIgniter->runController(Object(App\Controllers\Cart))
 8 SYSTEMPATH\CodeIgniter.php(351): CodeIgniter\CodeIgniter->handleRequest(null, Object(Config\Cache), false)
 9 FCPATH\index.php(67): CodeIgniter\CodeIgniter->run()
10 SYSTEMPATH\Commands\Server\rewrite.php(46): require_once('FCPATH\\index.php')
CRITICAL - 2022-12-06 23:48:12 --> Attempt to read property "sampul" on array
in APPPATH\Views\user\Cart.php on line 36.
 1 APPPATH\Views\user\Cart.php(36): CodeIgniter\Debug\Exceptions->errorHandler(2, 'Attempt to read property "sampul" on array', 'APPPATH\\Views\\user\\Cart.php', 36)
 2 SYSTEMPATH\View\View.php(213): include('APPPATH\\Views\\user\\Cart.php')
 3 SYSTEMPATH\View\View.php(216): CodeIgniter\View\View->CodeIgniter\View\{closure}()
 4 SYSTEMPATH\Common.php(1134): CodeIgniter\View\View->render('user/Cart', [], true)
 5 APPPATH\Controllers\Cart.php(37): view('user/Cart', [...])
 6 SYSTEMPATH\CodeIgniter.php(927): App\Controllers\Cart->index()
 7 SYSTEMPATH\CodeIgniter.php(482): CodeIgniter\CodeIgniter->runController(Object(App\Controllers\Cart))
 8 SYSTEMPATH\CodeIgniter.php(351): CodeIgniter\CodeIgniter->handleRequest(null, Object(Config\Cache), false)
 9 FCPATH\index.php(67): CodeIgniter\CodeIgniter->run()
10 SYSTEMPATH\Commands\Server\rewrite.php(46): require_once('FCPATH\\index.php')
CRITICAL - 2022-12-06 23:48:32 --> Attempt to read property "sampul" on array
in APPPATH\Views\user\Cart.php on line 36.
 1 APPPATH\Views\user\Cart.php(36): CodeIgniter\Debug\Exceptions->errorHandler(2, 'Attempt to read property "sampul" on array', 'APPPATH\\Views\\user\\Cart.php', 36)
 2 SYSTEMPATH\View\View.php(213): include('APPPATH\\Views\\user\\Cart.php')
 3 SYSTEMPATH\View\View.php(216): CodeIgniter\View\View->CodeIgniter\View\{closure}()
 4 SYSTEMPATH\Common.php(1134): CodeIgniter\View\View->render('user/Cart', [], true)
 5 APPPATH\Controllers\Cart.php(37): view('user/Cart', [...])
 6 SYSTEMPATH\CodeIgniter.php(927): App\Controllers\Cart->index()
 7 SYSTEMPATH\CodeIgniter.php(482): CodeIgniter\CodeIgniter->runController(Object(App\Controllers\Cart))
 8 SYSTEMPATH\CodeIgniter.php(351): CodeIgniter\CodeIgniter->handleRequest(null, Object(Config\Cache), false)
 9 FCPATH\index.php(67): CodeIgniter\CodeIgniter->run()
10 SYSTEMPATH\Commands\Server\rewrite.php(46): require_once('FCPATH\\index.php')
CRITICAL - 2022-12-06 23:48:34 --> Attempt to read property "sampul" on array
in APPPATH\Views\user\Cart.php on line 36.
 1 APPPATH\Views\user\Cart.php(36): CodeIgniter\Debug\Exceptions->errorHandler(2, 'Attempt to read property "sampul" on array', 'APPPATH\\Views\\user\\Cart.php', 36)
 2 SYSTEMPATH\View\View.php(213): include('APPPATH\\Views\\user\\Cart.php')
 3 SYSTEMPATH\View\View.php(216): CodeIgniter\View\View->CodeIgniter\View\{closure}()
 4 SYSTEMPATH\Common.php(1134): CodeIgniter\View\View->render('user/Cart', [], true)
 5 APPPATH\Controllers\Cart.php(37): view('user/Cart', [...])
 6 SYSTEMPATH\CodeIgniter.php(927): App\Controllers\Cart->index()
 7 SYSTEMPATH\CodeIgniter.php(482): CodeIgniter\CodeIgniter->runController(Object(App\Controllers\Cart))
 8 SYSTEMPATH\CodeIgniter.php(351): CodeIgniter\CodeIgniter->handleRequest(null, Object(Config\Cache), false)
 9 FCPATH\index.php(67): CodeIgniter\CodeIgniter->run()
10 SYSTEMPATH\Commands\Server\rewrite.php(46): require_once('FCPATH\\index.php')
CRITICAL - 2022-12-06 23:49:25 --> syntax error, unexpected token "endforeach", expecting end of file
in APPPATH\Views\user\Cart.php on line 61.
 1 SYSTEMPATH\View\View.php(216): CodeIgniter\View\View->CodeIgniter\View\{closure}()
 2 SYSTEMPATH\Common.php(1134): CodeIgniter\View\View->render('user/Cart', [], true)
 3 APPPATH\Controllers\Cart.php(37): view('user/Cart', [...])
 4 SYSTEMPATH\CodeIgniter.php(927): App\Controllers\Cart->index()
 5 SYSTEMPATH\CodeIgniter.php(482): CodeIgniter\CodeIgniter->runController(Object(App\Controllers\Cart))
 6 SYSTEMPATH\CodeIgniter.php(351): CodeIgniter\CodeIgniter->handleRequest(null, Object(Config\Cache), false)
 7 FCPATH\index.php(67): CodeIgniter\CodeIgniter->run()
 8 SYSTEMPATH\Commands\Server\rewrite.php(46): require_once('FCPATH\\index.php')
CRITICAL - 2022-12-06 23:49:38 --> syntax error, unexpected token "endforeach", expecting end of file
in APPPATH\Views\user\Cart.php on line 61.
 1 SYSTEMPATH\View\View.php(216): CodeIgniter\View\View->CodeIgniter\View\{closure}()
 2 SYSTEMPATH\Common.php(1134): CodeIgniter\View\View->render('user/Cart', [], true)
 3 APPPATH\Controllers\Cart.php(37): view('user/Cart', [...])
 4 SYSTEMPATH\CodeIgniter.php(927): App\Controllers\Cart->index()
 5 SYSTEMPATH\CodeIgniter.php(482): CodeIgniter\CodeIgniter->runController(Object(App\Controllers\Cart))
 6 SYSTEMPATH\CodeIgniter.php(351): CodeIgniter\CodeIgniter->handleRequest(null, Object(Config\Cache), false)
 7 FCPATH\index.php(67): CodeIgniter\CodeIgniter->run()
 8 SYSTEMPATH\Commands\Server\rewrite.php(46): require_once('FCPATH\\index.php')
CRITICAL - 2022-12-06 23:49:51 --> Undefined variable $total_biaya
in APPPATH\Views\user\Cart.php on line 52.
 1 APPPATH\Views\user\Cart.php(52): CodeIgniter\Debug\Exceptions->errorHandler(2, 'Undefined variable $total_biaya', 'APPPATH\\Views\\user\\Cart.php', 52)
 2 SYSTEMPATH\View\View.php(213): include('APPPATH\\Views\\user\\Cart.php')
 3 SYSTEMPATH\View\View.php(216): CodeIgniter\View\View->CodeIgniter\View\{closure}()
 4 SYSTEMPATH\Common.php(1134): CodeIgniter\View\View->render('user/Cart', [], true)
 5 APPPATH\Controllers\Cart.php(37): view('user/Cart', [...])
 6 SYSTEMPATH\CodeIgniter.php(927): App\Controllers\Cart->index()
 7 SYSTEMPATH\CodeIgniter.php(482): CodeIgniter\CodeIgniter->runController(Object(App\Controllers\Cart))
 8 SYSTEMPATH\CodeIgniter.php(351): CodeIgniter\CodeIgniter->handleRequest(null, Object(Config\Cache), false)
 9 FCPATH\index.php(67): CodeIgniter\CodeIgniter->run()
10 SYSTEMPATH\Commands\Server\rewrite.php(46): require_once('FCPATH\\index.php')
