CRITICAL - 2022-11-27 00:04:26 --> Call to undefined function App\Controllers\logged_in()
in APPPATH\Controllers\Collaborative2.php on line 70.
 1 APPPATH\Controllers\Collaborative2.php(39): App\Controllers\Collaborative2->user()
 2 SYSTEMPATH\CodeIgniter.php(889): App\Controllers\Collaborative2->__construct()
 3 SYSTEMPATH\CodeIgniter.php(473): CodeIgniter\CodeIgniter->createController()
 4 SYSTEMPATH\CodeIgniter.php(351): CodeIgniter\CodeIgniter->handleRequest(null, Object(Config\Cache), false)
 5 FCPATH\index.php(67): CodeIgniter\CodeIgniter->run()
 6 SYSTEMPATH\Commands\Server\rewrite.php(46): require_once('FCPATH\\index.php')
CRITICAL - 2022-11-27 00:04:40 --> Call to undefined function App\Controllers\logged_in()
in APPPATH\Controllers\Collaborative2.php on line 70.
 1 APPPATH\Controllers\Collaborative2.php(39): App\Controllers\Collaborative2->user()
 2 SYSTEMPATH\CodeIgniter.php(889): App\Controllers\Collaborative2->__construct()
 3 SYSTEMPATH\CodeIgniter.php(473): CodeIgniter\CodeIgniter->createController()
 4 SYSTEMPATH\CodeIgniter.php(351): CodeIgniter\CodeIgniter->handleRequest(null, Object(Config\Cache), false)
 5 FCPATH\index.php(67): CodeIgniter\CodeIgniter->run()
 6 SYSTEMPATH\Commands\Server\rewrite.php(46): require_once('FCPATH\\index.php')
CRITICAL - 2022-11-27 00:05:12 --> Call to undefined function App\Controllers\user()
in APPPATH\Controllers\Collaborative2.php on line 71.
 1 APPPATH\Controllers\Collaborative2.php(39): App\Controllers\Collaborative2->user()
 2 SYSTEMPATH\CodeIgniter.php(889): App\Controllers\Collaborative2->__construct()
 3 SYSTEMPATH\CodeIgniter.php(473): CodeIgniter\CodeIgniter->createController()
 4 SYSTEMPATH\CodeIgniter.php(351): CodeIgniter\CodeIgniter->handleRequest(null, Object(Config\Cache), false)
 5 FCPATH\index.php(67): CodeIgniter\CodeIgniter->run()
 6 SYSTEMPATH\Commands\Server\rewrite.php(46): require_once('FCPATH\\index.php')
CRITICAL - 2022-11-27 00:05:28 --> Call to undefined function App\Controllers\logged_in()
in APPPATH\Controllers\Collaborative2.php on line 70.
 1 APPPATH\Controllers\Collaborative2.php(39): App\Controllers\Collaborative2->user()
 2 SYSTEMPATH\CodeIgniter.php(889): App\Controllers\Collaborative2->__construct()
 3 SYSTEMPATH\CodeIgniter.php(473): CodeIgniter\CodeIgniter->createController()
 4 SYSTEMPATH\CodeIgniter.php(351): CodeIgniter\CodeIgniter->handleRequest(null, Object(Config\Cache), false)
 5 FCPATH\index.php(67): CodeIgniter\CodeIgniter->run()
 6 SYSTEMPATH\Commands\Server\rewrite.php(46): require_once('FCPATH\\index.php')
CRITICAL - 2022-11-27 00:07:15 --> Call to undefined function App\Controllers\logged_in()
in APPPATH\Controllers\Collaborative2.php on line 70.
 1 APPPATH\Controllers\Collaborative2.php(39): App\Controllers\Collaborative2->user()
 2 SYSTEMPATH\CodeIgniter.php(889): App\Controllers\Collaborative2->__construct()
 3 SYSTEMPATH\CodeIgniter.php(473): CodeIgniter\CodeIgniter->createController()
 4 SYSTEMPATH\CodeIgniter.php(351): CodeIgniter\CodeIgniter->handleRequest(null, Object(Config\Cache), false)
 5 FCPATH\index.php(67): CodeIgniter\CodeIgniter->run()
 6 SYSTEMPATH\Commands\Server\rewrite.php(46): require_once('FCPATH\\index.php')
CRITICAL - 2022-11-27 00:07:56 --> Call to undefined function App\Controllers\logged_in()
in APPPATH\Controllers\Collaborative2.php on line 70.
 1 APPPATH\Controllers\Collaborative2.php(39): App\Controllers\Collaborative2->user()
 2 SYSTEMPATH\CodeIgniter.php(889): App\Controllers\Collaborative2->__construct()
 3 SYSTEMPATH\CodeIgniter.php(473): CodeIgniter\CodeIgniter->createController()
 4 SYSTEMPATH\CodeIgniter.php(351): CodeIgniter\CodeIgniter->handleRequest(null, Object(Config\Cache), false)
 5 FCPATH\index.php(67): CodeIgniter\CodeIgniter->run()
 6 SYSTEMPATH\Commands\Server\rewrite.php(46): require_once('FCPATH\\index.php')
CRITICAL - 2022-11-27 00:07:57 --> Call to undefined function App\Controllers\logged_in()
in APPPATH\Controllers\Collaborative2.php on line 70.
 1 APPPATH\Controllers\Collaborative2.php(39): App\Controllers\Collaborative2->user()
 2 SYSTEMPATH\CodeIgniter.php(889): App\Controllers\Collaborative2->__construct()
 3 SYSTEMPATH\CodeIgniter.php(473): CodeIgniter\CodeIgniter->createController()
 4 SYSTEMPATH\CodeIgniter.php(351): CodeIgniter\CodeIgniter->handleRequest(null, Object(Config\Cache), false)
 5 FCPATH\index.php(67): CodeIgniter\CodeIgniter->run()
 6 SYSTEMPATH\Commands\Server\rewrite.php(46): require_once('FCPATH\\index.php')
CRITICAL - 2022-11-27 00:08:07 --> Undefined variable $user_id
in APPPATH\Controllers\Collaborative2.php on line 77.
 1 APPPATH\Controllers\Collaborative2.php(77): CodeIgniter\Debug\Exceptions->errorHandler(2, 'Undefined variable $user_id', 'APPPATH\\Controllers\\Collaborative2.php', 77)
 2 APPPATH\Controllers\Collaborative2.php(39): App\Controllers\Collaborative2->user()
 3 SYSTEMPATH\CodeIgniter.php(889): App\Controllers\Collaborative2->__construct()
 4 SYSTEMPATH\CodeIgniter.php(473): CodeIgniter\CodeIgniter->createController()
 5 SYSTEMPATH\CodeIgniter.php(351): CodeIgniter\CodeIgniter->handleRequest(null, Object(Config\Cache), false)
 6 FCPATH\index.php(67): CodeIgniter\CodeIgniter->run()
 7 SYSTEMPATH\Commands\Server\rewrite.php(46): require_once('FCPATH\\index.php')
CRITICAL - 2022-11-27 00:10:12 --> Call to undefined function App\Controllers\user()
in APPPATH\Controllers\Collaborative2.php on line 79.
 1 APPPATH\Controllers\Collaborative2.php(39): App\Controllers\Collaborative2->user()
 2 SYSTEMPATH\CodeIgniter.php(889): App\Controllers\Collaborative2->__construct()
 3 SYSTEMPATH\CodeIgniter.php(473): CodeIgniter\CodeIgniter->createController()
 4 SYSTEMPATH\CodeIgniter.php(351): CodeIgniter\CodeIgniter->handleRequest(null, Object(Config\Cache), false)
 5 FCPATH\index.php(67): CodeIgniter\CodeIgniter->run()
 6 SYSTEMPATH\Commands\Server\rewrite.php(46): require_once('FCPATH\\index.php')
CRITICAL - 2022-11-27 00:11:02 --> Call to undefined function App\Controllers\logged_in()
in APPPATH\Controllers\Collaborative2.php on line 70.
 1 APPPATH\Controllers\Collaborative2.php(39): App\Controllers\Collaborative2->user()
 2 SYSTEMPATH\CodeIgniter.php(889): App\Controllers\Collaborative2->__construct()
 3 SYSTEMPATH\CodeIgniter.php(473): CodeIgniter\CodeIgniter->createController()
 4 SYSTEMPATH\CodeIgniter.php(351): CodeIgniter\CodeIgniter->handleRequest(null, Object(Config\Cache), false)
 5 FCPATH\index.php(67): CodeIgniter\CodeIgniter->run()
 6 SYSTEMPATH\Commands\Server\rewrite.php(46): require_once('FCPATH\\index.php')
CRITICAL - 2022-11-27 00:11:17 --> Call to undefined function App\Controllers\user()
in APPPATH\Controllers\Collaborative2.php on line 71.
 1 APPPATH\Controllers\Collaborative2.php(39): App\Controllers\Collaborative2->user()
 2 SYSTEMPATH\CodeIgniter.php(889): App\Controllers\Collaborative2->__construct()
 3 SYSTEMPATH\CodeIgniter.php(473): CodeIgniter\CodeIgniter->createController()
 4 SYSTEMPATH\CodeIgniter.php(351): CodeIgniter\CodeIgniter->handleRequest(null, Object(Config\Cache), false)
 5 FCPATH\index.php(67): CodeIgniter\CodeIgniter->run()
 6 SYSTEMPATH\Commands\Server\rewrite.php(46): require_once('FCPATH\\index.php')
CRITICAL - 2022-11-27 00:12:51 --> Undefined variable $user
in APPPATH\Controllers\Collaborative2.php on line 71.
 1 APPPATH\Controllers\Collaborative2.php(71): CodeIgniter\Debug\Exceptions->errorHandler(2, 'Undefined variable $user', 'APPPATH\\Controllers\\Collaborative2.php', 71)
 2 APPPATH\Controllers\Collaborative2.php(39): App\Controllers\Collaborative2->user()
 3 SYSTEMPATH\CodeIgniter.php(889): App\Controllers\Collaborative2->__construct()
 4 SYSTEMPATH\CodeIgniter.php(473): CodeIgniter\CodeIgniter->createController()
 5 SYSTEMPATH\CodeIgniter.php(351): CodeIgniter\CodeIgniter->handleRequest(null, Object(Config\Cache), false)
 6 FCPATH\index.php(67): CodeIgniter\CodeIgniter->run()
 7 SYSTEMPATH\Commands\Server\rewrite.php(46): require_once('FCPATH\\index.php')
CRITICAL - 2022-11-27 00:12:57 --> Call to undefined function App\Controllers\user()
in APPPATH\Controllers\Collaborative2.php on line 71.
 1 APPPATH\Controllers\Collaborative2.php(39): App\Controllers\Collaborative2->user()
 2 SYSTEMPATH\CodeIgniter.php(889): App\Controllers\Collaborative2->__construct()
 3 SYSTEMPATH\CodeIgniter.php(473): CodeIgniter\CodeIgniter->createController()
 4 SYSTEMPATH\CodeIgniter.php(351): CodeIgniter\CodeIgniter->handleRequest(null, Object(Config\Cache), false)
 5 FCPATH\index.php(67): CodeIgniter\CodeIgniter->run()
 6 SYSTEMPATH\Commands\Server\rewrite.php(46): require_once('FCPATH\\index.php')
CRITICAL - 2022-11-27 00:15:39 --> Call to undefined function App\Controllers\user()
in APPPATH\Controllers\Collaborative2.php on line 71.
 1 APPPATH\Controllers\Collaborative2.php(39): App\Controllers\Collaborative2->user()
 2 SYSTEMPATH\CodeIgniter.php(889): App\Controllers\Collaborative2->__construct()
 3 SYSTEMPATH\CodeIgniter.php(473): CodeIgniter\CodeIgniter->createController()
 4 SYSTEMPATH\CodeIgniter.php(351): CodeIgniter\CodeIgniter->handleRequest(null, Object(Config\Cache), false)
 5 FCPATH\index.php(67): CodeIgniter\CodeIgniter->run()
 6 SYSTEMPATH\Commands\Server\rewrite.php(46): require_once('FCPATH\\index.php')
CRITICAL - 2022-11-27 00:15:46 --> Call to undefined function App\Controllers\user()
in APPPATH\Controllers\Collaborative2.php on line 71.
 1 APPPATH\Controllers\Collaborative2.php(39): App\Controllers\Collaborative2->user()
 2 SYSTEMPATH\CodeIgniter.php(889): App\Controllers\Collaborative2->__construct()
 3 SYSTEMPATH\CodeIgniter.php(473): CodeIgniter\CodeIgniter->createController()
 4 SYSTEMPATH\CodeIgniter.php(351): CodeIgniter\CodeIgniter->handleRequest(null, Object(Config\Cache), false)
 5 FCPATH\index.php(67): CodeIgniter\CodeIgniter->run()
 6 SYSTEMPATH\Commands\Server\rewrite.php(46): require_once('FCPATH\\index.php')
CRITICAL - 2022-11-27 00:21:27 --> Call to undefined function App\Controllers\user()
in APPPATH\Controllers\Collaborative2.php on line 68.
 1 APPPATH\Controllers\Collaborative2.php(36): App\Controllers\Collaborative2->user()
 2 SYSTEMPATH\CodeIgniter.php(889): App\Controllers\Collaborative2->__construct()
 3 SYSTEMPATH\CodeIgniter.php(473): CodeIgniter\CodeIgniter->createController()
 4 SYSTEMPATH\CodeIgniter.php(351): CodeIgniter\CodeIgniter->handleRequest(null, Object(Config\Cache), false)
 5 FCPATH\index.php(67): CodeIgniter\CodeIgniter->run()
 6 SYSTEMPATH\Commands\Server\rewrite.php(46): require_once('FCPATH\\index.php')
CRITICAL - 2022-11-27 00:21:45 --> Call to undefined function App\Controllers\logged_in()
in APPPATH\Controllers\Collaborative2.php on line 67.
 1 APPPATH\Controllers\Collaborative2.php(36): App\Controllers\Collaborative2->user()
 2 SYSTEMPATH\CodeIgniter.php(889): App\Controllers\Collaborative2->__construct()
 3 SYSTEMPATH\CodeIgniter.php(473): CodeIgniter\CodeIgniter->createController()
 4 SYSTEMPATH\CodeIgniter.php(351): CodeIgniter\CodeIgniter->handleRequest(null, Object(Config\Cache), false)
 5 FCPATH\index.php(67): CodeIgniter\CodeIgniter->run()
 6 SYSTEMPATH\Commands\Server\rewrite.php(46): require_once('FCPATH\\index.php')
CRITICAL - 2022-11-27 00:27:43 --> Undefined property: App\Controllers\Collaborative2::$predictions
in APPPATH\Controllers\Collaborative2.php on line 259.
 1 APPPATH\Controllers\Collaborative2.php(259): CodeIgniter\Debug\Exceptions->errorHandler(2, 'Undefined property: App\\Controllers\\Collaborative2::$predictions', 'APPPATH\\Controllers\\Collaborative2.php', 259)
 2 APPPATH\Controllers\Collaborative2.php(303): App\Controllers\Collaborative2->predictionRecomendationsForUser()
 3 SYSTEMPATH\CodeIgniter.php(927): App\Controllers\Collaborative2->index()
 4 SYSTEMPATH\CodeIgniter.php(482): CodeIgniter\CodeIgniter->runController(Object(App\Controllers\Collaborative2))
 5 SYSTEMPATH\CodeIgniter.php(351): CodeIgniter\CodeIgniter->handleRequest(null, Object(Config\Cache), false)
 6 FCPATH\index.php(67): CodeIgniter\CodeIgniter->run()
 7 SYSTEMPATH\Commands\Server\rewrite.php(46): require_once('FCPATH\\index.php')
CRITICAL - 2022-11-27 00:30:31 --> Call to undefined function App\Controllers\user()
in APPPATH\Controllers\Collaborative2.php on line 71.
 1 APPPATH\Controllers\Collaborative2.php(37): App\Controllers\Collaborative2->user()
 2 SYSTEMPATH\CodeIgniter.php(889): App\Controllers\Collaborative2->__construct()
 3 SYSTEMPATH\CodeIgniter.php(473): CodeIgniter\CodeIgniter->createController()
 4 SYSTEMPATH\CodeIgniter.php(351): CodeIgniter\CodeIgniter->handleRequest(null, Object(Config\Cache), false)
 5 FCPATH\index.php(67): CodeIgniter\CodeIgniter->run()
 6 SYSTEMPATH\Commands\Server\rewrite.php(46): require_once('FCPATH\\index.php')
CRITICAL - 2022-11-27 00:31:50 --> Call to undefined method App\Controllers\Collaborative2::predictions()
in APPPATH\Controllers\Collaborative2.php on line 43.
 1 SYSTEMPATH\CodeIgniter.php(889): App\Controllers\Collaborative2->__construct()
 2 SYSTEMPATH\CodeIgniter.php(473): CodeIgniter\CodeIgniter->createController()
 3 SYSTEMPATH\CodeIgniter.php(351): CodeIgniter\CodeIgniter->handleRequest(null, Object(Config\Cache), false)
 4 FCPATH\index.php(67): CodeIgniter\CodeIgniter->run()
 5 SYSTEMPATH\Commands\Server\rewrite.php(46): require_once('FCPATH\\index.php')
CRITICAL - 2022-11-27 00:32:06 --> Call to undefined method App\Controllers\Collaborative2::predictions()
in APPPATH\Controllers\Collaborative2.php on line 55.
 1 SYSTEMPATH\CodeIgniter.php(889): App\Controllers\Collaborative2->__construct()
 2 SYSTEMPATH\CodeIgniter.php(473): CodeIgniter\CodeIgniter->createController()
 3 SYSTEMPATH\CodeIgniter.php(351): CodeIgniter\CodeIgniter->handleRequest(null, Object(Config\Cache), false)
 4 FCPATH\index.php(67): CodeIgniter\CodeIgniter->run()
 5 SYSTEMPATH\Commands\Server\rewrite.php(46): require_once('FCPATH\\index.php')
CRITICAL - 2022-11-27 00:38:32 --> Undefined property: stdClass::$id
in APPPATH\Controllers\Collaborative2.php on line 263.
 1 APPPATH\Controllers\Collaborative2.php(263): CodeIgniter\Debug\Exceptions->errorHandler(2, 'Undefined property: stdClass::$id', 'APPPATH\\Controllers\\Collaborative2.php', 263)
 2 APPPATH\Controllers\Collaborative2.php(43): App\Controllers\Collaborative2->predictions()
 3 SYSTEMPATH\CodeIgniter.php(889): App\Controllers\Collaborative2->__construct()
 4 SYSTEMPATH\CodeIgniter.php(473): CodeIgniter\CodeIgniter->createController()
 5 SYSTEMPATH\CodeIgniter.php(351): CodeIgniter\CodeIgniter->handleRequest(null, Object(Config\Cache), false)
 6 FCPATH\index.php(67): CodeIgniter\CodeIgniter->run()
 7 SYSTEMPATH\Commands\Server\rewrite.php(46): require_once('FCPATH\\index.php')
CRITICAL - 2022-11-27 00:38:50 --> Undefined property: stdClass::$id
in APPPATH\Controllers\Collaborative2.php on line 268.
 1 APPPATH\Controllers\Collaborative2.php(268): CodeIgniter\Debug\Exceptions->errorHandler(2, 'Undefined property: stdClass::$id', 'APPPATH\\Controllers\\Collaborative2.php', 268)
 2 APPPATH\Controllers\Collaborative2.php(43): App\Controllers\Collaborative2->predictions()
 3 SYSTEMPATH\CodeIgniter.php(889): App\Controllers\Collaborative2->__construct()
 4 SYSTEMPATH\CodeIgniter.php(473): CodeIgniter\CodeIgniter->createController()
 5 SYSTEMPATH\CodeIgniter.php(351): CodeIgniter\CodeIgniter->handleRequest(null, Object(Config\Cache), false)
 6 FCPATH\index.php(67): CodeIgniter\CodeIgniter->run()
 7 SYSTEMPATH\Commands\Server\rewrite.php(46): require_once('FCPATH\\index.php')
CRITICAL - 2022-11-27 00:39:05 --> Undefined property: App\Controllers\Collaborative2::$similiarities
in APPPATH\Controllers\Collaborative2.php on line 323.
 1 APPPATH\Controllers\Collaborative2.php(323): CodeIgniter\Debug\Exceptions->errorHandler(2, 'Undefined property: App\\Controllers\\Collaborative2::$similiarities', 'APPPATH\\Controllers\\Collaborative2.php', 323)
 2 APPPATH\Controllers\Collaborative2.php(307): App\Controllers\Collaborative2->prediction_numerator('6', '5')
 3 APPPATH\Controllers\Collaborative2.php(272): App\Controllers\Collaborative2->prediction('6', '5')
 4 APPPATH\Controllers\Collaborative2.php(43): App\Controllers\Collaborative2->predictions()
 5 SYSTEMPATH\CodeIgniter.php(889): App\Controllers\Collaborative2->__construct()
 6 SYSTEMPATH\CodeIgniter.php(473): CodeIgniter\CodeIgniter->createController()
 7 SYSTEMPATH\CodeIgniter.php(351): CodeIgniter\CodeIgniter->handleRequest(null, Object(Config\Cache), false)
 8 FCPATH\index.php(67): CodeIgniter\CodeIgniter->run()
 9 SYSTEMPATH\Commands\Server\rewrite.php(46): require_once('FCPATH\\index.php')
CRITICAL - 2022-11-27 00:40:19 --> Call to undefined function App\Controllers\user()
in APPPATH\Controllers\Collaborative2.php on line 71.
 1 APPPATH\Controllers\Collaborative2.php(37): App\Controllers\Collaborative2->user()
 2 SYSTEMPATH\CodeIgniter.php(889): App\Controllers\Collaborative2->__construct()
 3 SYSTEMPATH\CodeIgniter.php(473): CodeIgniter\CodeIgniter->createController()
 4 SYSTEMPATH\CodeIgniter.php(351): CodeIgniter\CodeIgniter->handleRequest(null, Object(Config\Cache), false)
 5 FCPATH\index.php(67): CodeIgniter\CodeIgniter->run()
 6 SYSTEMPATH\Commands\Server\rewrite.php(46): require_once('FCPATH\\index.php')
CRITICAL - 2022-11-27 00:40:39 --> Call to undefined function App\Controllers\user()
in APPPATH\Controllers\Collaborative2.php on line 71.
 1 APPPATH\Controllers\Collaborative2.php(37): App\Controllers\Collaborative2->user()
 2 SYSTEMPATH\CodeIgniter.php(889): App\Controllers\Collaborative2->__construct()
 3 SYSTEMPATH\CodeIgniter.php(473): CodeIgniter\CodeIgniter->createController()
 4 SYSTEMPATH\CodeIgniter.php(351): CodeIgniter\CodeIgniter->handleRequest(null, Object(Config\Cache), false)
 5 FCPATH\index.php(67): CodeIgniter\CodeIgniter->run()
 6 SYSTEMPATH\Commands\Server\rewrite.php(46): require_once('FCPATH\\index.php')
CRITICAL - 2022-11-27 00:40:52 --> Call to undefined function App\Controllers\user()
in APPPATH\Controllers\Collaborative2.php on line 71.
 1 APPPATH\Controllers\Collaborative2.php(37): App\Controllers\Collaborative2->user()
 2 SYSTEMPATH\CodeIgniter.php(889): App\Controllers\Collaborative2->__construct()
 3 SYSTEMPATH\CodeIgniter.php(473): CodeIgniter\CodeIgniter->createController()
 4 SYSTEMPATH\CodeIgniter.php(351): CodeIgniter\CodeIgniter->handleRequest(null, Object(Config\Cache), false)
 5 FCPATH\index.php(67): CodeIgniter\CodeIgniter->run()
 6 SYSTEMPATH\Commands\Server\rewrite.php(46): require_once('FCPATH\\index.php')
CRITICAL - 2022-11-27 00:41:27 --> Call to undefined function App\Controllers\user()
in APPPATH\Controllers\Collaborative2.php on line 71.
 1 APPPATH\Controllers\Collaborative2.php(37): App\Controllers\Collaborative2->user()
 2 SYSTEMPATH\CodeIgniter.php(889): App\Controllers\Collaborative2->__construct()
 3 SYSTEMPATH\CodeIgniter.php(473): CodeIgniter\CodeIgniter->createController()
 4 SYSTEMPATH\CodeIgniter.php(351): CodeIgniter\CodeIgniter->handleRequest(null, Object(Config\Cache), false)
 5 FCPATH\index.php(67): CodeIgniter\CodeIgniter->run()
 6 SYSTEMPATH\Commands\Server\rewrite.php(46): require_once('FCPATH\\index.php')
CRITICAL - 2022-11-27 00:43:22 --> foreach() argument must be of type array|object, null given
in APPPATH\Controllers\Collaborative2.php on line 120.
 1 APPPATH\Controllers\Collaborative2.php(120): CodeIgniter\Debug\Exceptions->errorHandler(2, 'foreach() argument must be of type array|object, null given', 'APPPATH\\Controllers\\Collaborative2.php', 120)
 2 APPPATH\Controllers\Collaborative2.php(40): App\Controllers\Collaborative2->ratingRaw()
 3 SYSTEMPATH\CodeIgniter.php(889): App\Controllers\Collaborative2->__construct()
 4 SYSTEMPATH\CodeIgniter.php(473): CodeIgniter\CodeIgniter->createController()
 5 SYSTEMPATH\CodeIgniter.php(351): CodeIgniter\CodeIgniter->handleRequest(null, Object(Config\Cache), false)
 6 FCPATH\index.php(67): CodeIgniter\CodeIgniter->run()
 7 SYSTEMPATH\Commands\Server\rewrite.php(46): require_once('FCPATH\\index.php')
CRITICAL - 2022-11-27 00:43:24 --> foreach() argument must be of type array|object, null given
in APPPATH\Controllers\Collaborative2.php on line 120.
 1 APPPATH\Controllers\Collaborative2.php(120): CodeIgniter\Debug\Exceptions->errorHandler(2, 'foreach() argument must be of type array|object, null given', 'APPPATH\\Controllers\\Collaborative2.php', 120)
 2 APPPATH\Controllers\Collaborative2.php(40): App\Controllers\Collaborative2->ratingRaw()
 3 SYSTEMPATH\CodeIgniter.php(889): App\Controllers\Collaborative2->__construct()
 4 SYSTEMPATH\CodeIgniter.php(473): CodeIgniter\CodeIgniter->createController()
 5 SYSTEMPATH\CodeIgniter.php(351): CodeIgniter\CodeIgniter->handleRequest(null, Object(Config\Cache), false)
 6 FCPATH\index.php(67): CodeIgniter\CodeIgniter->run()
 7 SYSTEMPATH\Commands\Server\rewrite.php(46): require_once('FCPATH\\index.php')
CRITICAL - 2022-11-27 00:44:41 --> foreach() argument must be of type array|object, null given
in APPPATH\Controllers\Collaborative2.php on line 120.
 1 APPPATH\Controllers\Collaborative2.php(120): CodeIgniter\Debug\Exceptions->errorHandler(2, 'foreach() argument must be of type array|object, null given', 'APPPATH\\Controllers\\Collaborative2.php', 120)
 2 APPPATH\Controllers\Collaborative2.php(40): App\Controllers\Collaborative2->ratingRaw()
 3 SYSTEMPATH\CodeIgniter.php(889): App\Controllers\Collaborative2->__construct()
 4 SYSTEMPATH\CodeIgniter.php(473): CodeIgniter\CodeIgniter->createController()
 5 SYSTEMPATH\CodeIgniter.php(351): CodeIgniter\CodeIgniter->handleRequest(null, Object(Config\Cache), false)
 6 FCPATH\index.php(67): CodeIgniter\CodeIgniter->run()
 7 SYSTEMPATH\Commands\Server\rewrite.php(46): require_once('FCPATH\\index.php')
CRITICAL - 2022-11-27 00:44:43 --> foreach() argument must be of type array|object, null given
in APPPATH\Controllers\Collaborative2.php on line 120.
 1 APPPATH\Controllers\Collaborative2.php(120): CodeIgniter\Debug\Exceptions->errorHandler(2, 'foreach() argument must be of type array|object, null given', 'APPPATH\\Controllers\\Collaborative2.php', 120)
 2 APPPATH\Controllers\Collaborative2.php(40): App\Controllers\Collaborative2->ratingRaw()
 3 SYSTEMPATH\CodeIgniter.php(889): App\Controllers\Collaborative2->__construct()
 4 SYSTEMPATH\CodeIgniter.php(473): CodeIgniter\CodeIgniter->createController()
 5 SYSTEMPATH\CodeIgniter.php(351): CodeIgniter\CodeIgniter->handleRequest(null, Object(Config\Cache), false)
 6 FCPATH\index.php(67): CodeIgniter\CodeIgniter->run()
 7 SYSTEMPATH\Commands\Server\rewrite.php(46): require_once('FCPATH\\index.php')
CRITICAL - 2022-11-27 00:47:29 --> foreach() argument must be of type array|object, null given
in APPPATH\Controllers\Collaborative2.php on line 122.
 1 APPPATH\Controllers\Collaborative2.php(122): CodeIgniter\Debug\Exceptions->errorHandler(2, 'foreach() argument must be of type array|object, null given', 'APPPATH\\Controllers\\Collaborative2.php', 122)
 2 APPPATH\Controllers\Collaborative2.php(42): App\Controllers\Collaborative2->ratingRaw()
 3 SYSTEMPATH\CodeIgniter.php(889): App\Controllers\Collaborative2->__construct()
 4 SYSTEMPATH\CodeIgniter.php(473): CodeIgniter\CodeIgniter->createController()
 5 SYSTEMPATH\CodeIgniter.php(351): CodeIgniter\CodeIgniter->handleRequest(null, Object(Config\Cache), false)
 6 FCPATH\index.php(67): CodeIgniter\CodeIgniter->run()
 7 SYSTEMPATH\Commands\Server\rewrite.php(46): require_once('FCPATH\\index.php')
CRITICAL - 2022-11-27 00:48:05 --> foreach() argument must be of type array|object, null given
in APPPATH\Controllers\Collaborative2.php on line 120.
 1 APPPATH\Controllers\Collaborative2.php(120): CodeIgniter\Debug\Exceptions->errorHandler(2, 'foreach() argument must be of type array|object, null given', 'APPPATH\\Controllers\\Collaborative2.php', 120)
 2 APPPATH\Controllers\Collaborative2.php(40): App\Controllers\Collaborative2->ratingRaw()
 3 SYSTEMPATH\CodeIgniter.php(889): App\Controllers\Collaborative2->__construct()
 4 SYSTEMPATH\CodeIgniter.php(473): CodeIgniter\CodeIgniter->createController()
 5 SYSTEMPATH\CodeIgniter.php(351): CodeIgniter\CodeIgniter->handleRequest(null, Object(Config\Cache), false)
 6 FCPATH\index.php(67): CodeIgniter\CodeIgniter->run()
 7 SYSTEMPATH\Commands\Server\rewrite.php(46): require_once('FCPATH\\index.php')
CRITICAL - 2022-11-27 00:48:31 --> foreach() argument must be of type array|object, null given
in APPPATH\Controllers\Collaborative2.php on line 120.
 1 APPPATH\Controllers\Collaborative2.php(120): CodeIgniter\Debug\Exceptions->errorHandler(2, 'foreach() argument must be of type array|object, null given', 'APPPATH\\Controllers\\Collaborative2.php', 120)
 2 APPPATH\Controllers\Collaborative2.php(40): App\Controllers\Collaborative2->ratingRaw()
 3 SYSTEMPATH\CodeIgniter.php(889): App\Controllers\Collaborative2->__construct()
 4 SYSTEMPATH\CodeIgniter.php(473): CodeIgniter\CodeIgniter->createController()
 5 SYSTEMPATH\CodeIgniter.php(351): CodeIgniter\CodeIgniter->handleRequest(null, Object(Config\Cache), false)
 6 FCPATH\index.php(67): CodeIgniter\CodeIgniter->run()
 7 SYSTEMPATH\Commands\Server\rewrite.php(46): require_once('FCPATH\\index.php')
CRITICAL - 2022-11-27 00:48:40 --> foreach() argument must be of type array|object, null given
in APPPATH\Controllers\Collaborative2.php on line 129.
 1 APPPATH\Controllers\Collaborative2.php(129): CodeIgniter\Debug\Exceptions->errorHandler(2, 'foreach() argument must be of type array|object, null given', 'APPPATH\\Controllers\\Collaborative2.php', 129)
 2 APPPATH\Controllers\Collaborative2.php(40): App\Controllers\Collaborative2->ratingRaw()
 3 SYSTEMPATH\CodeIgniter.php(889): App\Controllers\Collaborative2->__construct()
 4 SYSTEMPATH\CodeIgniter.php(473): CodeIgniter\CodeIgniter->createController()
 5 SYSTEMPATH\CodeIgniter.php(351): CodeIgniter\CodeIgniter->handleRequest(null, Object(Config\Cache), false)
 6 FCPATH\index.php(67): CodeIgniter\CodeIgniter->run()
 7 SYSTEMPATH\Commands\Server\rewrite.php(46): require_once('FCPATH\\index.php')
CRITICAL - 2022-11-27 00:48:52 --> foreach() argument must be of type array|object, null given
in APPPATH\Controllers\Collaborative2.php on line 120.
 1 APPPATH\Controllers\Collaborative2.php(120): CodeIgniter\Debug\Exceptions->errorHandler(2, 'foreach() argument must be of type array|object, null given', 'APPPATH\\Controllers\\Collaborative2.php', 120)
 2 APPPATH\Controllers\Collaborative2.php(40): App\Controllers\Collaborative2->ratingRaw()
 3 SYSTEMPATH\CodeIgniter.php(889): App\Controllers\Collaborative2->__construct()
 4 SYSTEMPATH\CodeIgniter.php(473): CodeIgniter\CodeIgniter->createController()
 5 SYSTEMPATH\CodeIgniter.php(351): CodeIgniter\CodeIgniter->handleRequest(null, Object(Config\Cache), false)
 6 FCPATH\index.php(67): CodeIgniter\CodeIgniter->run()
 7 SYSTEMPATH\Commands\Server\rewrite.php(46): require_once('FCPATH\\index.php')
CRITICAL - 2022-11-27 00:49:06 --> foreach() argument must be of type array|object, null given
in APPPATH\Controllers\Collaborative2.php on line 120.
 1 APPPATH\Controllers\Collaborative2.php(120): CodeIgniter\Debug\Exceptions->errorHandler(2, 'foreach() argument must be of type array|object, null given', 'APPPATH\\Controllers\\Collaborative2.php', 120)
 2 APPPATH\Controllers\Collaborative2.php(40): App\Controllers\Collaborative2->ratingRaw()
 3 SYSTEMPATH\CodeIgniter.php(889): App\Controllers\Collaborative2->__construct()
 4 SYSTEMPATH\CodeIgniter.php(473): CodeIgniter\CodeIgniter->createController()
 5 SYSTEMPATH\CodeIgniter.php(351): CodeIgniter\CodeIgniter->handleRequest(null, Object(Config\Cache), false)
 6 FCPATH\index.php(67): CodeIgniter\CodeIgniter->run()
 7 SYSTEMPATH\Commands\Server\rewrite.php(46): require_once('FCPATH\\index.php')
CRITICAL - 2022-11-27 00:49:42 --> Undefined property: App\Controllers\Collaborative2::$similiarities
in APPPATH\Controllers\Collaborative2.php on line 316.
 1 APPPATH\Controllers\Collaborative2.php(316): CodeIgniter\Debug\Exceptions->errorHandler(2, 'Undefined property: App\\Controllers\\Collaborative2::$similiarities', 'APPPATH\\Controllers\\Collaborative2.php', 316)
 2 APPPATH\Controllers\Collaborative2.php(300): App\Controllers\Collaborative2->prediction_numerator('6', '5')
 3 APPPATH\Controllers\Collaborative2.php(265): App\Controllers\Collaborative2->prediction('6', '5')
 4 APPPATH\Controllers\Collaborative2.php(43): App\Controllers\Collaborative2->predictions()
 5 SYSTEMPATH\CodeIgniter.php(889): App\Controllers\Collaborative2->__construct()
 6 SYSTEMPATH\CodeIgniter.php(473): CodeIgniter\CodeIgniter->createController()
 7 SYSTEMPATH\CodeIgniter.php(351): CodeIgniter\CodeIgniter->handleRequest(null, Object(Config\Cache), false)
 8 FCPATH\index.php(67): CodeIgniter\CodeIgniter->run()
 9 SYSTEMPATH\Commands\Server\rewrite.php(46): require_once('FCPATH\\index.php')
