CRITICAL - 2022-12-04 01:37:33 --> Undefined variable $snapToken
in APPPATH\Views\payment\pay.php on line 11.
 1 APPPATH\Views\payment\pay.php(11): CodeIgniter\Debug\Exceptions->errorHandler(2, 'Undefined variable $snapToken', 'APPPATH\\Views\\payment\\pay.php', 11)
 2 SYSTEMPATH\View\View.php(213): include('APPPATH\\Views\\payment\\pay.php')
 3 SYSTEMPATH\View\View.php(216): CodeIgniter\View\View->CodeIgniter\View\{closure}()
 4 SYSTEMPATH\Common.php(1134): CodeIgniter\View\View->render('payment/pay', [], true)
 5 APPPATH\Controllers\Payment.php(30): view('payment/pay')
 6 SYSTEMPATH\CodeIgniter.php(927): App\Controllers\Payment->index()
 7 SYSTEMPATH\CodeIgniter.php(482): CodeIgniter\CodeIgniter->runController(Object(App\Controllers\Payment))
 8 SYSTEMPATH\CodeIgniter.php(351): CodeIgniter\CodeIgniter->handleRequest(null, Object(Config\Cache), false)
 9 FCPATH\index.php(67): CodeIgniter\CodeIgniter->run()
10 SYSTEMPATH\Commands\Server\rewrite.php(46): require_once('FCPATH\\index.php')
CRITICAL - 2022-12-04 01:38:10 --> Array to string conversion
in APPPATH\Controllers\Payment.php on line 30.
 1 APPPATH\Controllers\Payment.php(30): CodeIgniter\Debug\Exceptions->errorHandler(2, 'Array to string conversion', 'APPPATH\\Controllers\\Payment.php', 30)
 2 SYSTEMPATH\CodeIgniter.php(927): App\Controllers\Payment->index()
 3 SYSTEMPATH\CodeIgniter.php(482): CodeIgniter\CodeIgniter->runController(Object(App\Controllers\Payment))
 4 SYSTEMPATH\CodeIgniter.php(351): CodeIgniter\CodeIgniter->handleRequest(null, Object(Config\Cache), false)
 5 FCPATH\index.php(67): CodeIgniter\CodeIgniter->run()
 6 SYSTEMPATH\Commands\Server\rewrite.php(46): require_once('FCPATH\\index.php')
CRITICAL - 2022-12-04 01:38:16 --> Undefined variable $snapToken
in APPPATH\Views\payment\pay.php on line 11.
 1 APPPATH\Views\payment\pay.php(11): CodeIgniter\Debug\Exceptions->errorHandler(2, 'Undefined variable $snapToken', 'APPPATH\\Views\\payment\\pay.php', 11)
 2 SYSTEMPATH\View\View.php(213): include('APPPATH\\Views\\payment\\pay.php')
 3 SYSTEMPATH\View\View.php(216): CodeIgniter\View\View->CodeIgniter\View\{closure}()
 4 SYSTEMPATH\Common.php(1134): CodeIgniter\View\View->render('payment/pay', [], true)
 5 APPPATH\Controllers\Payment.php(30): view('payment/pay', [...])
 6 SYSTEMPATH\CodeIgniter.php(927): App\Controllers\Payment->index()
 7 SYSTEMPATH\CodeIgniter.php(482): CodeIgniter\CodeIgniter->runController(Object(App\Controllers\Payment))
 8 SYSTEMPATH\CodeIgniter.php(351): CodeIgniter\CodeIgniter->handleRequest(null, Object(Config\Cache), false)
 9 FCPATH\index.php(67): CodeIgniter\CodeIgniter->run()
10 SYSTEMPATH\Commands\Server\rewrite.php(46): require_once('FCPATH\\index.php')
CRITICAL - 2022-12-04 01:38:22 --> Array to string conversion
in APPPATH\Controllers\Payment.php on line 30.
 1 APPPATH\Controllers\Payment.php(30): CodeIgniter\Debug\Exceptions->errorHandler(2, 'Array to string conversion', 'APPPATH\\Controllers\\Payment.php', 30)
 2 SYSTEMPATH\CodeIgniter.php(927): App\Controllers\Payment->index()
 3 SYSTEMPATH\CodeIgniter.php(482): CodeIgniter\CodeIgniter->runController(Object(App\Controllers\Payment))
 4 SYSTEMPATH\CodeIgniter.php(351): CodeIgniter\CodeIgniter->handleRequest(null, Object(Config\Cache), false)
 5 FCPATH\index.php(67): CodeIgniter\CodeIgniter->run()
 6 SYSTEMPATH\Commands\Server\rewrite.php(46): require_once('FCPATH\\index.php')
CRITICAL - 2022-12-04 01:38:53 --> Undefined variable $snapToken
in APPPATH\Views\payment\pay.php on line 11.
 1 APPPATH\Views\payment\pay.php(11): CodeIgniter\Debug\Exceptions->errorHandler(2, 'Undefined variable $snapToken', 'APPPATH\\Views\\payment\\pay.php', 11)
 2 SYSTEMPATH\View\View.php(213): include('APPPATH\\Views\\payment\\pay.php')
 3 SYSTEMPATH\View\View.php(216): CodeIgniter\View\View->CodeIgniter\View\{closure}()
 4 SYSTEMPATH\Common.php(1134): CodeIgniter\View\View->render('payment/pay', [], true)
 5 APPPATH\Controllers\Payment.php(30): view('payment/pay', [...])
 6 SYSTEMPATH\CodeIgniter.php(927): App\Controllers\Payment->index()
 7 SYSTEMPATH\CodeIgniter.php(482): CodeIgniter\CodeIgniter->runController(Object(App\Controllers\Payment))
 8 SYSTEMPATH\CodeIgniter.php(351): CodeIgniter\CodeIgniter->handleRequest(null, Object(Config\Cache), false)
 9 FCPATH\index.php(67): CodeIgniter\CodeIgniter->run()
10 SYSTEMPATH\Commands\Server\rewrite.php(46): require_once('FCPATH\\index.php')
CRITICAL - 2022-12-04 01:39:42 --> Undefined variable $snapToken
in APPPATH\Views\payment\pay.php on line 11.
 1 APPPATH\Views\payment\pay.php(11): CodeIgniter\Debug\Exceptions->errorHandler(2, 'Undefined variable $snapToken', 'APPPATH\\Views\\payment\\pay.php', 11)
 2 SYSTEMPATH\View\View.php(213): include('APPPATH\\Views\\payment\\pay.php')
 3 SYSTEMPATH\View\View.php(216): CodeIgniter\View\View->CodeIgniter\View\{closure}()
 4 SYSTEMPATH\Common.php(1134): CodeIgniter\View\View->render('payment/pay', [], true)
 5 APPPATH\Controllers\Payment.php(30): view('payment/pay', [...])
 6 SYSTEMPATH\CodeIgniter.php(927): App\Controllers\Payment->index()
 7 SYSTEMPATH\CodeIgniter.php(482): CodeIgniter\CodeIgniter->runController(Object(App\Controllers\Payment))
 8 SYSTEMPATH\CodeIgniter.php(351): CodeIgniter\CodeIgniter->handleRequest(null, Object(Config\Cache), false)
 9 FCPATH\index.php(67): CodeIgniter\CodeIgniter->run()
10 SYSTEMPATH\Commands\Server\rewrite.php(46): require_once('FCPATH\\index.php')
CRITICAL - 2022-12-04 01:41:49 --> Undefined variable $snapToken
in APPPATH\Views\payment\pay.php on line 11.
 1 APPPATH\Views\payment\pay.php(11): CodeIgniter\Debug\Exceptions->errorHandler(2, 'Undefined variable $snapToken', 'APPPATH\\Views\\payment\\pay.php', 11)
 2 SYSTEMPATH\View\View.php(213): include('APPPATH\\Views\\payment\\pay.php')
 3 SYSTEMPATH\View\View.php(216): CodeIgniter\View\View->CodeIgniter\View\{closure}()
 4 SYSTEMPATH\Common.php(1134): CodeIgniter\View\View->render('payment/pay', [], true)
 5 APPPATH\Controllers\Payment.php(30): view('payment/pay', [...])
 6 SYSTEMPATH\CodeIgniter.php(927): App\Controllers\Payment->index()
 7 SYSTEMPATH\CodeIgniter.php(482): CodeIgniter\CodeIgniter->runController(Object(App\Controllers\Payment))
 8 SYSTEMPATH\CodeIgniter.php(351): CodeIgniter\CodeIgniter->handleRequest(null, Object(Config\Cache), false)
 9 FCPATH\index.php(67): CodeIgniter\CodeIgniter->run()
10 SYSTEMPATH\Commands\Server\rewrite.php(46): require_once('FCPATH\\index.php')
CRITICAL - 2022-12-04 01:48:45 --> Attempt to read property "role" on null
in APPPATH\Controllers\Home.php on line 39.
 1 APPPATH\Controllers\Home.php(39): CodeIgniter\Debug\Exceptions->errorHandler(2, 'Attempt to read property "role" on null', 'APPPATH\\Controllers\\Home.php', 39)
 2 SYSTEMPATH\CodeIgniter.php(927): App\Controllers\Home->index()
 3 SYSTEMPATH\CodeIgniter.php(482): CodeIgniter\CodeIgniter->runController(Object(App\Controllers\Home))
 4 SYSTEMPATH\CodeIgniter.php(351): CodeIgniter\CodeIgniter->handleRequest(null, Object(Config\Cache), false)
 5 FCPATH\index.php(67): CodeIgniter\CodeIgniter->run()
 6 SYSTEMPATH\Commands\Server\rewrite.php(46): require_once('FCPATH\\index.php')
CRITICAL - 2022-12-04 01:49:04 --> Attempt to read property "role" on null
in APPPATH\Controllers\Home.php on line 39.
 1 APPPATH\Controllers\Home.php(39): CodeIgniter\Debug\Exceptions->errorHandler(2, 'Attempt to read property "role" on null', 'APPPATH\\Controllers\\Home.php', 39)
 2 SYSTEMPATH\CodeIgniter.php(927): App\Controllers\Home->index()
 3 SYSTEMPATH\CodeIgniter.php(482): CodeIgniter\CodeIgniter->runController(Object(App\Controllers\Home))
 4 SYSTEMPATH\CodeIgniter.php(351): CodeIgniter\CodeIgniter->handleRequest(null, Object(Config\Cache), false)
 5 FCPATH\index.php(67): CodeIgniter\CodeIgniter->run()
 6 SYSTEMPATH\Commands\Server\rewrite.php(46): require_once('FCPATH\\index.php')
CRITICAL - 2022-12-04 01:49:47 --> Attempt to read property "role" on null
in APPPATH\Controllers\Home.php on line 39.
 1 APPPATH\Controllers\Home.php(39): CodeIgniter\Debug\Exceptions->errorHandler(2, 'Attempt to read property "role" on null', 'APPPATH\\Controllers\\Home.php', 39)
 2 SYSTEMPATH\CodeIgniter.php(927): App\Controllers\Home->index()
 3 SYSTEMPATH\CodeIgniter.php(482): CodeIgniter\CodeIgniter->runController(Object(App\Controllers\Home))
 4 SYSTEMPATH\CodeIgniter.php(351): CodeIgniter\CodeIgniter->handleRequest(null, Object(Config\Cache), false)
 5 FCPATH\index.php(67): CodeIgniter\CodeIgniter->run()
 6 SYSTEMPATH\Commands\Server\rewrite.php(46): require_once('FCPATH\\index.php')
CRITICAL - 2022-12-04 01:49:49 --> Attempt to read property "role" on null
in APPPATH\Controllers\Home.php on line 39.
 1 APPPATH\Controllers\Home.php(39): CodeIgniter\Debug\Exceptions->errorHandler(2, 'Attempt to read property "role" on null', 'APPPATH\\Controllers\\Home.php', 39)
 2 SYSTEMPATH\CodeIgniter.php(927): App\Controllers\Home->index()
 3 SYSTEMPATH\CodeIgniter.php(482): CodeIgniter\CodeIgniter->runController(Object(App\Controllers\Home))
 4 SYSTEMPATH\CodeIgniter.php(351): CodeIgniter\CodeIgniter->handleRequest(null, Object(Config\Cache), false)
 5 FCPATH\index.php(67): CodeIgniter\CodeIgniter->run()
 6 SYSTEMPATH\Commands\Server\rewrite.php(46): require_once('FCPATH\\index.php')
CRITICAL - 2022-12-04 01:50:36 --> Attempt to read property "id" on null
in APPPATH\Controllers\Home.php on line 37.
 1 APPPATH\Controllers\Home.php(37): CodeIgniter\Debug\Exceptions->errorHandler(2, 'Attempt to read property "id" on null', 'APPPATH\\Controllers\\Home.php', 37)
 2 SYSTEMPATH\CodeIgniter.php(927): App\Controllers\Home->index()
 3 SYSTEMPATH\CodeIgniter.php(482): CodeIgniter\CodeIgniter->runController(Object(App\Controllers\Home))
 4 SYSTEMPATH\CodeIgniter.php(351): CodeIgniter\CodeIgniter->handleRequest(null, Object(Config\Cache), false)
 5 FCPATH\index.php(67): CodeIgniter\CodeIgniter->run()
 6 SYSTEMPATH\Commands\Server\rewrite.php(46): require_once('FCPATH\\index.php')
CRITICAL - 2022-12-04 05:45:12 --> Undefined variable $SnapToken
in APPPATH\Views\user\Cart.php on line 135.
 1 APPPATH\Views\user\Cart.php(135): CodeIgniter\Debug\Exceptions->errorHandler(2, 'Undefined variable $SnapToken', 'APPPATH\\Views\\user\\Cart.php', 135)
 2 SYSTEMPATH\View\View.php(213): include('APPPATH\\Views\\user\\Cart.php')
 3 SYSTEMPATH\View\View.php(216): CodeIgniter\View\View->CodeIgniter\View\{closure}()
 4 SYSTEMPATH\Common.php(1134): CodeIgniter\View\View->render('user/Cart', [], true)
 5 APPPATH\Controllers\Cart.php(28): view('user/Cart', [...])
 6 SYSTEMPATH\CodeIgniter.php(927): App\Controllers\Cart->index()
 7 SYSTEMPATH\CodeIgniter.php(482): CodeIgniter\CodeIgniter->runController(Object(App\Controllers\Cart))
 8 SYSTEMPATH\CodeIgniter.php(351): CodeIgniter\CodeIgniter->handleRequest(null, Object(Config\Cache), false)
 9 FCPATH\index.php(67): CodeIgniter\CodeIgniter->run()
10 SYSTEMPATH\Commands\Server\rewrite.php(46): require_once('FCPATH\\index.php')
ERROR - 2022-12-04 06:35:30 --> mysqli_sql_exception: Unknown column 'bayar_via' in 'field list' in E:\...KULI AH\Script SI alias skripsi\Aplikasi Tour n Travel\Horizon_collaborative\vendor\codeigniter4\framework\system\Database\MySQLi\Connection.php:292
Stack trace:
#0 E:\...KULI AH\Script SI alias skripsi\Aplikasi Tour n Travel\Horizon_collaborative\vendor\codeigniter4\framework\system\Database\MySQLi\Connection.php(292): mysqli->query('SELECT `id_tran...', 0)
#1 E:\...KULI AH\Script SI alias skripsi\Aplikasi Tour n Travel\Horizon_collaborative\vendor\codeigniter4\framework\system\Database\BaseConnection.php(666): CodeIgniter\Database\MySQLi\Connection->execute('SELECT `id_tran...')
#2 E:\...KULI AH\Script SI alias skripsi\Aplikasi Tour n Travel\Horizon_collaborative\vendor\codeigniter4\framework\system\Database\BaseConnection.php(593): CodeIgniter\Database\BaseConnection->simpleQuery('SELECT `id_tran...')
#3 E:\...KULI AH\Script SI alias skripsi\Aplikasi Tour n Travel\Horizon_collaborative\vendor\codeigniter4\framework\system\Database\BaseBuilder.php(1585): CodeIgniter\Database\BaseConnection->query('SELECT `id_tran...', Array, false)
#4 E:\...KULI AH\Script SI alias skripsi\Aplikasi Tour n Travel\Horizon_collaborative\app\Controllers\AdminTransaksi.php(31): CodeIgniter\Database\BaseBuilder->get()
#5 E:\...KULI AH\Script SI alias skripsi\Aplikasi Tour n Travel\Horizon_collaborative\vendor\codeigniter4\framework\system\CodeIgniter.php(927): App\Controllers\AdminTransaksi->index()
#6 E:\...KULI AH\Script SI alias skripsi\Aplikasi Tour n Travel\Horizon_collaborative\vendor\codeigniter4\framework\system\CodeIgniter.php(482): CodeIgniter\CodeIgniter->runController(Object(App\Controllers\AdminTransaksi))
#7 E:\...KULI AH\Script SI alias skripsi\Aplikasi Tour n Travel\Horizon_collaborative\vendor\codeigniter4\framework\system\CodeIgniter.php(351): CodeIgniter\CodeIgniter->handleRequest(NULL, Object(Config\Cache), false)
#8 E:\...KULI AH\Script SI alias skripsi\Aplikasi Tour n Travel\Horizon_collaborative\public\index.php(67): CodeIgniter\CodeIgniter->run()
#9 E:\...KULI AH\Script SI alias skripsi\Aplikasi Tour n Travel\Horizon_collaborative\vendor\codeigniter4\framework\system\Commands\Server\rewrite.php(46): require_once('E:\\...KULI AH\\S...')
#10 {main}
CRITICAL - 2022-12-04 06:35:30 --> Unknown column 'bayar_via' in 'field list'
in SYSTEMPATH\Database\MySQLi\Connection.php on line 292.
 1 SYSTEMPATH\Database\MySQLi\Connection.php(292): mysqli->query('SELECT `id_transaksi`, `produk`.`id_produk` as `idproduk`, `produk`.`nama_produk` as `namaproduk`, `harga`, `item`, `fullname`, `tanggal_tour`, `bayar_via`, `status_bayar`, `transaksi`.`created_at` as `created`
FROM `users`
JOIN `transaksi` ON `users`.`id` = `transaksi`.`id`
JOIN `produk` ON `produk`.`id_produk` = `transaksi`.`id_produk`', 0)
 2 SYSTEMPATH\Database\BaseConnection.php(666): CodeIgniter\Database\MySQLi\Connection->execute('SELECT `id_transaksi`, `produk`.`id_produk` as `idproduk`, `produk`.`nama_produk` as `namaproduk`, `harga`, `item`, `fullname`, `tanggal_tour`, `bayar_via`, `status_bayar`, `transaksi`.`created_at` as `created`
FROM `users`
JOIN `transaksi` ON `users`.`id` = `transaksi`.`id`
JOIN `produk` ON `produk`.`id_produk` = `transaksi`.`id_produk`')
 3 SYSTEMPATH\Database\BaseConnection.php(593): CodeIgniter\Database\BaseConnection->simpleQuery('SELECT `id_transaksi`, `produk`.`id_produk` as `idproduk`, `produk`.`nama_produk` as `namaproduk`, `harga`, `item`, `fullname`, `tanggal_tour`, `bayar_via`, `status_bayar`, `transaksi`.`created_at` as `created`
FROM `users`
JOIN `transaksi` ON `users`.`id` = `transaksi`.`id`
JOIN `produk` ON `produk`.`id_produk` = `transaksi`.`id_produk`')
 4 SYSTEMPATH\Database\BaseBuilder.php(1585): CodeIgniter\Database\BaseConnection->query('SELECT `id_transaksi`, `produk`.`id_produk` as `idproduk`, `produk`.`nama_produk` as `namaproduk`, `harga`, `item`, `fullname`, `tanggal_tour`, `bayar_via`, `status_bayar`, `transaksi`.`created_at` as `created`
FROM `users`
JOIN `transaksi` ON `users`.`id` = `transaksi`.`id`
JOIN `produk` ON `produk`.`id_produk` = `transaksi`.`id_produk`', [], false)
 5 APPPATH\Controllers\AdminTransaksi.php(31): CodeIgniter\Database\BaseBuilder->get()
 6 SYSTEMPATH\CodeIgniter.php(927): App\Controllers\AdminTransaksi->index()
 7 SYSTEMPATH\CodeIgniter.php(482): CodeIgniter\CodeIgniter->runController(Object(App\Controllers\AdminTransaksi))
 8 SYSTEMPATH\CodeIgniter.php(351): CodeIgniter\CodeIgniter->handleRequest(null, Object(Config\Cache), false)
 9 FCPATH\index.php(67): CodeIgniter\CodeIgniter->run()
10 SYSTEMPATH\Commands\Server\rewrite.php(46): require_once('FCPATH\\index.php')
ERROR - 2022-12-04 06:36:52 --> mysqli_sql_exception: Unknown column 'status_bayar' in 'field list' in E:\...KULI AH\Script SI alias skripsi\Aplikasi Tour n Travel\Horizon_collaborative\vendor\codeigniter4\framework\system\Database\MySQLi\Connection.php:292
Stack trace:
#0 E:\...KULI AH\Script SI alias skripsi\Aplikasi Tour n Travel\Horizon_collaborative\vendor\codeigniter4\framework\system\Database\MySQLi\Connection.php(292): mysqli->query('SELECT `id_tran...', 0)
#1 E:\...KULI AH\Script SI alias skripsi\Aplikasi Tour n Travel\Horizon_collaborative\vendor\codeigniter4\framework\system\Database\BaseConnection.php(666): CodeIgniter\Database\MySQLi\Connection->execute('SELECT `id_tran...')
#2 E:\...KULI AH\Script SI alias skripsi\Aplikasi Tour n Travel\Horizon_collaborative\vendor\codeigniter4\framework\system\Database\BaseConnection.php(593): CodeIgniter\Database\BaseConnection->simpleQuery('SELECT `id_tran...')
#3 E:\...KULI AH\Script SI alias skripsi\Aplikasi Tour n Travel\Horizon_collaborative\vendor\codeigniter4\framework\system\Database\BaseBuilder.php(1585): CodeIgniter\Database\BaseConnection->query('SELECT `id_tran...', Array, false)
#4 E:\...KULI AH\Script SI alias skripsi\Aplikasi Tour n Travel\Horizon_collaborative\app\Controllers\AdminTransaksi.php(31): CodeIgniter\Database\BaseBuilder->get()
#5 E:\...KULI AH\Script SI alias skripsi\Aplikasi Tour n Travel\Horizon_collaborative\vendor\codeigniter4\framework\system\CodeIgniter.php(927): App\Controllers\AdminTransaksi->index()
#6 E:\...KULI AH\Script SI alias skripsi\Aplikasi Tour n Travel\Horizon_collaborative\vendor\codeigniter4\framework\system\CodeIgniter.php(482): CodeIgniter\CodeIgniter->runController(Object(App\Controllers\AdminTransaksi))
#7 E:\...KULI AH\Script SI alias skripsi\Aplikasi Tour n Travel\Horizon_collaborative\vendor\codeigniter4\framework\system\CodeIgniter.php(351): CodeIgniter\CodeIgniter->handleRequest(NULL, Object(Config\Cache), false)
#8 E:\...KULI AH\Script SI alias skripsi\Aplikasi Tour n Travel\Horizon_collaborative\public\index.php(67): CodeIgniter\CodeIgniter->run()
#9 E:\...KULI AH\Script SI alias skripsi\Aplikasi Tour n Travel\Horizon_collaborative\vendor\codeigniter4\framework\system\Commands\Server\rewrite.php(46): require_once('E:\\...KULI AH\\S...')
#10 {main}
CRITICAL - 2022-12-04 06:36:52 --> Unknown column 'status_bayar' in 'field list'
in SYSTEMPATH\Database\MySQLi\Connection.php on line 292.
 1 SYSTEMPATH\Database\MySQLi\Connection.php(292): mysqli->query('SELECT `id_transaksi`, `produk`.`id_produk` as `idproduk`, `produk`.`nama_produk` as `namaproduk`, `harga`, `item`, `fullname`, `tanggal_tour`, `payment_method`, `status_bayar`, `transaksi`.`created_at` as `created`
FROM `users`
JOIN `transaksi` ON `users`.`id` = `transaksi`.`id`
JOIN `produk` ON `produk`.`id_produk` = `transaksi`.`id_produk`', 0)
 2 SYSTEMPATH\Database\BaseConnection.php(666): CodeIgniter\Database\MySQLi\Connection->execute('SELECT `id_transaksi`, `produk`.`id_produk` as `idproduk`, `produk`.`nama_produk` as `namaproduk`, `harga`, `item`, `fullname`, `tanggal_tour`, `payment_method`, `status_bayar`, `transaksi`.`created_at` as `created`
FROM `users`
JOIN `transaksi` ON `users`.`id` = `transaksi`.`id`
JOIN `produk` ON `produk`.`id_produk` = `transaksi`.`id_produk`')
 3 SYSTEMPATH\Database\BaseConnection.php(593): CodeIgniter\Database\BaseConnection->simpleQuery('SELECT `id_transaksi`, `produk`.`id_produk` as `idproduk`, `produk`.`nama_produk` as `namaproduk`, `harga`, `item`, `fullname`, `tanggal_tour`, `payment_method`, `status_bayar`, `transaksi`.`created_at` as `created`
FROM `users`
JOIN `transaksi` ON `users`.`id` = `transaksi`.`id`
JOIN `produk` ON `produk`.`id_produk` = `transaksi`.`id_produk`')
 4 SYSTEMPATH\Database\BaseBuilder.php(1585): CodeIgniter\Database\BaseConnection->query('SELECT `id_transaksi`, `produk`.`id_produk` as `idproduk`, `produk`.`nama_produk` as `namaproduk`, `harga`, `item`, `fullname`, `tanggal_tour`, `payment_method`, `status_bayar`, `transaksi`.`created_at` as `created`
FROM `users`
JOIN `transaksi` ON `users`.`id` = `transaksi`.`id`
JOIN `produk` ON `produk`.`id_produk` = `transaksi`.`id_produk`', [], false)
 5 APPPATH\Controllers\AdminTransaksi.php(31): CodeIgniter\Database\BaseBuilder->get()
 6 SYSTEMPATH\CodeIgniter.php(927): App\Controllers\AdminTransaksi->index()
 7 SYSTEMPATH\CodeIgniter.php(482): CodeIgniter\CodeIgniter->runController(Object(App\Controllers\AdminTransaksi))
 8 SYSTEMPATH\CodeIgniter.php(351): CodeIgniter\CodeIgniter->handleRequest(null, Object(Config\Cache), false)
 9 FCPATH\index.php(67): CodeIgniter\CodeIgniter->run()
10 SYSTEMPATH\Commands\Server\rewrite.php(46): require_once('FCPATH\\index.php')
ERROR - 2022-12-04 06:36:53 --> mysqli_sql_exception: Unknown column 'status_bayar' in 'field list' in E:\...KULI AH\Script SI alias skripsi\Aplikasi Tour n Travel\Horizon_collaborative\vendor\codeigniter4\framework\system\Database\MySQLi\Connection.php:292
Stack trace:
#0 E:\...KULI AH\Script SI alias skripsi\Aplikasi Tour n Travel\Horizon_collaborative\vendor\codeigniter4\framework\system\Database\MySQLi\Connection.php(292): mysqli->query('SELECT `id_tran...', 0)
#1 E:\...KULI AH\Script SI alias skripsi\Aplikasi Tour n Travel\Horizon_collaborative\vendor\codeigniter4\framework\system\Database\BaseConnection.php(666): CodeIgniter\Database\MySQLi\Connection->execute('SELECT `id_tran...')
#2 E:\...KULI AH\Script SI alias skripsi\Aplikasi Tour n Travel\Horizon_collaborative\vendor\codeigniter4\framework\system\Database\BaseConnection.php(593): CodeIgniter\Database\BaseConnection->simpleQuery('SELECT `id_tran...')
#3 E:\...KULI AH\Script SI alias skripsi\Aplikasi Tour n Travel\Horizon_collaborative\vendor\codeigniter4\framework\system\Database\BaseBuilder.php(1585): CodeIgniter\Database\BaseConnection->query('SELECT `id_tran...', Array, false)
#4 E:\...KULI AH\Script SI alias skripsi\Aplikasi Tour n Travel\Horizon_collaborative\app\Controllers\AdminTransaksi.php(31): CodeIgniter\Database\BaseBuilder->get()
#5 E:\...KULI AH\Script SI alias skripsi\Aplikasi Tour n Travel\Horizon_collaborative\vendor\codeigniter4\framework\system\CodeIgniter.php(927): App\Controllers\AdminTransaksi->index()
#6 E:\...KULI AH\Script SI alias skripsi\Aplikasi Tour n Travel\Horizon_collaborative\vendor\codeigniter4\framework\system\CodeIgniter.php(482): CodeIgniter\CodeIgniter->runController(Object(App\Controllers\AdminTransaksi))
#7 E:\...KULI AH\Script SI alias skripsi\Aplikasi Tour n Travel\Horizon_collaborative\vendor\codeigniter4\framework\system\CodeIgniter.php(351): CodeIgniter\CodeIgniter->handleRequest(NULL, Object(Config\Cache), false)
#8 E:\...KULI AH\Script SI alias skripsi\Aplikasi Tour n Travel\Horizon_collaborative\public\index.php(67): CodeIgniter\CodeIgniter->run()
#9 E:\...KULI AH\Script SI alias skripsi\Aplikasi Tour n Travel\Horizon_collaborative\vendor\codeigniter4\framework\system\Commands\Server\rewrite.php(46): require_once('E:\\...KULI AH\\S...')
#10 {main}
CRITICAL - 2022-12-04 06:36:53 --> Unknown column 'status_bayar' in 'field list'
in SYSTEMPATH\Database\MySQLi\Connection.php on line 292.
 1 SYSTEMPATH\Database\MySQLi\Connection.php(292): mysqli->query('SELECT `id_transaksi`, `produk`.`id_produk` as `idproduk`, `produk`.`nama_produk` as `namaproduk`, `harga`, `item`, `fullname`, `tanggal_tour`, `payment_method`, `status_bayar`, `transaksi`.`created_at` as `created`
FROM `users`
JOIN `transaksi` ON `users`.`id` = `transaksi`.`id`
JOIN `produk` ON `produk`.`id_produk` = `transaksi`.`id_produk`', 0)
 2 SYSTEMPATH\Database\BaseConnection.php(666): CodeIgniter\Database\MySQLi\Connection->execute('SELECT `id_transaksi`, `produk`.`id_produk` as `idproduk`, `produk`.`nama_produk` as `namaproduk`, `harga`, `item`, `fullname`, `tanggal_tour`, `payment_method`, `status_bayar`, `transaksi`.`created_at` as `created`
FROM `users`
JOIN `transaksi` ON `users`.`id` = `transaksi`.`id`
JOIN `produk` ON `produk`.`id_produk` = `transaksi`.`id_produk`')
 3 SYSTEMPATH\Database\BaseConnection.php(593): CodeIgniter\Database\BaseConnection->simpleQuery('SELECT `id_transaksi`, `produk`.`id_produk` as `idproduk`, `produk`.`nama_produk` as `namaproduk`, `harga`, `item`, `fullname`, `tanggal_tour`, `payment_method`, `status_bayar`, `transaksi`.`created_at` as `created`
FROM `users`
JOIN `transaksi` ON `users`.`id` = `transaksi`.`id`
JOIN `produk` ON `produk`.`id_produk` = `transaksi`.`id_produk`')
 4 SYSTEMPATH\Database\BaseBuilder.php(1585): CodeIgniter\Database\BaseConnection->query('SELECT `id_transaksi`, `produk`.`id_produk` as `idproduk`, `produk`.`nama_produk` as `namaproduk`, `harga`, `item`, `fullname`, `tanggal_tour`, `payment_method`, `status_bayar`, `transaksi`.`created_at` as `created`
FROM `users`
JOIN `transaksi` ON `users`.`id` = `transaksi`.`id`
JOIN `produk` ON `produk`.`id_produk` = `transaksi`.`id_produk`', [], false)
 5 APPPATH\Controllers\AdminTransaksi.php(31): CodeIgniter\Database\BaseBuilder->get()
 6 SYSTEMPATH\CodeIgniter.php(927): App\Controllers\AdminTransaksi->index()
 7 SYSTEMPATH\CodeIgniter.php(482): CodeIgniter\CodeIgniter->runController(Object(App\Controllers\AdminTransaksi))
 8 SYSTEMPATH\CodeIgniter.php(351): CodeIgniter\CodeIgniter->handleRequest(null, Object(Config\Cache), false)
 9 FCPATH\index.php(67): CodeIgniter\CodeIgniter->run()
10 SYSTEMPATH\Commands\Server\rewrite.php(46): require_once('FCPATH\\index.php')
CRITICAL - 2022-12-04 08:17:36 --> Too few arguments to function App\Controllers\Home::detailtour(), 0 passed in E:\...KULI AH\Script SI alias skripsi\Aplikasi Tour n Travel\Horizon_collaborative\vendor\codeigniter4\framework\system\CodeIgniter.php on line 927 and exactly 1 expected
in APPPATH\Controllers\Home.php on line 87.
 1 SYSTEMPATH\CodeIgniter.php(927): App\Controllers\Home->detailtour()
 2 SYSTEMPATH\CodeIgniter.php(482): CodeIgniter\CodeIgniter->runController(Object(App\Controllers\Home))
 3 SYSTEMPATH\CodeIgniter.php(351): CodeIgniter\CodeIgniter->handleRequest(null, Object(Config\Cache), false)
 4 FCPATH\index.php(67): CodeIgniter\CodeIgniter->run()
 5 SYSTEMPATH\Commands\Server\rewrite.php(46): require_once('FCPATH\\index.php')
CRITICAL - 2022-12-04 08:17:39 --> Too few arguments to function App\Controllers\Home::detailtour(), 0 passed in E:\...KULI AH\Script SI alias skripsi\Aplikasi Tour n Travel\Horizon_collaborative\vendor\codeigniter4\framework\system\CodeIgniter.php on line 927 and exactly 1 expected
in APPPATH\Controllers\Home.php on line 87.
 1 SYSTEMPATH\CodeIgniter.php(927): App\Controllers\Home->detailtour()
 2 SYSTEMPATH\CodeIgniter.php(482): CodeIgniter\CodeIgniter->runController(Object(App\Controllers\Home))
 3 SYSTEMPATH\CodeIgniter.php(351): CodeIgniter\CodeIgniter->handleRequest(null, Object(Config\Cache), false)
 4 FCPATH\index.php(67): CodeIgniter\CodeIgniter->run()
 5 SYSTEMPATH\Commands\Server\rewrite.php(46): require_once('FCPATH\\index.php')
CRITICAL - 2022-12-04 08:34:58 --> syntax error, unexpected token "=", expecting "]"
in APPPATH\Controllers\Cart.php on line 31.
 1 SYSTEMPATH\Autoloader\Autoloader.php(259): CodeIgniter\Autoloader\Autoloader->includeFile('APPPATH\\Controllers\\Cart.php')
 2 SYSTEMPATH\Autoloader\Autoloader.php(237): CodeIgniter\Autoloader\Autoloader->loadInNamespace('App\\Controllers\\Cart')
 3 [internal function]: CodeIgniter\Autoloader\Autoloader->loadClass('App\\Controllers\\Cart')
 4 SYSTEMPATH\CodeIgniter.php(877): class_exists('\\App\\Controllers\\Cart', true)
 5 SYSTEMPATH\CodeIgniter.php(469): CodeIgniter\CodeIgniter->startController()
 6 SYSTEMPATH\CodeIgniter.php(351): CodeIgniter\CodeIgniter->handleRequest(null, Object(Config\Cache), false)
 7 FCPATH\index.php(67): CodeIgniter\CodeIgniter->run()
 8 SYSTEMPATH\Commands\Server\rewrite.php(46): require_once('FCPATH\\index.php')
CRITICAL - 2022-12-04 08:38:26 --> Undefined array key "nama_produk"
in APPPATH\Views\user\Cart.php on line 67.
 1 APPPATH\Views\user\Cart.php(67): CodeIgniter\Debug\Exceptions->errorHandler(2, 'Undefined array key "nama_produk"', 'APPPATH\\Views\\user\\Cart.php', 67)
 2 SYSTEMPATH\View\View.php(213): include('APPPATH\\Views\\user\\Cart.php')
 3 SYSTEMPATH\View\View.php(216): CodeIgniter\View\View->CodeIgniter\View\{closure}()
 4 SYSTEMPATH\Common.php(1134): CodeIgniter\View\View->render('user/Cart', [], true)
 5 APPPATH\Controllers\Cart.php(46): view('user/Cart', [...])
 6 SYSTEMPATH\CodeIgniter.php(927): App\Controllers\Cart->index()
 7 SYSTEMPATH\CodeIgniter.php(482): CodeIgniter\CodeIgniter->runController(Object(App\Controllers\Cart))
 8 SYSTEMPATH\CodeIgniter.php(351): CodeIgniter\CodeIgniter->handleRequest(null, Object(Config\Cache), false)
 9 FCPATH\index.php(67): CodeIgniter\CodeIgniter->run()
10 SYSTEMPATH\Commands\Server\rewrite.php(46): require_once('FCPATH\\index.php')
