CRITICAL - 2022-11-15 07:45:59 --> Trying to access array offset on value of type null
in APPPATH\Views\admin\produkedit.php on line 15.
 1 APPPATH\Views\admin\produkedit.php(15): CodeIgniter\Debug\Exceptions->errorHandler(2, 'Trying to access array offset on value of type null', 'APPPATH\\Views\\admin\\produkedit.php', 15)
 2 SYSTEMPATH\View\View.php(213): include('APPPATH\\Views\\admin\\produkedit.php')
 3 SYSTEMPATH\View\View.php(216): CodeIgniter\View\View->CodeIgniter\View\{closure}()
 4 SYSTEMPATH\Common.php(1134): CodeIgniter\View\View->render('admin/produkedit', [], true)
 5 APPPATH\Controllers\AdminProduk.php(62): view('admin/produkedit', [...])
 6 SYSTEMPATH\CodeIgniter.php(927): App\Controllers\AdminProduk->edit('4')
 7 SYSTEMPATH\CodeIgniter.php(482): CodeIgniter\CodeIgniter->runController(Object(App\Controllers\AdminProduk))
 8 SYSTEMPATH\CodeIgniter.php(351): CodeIgniter\CodeIgniter->handleRequest(null, Object(Config\Cache), false)
 9 FCPATH\index.php(67): CodeIgniter\CodeIgniter->run()
10 SYSTEMPATH\Commands\Server\rewrite.php(46): require_once('FCPATH\\index.php')
ERROR - 2022-11-15 07:46:32 --> mysqli_sql_exception: Unknown column 'id' in 'where clause' in E:\...KULI AH\Script SI alias skripsi\Aplikasi Tour n Travel\Horizon\vendor\codeigniter4\framework\system\Database\MySQLi\Connection.php:292
Stack trace:
#0 E:\...KULI AH\Script SI alias skripsi\Aplikasi Tour n Travel\Horizon\vendor\codeigniter4\framework\system\Database\MySQLi\Connection.php(292): mysqli->query('SELECT *\nFROM `...', 0)
#1 E:\...KULI AH\Script SI alias skripsi\Aplikasi Tour n Travel\Horizon\vendor\codeigniter4\framework\system\Database\BaseConnection.php(666): CodeIgniter\Database\MySQLi\Connection->execute('SELECT *\nFROM `...')
#2 E:\...KULI AH\Script SI alias skripsi\Aplikasi Tour n Travel\Horizon\vendor\codeigniter4\framework\system\Database\BaseConnection.php(593): CodeIgniter\Database\BaseConnection->simpleQuery('SELECT *\nFROM `...')
#3 E:\...KULI AH\Script SI alias skripsi\Aplikasi Tour n Travel\Horizon\vendor\codeigniter4\framework\system\Database\BaseBuilder.php(1585): CodeIgniter\Database\BaseConnection->query('SELECT *\nFROM `...', Array, false)
#4 E:\...KULI AH\Script SI alias skripsi\Aplikasi Tour n Travel\Horizon\vendor\codeigniter4\framework\system\Model.php(250): CodeIgniter\Database\BaseBuilder->get()
#5 E:\...KULI AH\Script SI alias skripsi\Aplikasi Tour n Travel\Horizon\vendor\codeigniter4\framework\system\BaseModel.php(623): CodeIgniter\Model->doFirst()
#6 E:\...KULI AH\Script SI alias skripsi\Aplikasi Tour n Travel\Horizon\app\Controllers\AdminProduk.php(54): CodeIgniter\BaseModel->first()
#7 E:\...KULI AH\Script SI alias skripsi\Aplikasi Tour n Travel\Horizon\vendor\codeigniter4\framework\system\CodeIgniter.php(927): App\Controllers\AdminProduk->edit('4')
#8 E:\...KULI AH\Script SI alias skripsi\Aplikasi Tour n Travel\Horizon\vendor\codeigniter4\framework\system\CodeIgniter.php(482): CodeIgniter\CodeIgniter->runController(Object(App\Controllers\AdminProduk))
#9 E:\...KULI AH\Script SI alias skripsi\Aplikasi Tour n Travel\Horizon\vendor\codeigniter4\framework\system\CodeIgniter.php(351): CodeIgniter\CodeIgniter->handleRequest(NULL, Object(Config\Cache), false)
#10 E:\...KULI AH\Script SI alias skripsi\Aplikasi Tour n Travel\Horizon\public\index.php(67): CodeIgniter\CodeIgniter->run()
#11 E:\...KULI AH\Script SI alias skripsi\Aplikasi Tour n Travel\Horizon\vendor\codeigniter4\framework\system\Commands\Server\rewrite.php(46): require_once('E:\\...KULI AH\\S...')
#12 {main}
CRITICAL - 2022-11-15 07:46:32 --> Unknown column 'id' in 'where clause'
in SYSTEMPATH\Database\MySQLi\Connection.php on line 292.
 1 SYSTEMPATH\Database\MySQLi\Connection.php(292): mysqli->query('SELECT *
FROM `produk`
WHERE `id` = \'4\'
 LIMIT 1', 0)
 2 SYSTEMPATH\Database\BaseConnection.php(666): CodeIgniter\Database\MySQLi\Connection->execute('SELECT *
FROM `produk`
WHERE `id` = \'4\'
 LIMIT 1')
 3 SYSTEMPATH\Database\BaseConnection.php(593): CodeIgniter\Database\BaseConnection->simpleQuery('SELECT *
FROM `produk`
WHERE `id` = \'4\'
 LIMIT 1')
 4 SYSTEMPATH\Database\BaseBuilder.php(1585): CodeIgniter\Database\BaseConnection->query('SELECT *
FROM `produk`
WHERE `id` = :id:
 LIMIT 1', [...], false)
 5 SYSTEMPATH\Model.php(250): CodeIgniter\Database\BaseBuilder->get()
 6 SYSTEMPATH\BaseModel.php(623): CodeIgniter\Model->doFirst()
 7 APPPATH\Controllers\AdminProduk.php(54): CodeIgniter\BaseModel->first()
 8 SYSTEMPATH\CodeIgniter.php(927): App\Controllers\AdminProduk->edit('4')
 9 SYSTEMPATH\CodeIgniter.php(482): CodeIgniter\CodeIgniter->runController(Object(App\Controllers\AdminProduk))
10 SYSTEMPATH\CodeIgniter.php(351): CodeIgniter\CodeIgniter->handleRequest(null, Object(Config\Cache), false)
11 FCPATH\index.php(67): CodeIgniter\CodeIgniter->run()
12 SYSTEMPATH\Commands\Server\rewrite.php(46): require_once('FCPATH\\index.php')
CRITICAL - 2022-11-15 09:09:49 --> Cannot access offset of type string on string
in APPPATH\Views\admin\kategoridetail.php on line 26.
 1 SYSTEMPATH\View\View.php(213): include()
 2 SYSTEMPATH\View\View.php(216): CodeIgniter\View\View->CodeIgniter\View\{closure}()
 3 SYSTEMPATH\Common.php(1134): CodeIgniter\View\View->render('admin/kategoridetail', [], true)
 4 APPPATH\Controllers\AdminKategori.php(31): view('admin/kategoridetail', [...])
 5 SYSTEMPATH\CodeIgniter.php(927): App\Controllers\AdminKategori->detail('9')
 6 SYSTEMPATH\CodeIgniter.php(482): CodeIgniter\CodeIgniter->runController(Object(App\Controllers\AdminKategori))
 7 SYSTEMPATH\CodeIgniter.php(351): CodeIgniter\CodeIgniter->handleRequest(null, Object(Config\Cache), false)
 8 FCPATH\index.php(67): CodeIgniter\CodeIgniter->run()
 9 SYSTEMPATH\Commands\Server\rewrite.php(46): require_once('FCPATH\\index.php')
CRITICAL - 2022-11-15 09:12:01 --> Undefined variable $produl
in APPPATH\Views\admin\produkedit.php on line 11.
 1 APPPATH\Views\admin\produkedit.php(11): CodeIgniter\Debug\Exceptions->errorHandler(2, 'Undefined variable $produl', 'APPPATH\\Views\\admin\\produkedit.php', 11)
 2 SYSTEMPATH\View\View.php(213): include('APPPATH\\Views\\admin\\produkedit.php')
 3 SYSTEMPATH\View\View.php(216): CodeIgniter\View\View->CodeIgniter\View\{closure}()
 4 SYSTEMPATH\Common.php(1134): CodeIgniter\View\View->render('admin/produkedit', [], true)
 5 APPPATH\Controllers\AdminProduk.php(63): view('admin/produkedit', [...])
 6 SYSTEMPATH\CodeIgniter.php(927): App\Controllers\AdminProduk->edit('6')
 7 SYSTEMPATH\CodeIgniter.php(482): CodeIgniter\CodeIgniter->runController(Object(App\Controllers\AdminProduk))
 8 SYSTEMPATH\CodeIgniter.php(351): CodeIgniter\CodeIgniter->handleRequest(null, Object(Config\Cache), false)
 9 FCPATH\index.php(67): CodeIgniter\CodeIgniter->run()
10 SYSTEMPATH\Commands\Server\rewrite.php(46): require_once('FCPATH\\index.php')
CRITICAL - 2022-11-15 09:12:08 --> Undefined array key "id"
in APPPATH\Views\admin\produkedit.php on line 11.
 1 APPPATH\Views\admin\produkedit.php(11): CodeIgniter\Debug\Exceptions->errorHandler(2, 'Undefined array key "id"', 'APPPATH\\Views\\admin\\produkedit.php', 11)
 2 SYSTEMPATH\View\View.php(213): include('APPPATH\\Views\\admin\\produkedit.php')
 3 SYSTEMPATH\View\View.php(216): CodeIgniter\View\View->CodeIgniter\View\{closure}()
 4 SYSTEMPATH\Common.php(1134): CodeIgniter\View\View->render('admin/produkedit', [], true)
 5 APPPATH\Controllers\AdminProduk.php(63): view('admin/produkedit', [...])
 6 SYSTEMPATH\CodeIgniter.php(927): App\Controllers\AdminProduk->edit('6')
 7 SYSTEMPATH\CodeIgniter.php(482): CodeIgniter\CodeIgniter->runController(Object(App\Controllers\AdminProduk))
 8 SYSTEMPATH\CodeIgniter.php(351): CodeIgniter\CodeIgniter->handleRequest(null, Object(Config\Cache), false)
 9 FCPATH\index.php(67): CodeIgniter\CodeIgniter->run()
10 SYSTEMPATH\Commands\Server\rewrite.php(46): require_once('FCPATH\\index.php')
CRITICAL - 2022-11-15 09:34:29 --> Cannot access offset of type string on string
in APPPATH\Views\admin\kategoridetail.php on line 26.
 1 SYSTEMPATH\View\View.php(213): include()
 2 SYSTEMPATH\View\View.php(216): CodeIgniter\View\View->CodeIgniter\View\{closure}()
 3 SYSTEMPATH\Common.php(1134): CodeIgniter\View\View->render('admin/kategoridetail', [], true)
 4 APPPATH\Controllers\AdminKategori.php(31): view('admin/kategoridetail', [...])
 5 SYSTEMPATH\CodeIgniter.php(927): App\Controllers\AdminKategori->detail('8')
 6 SYSTEMPATH\CodeIgniter.php(482): CodeIgniter\CodeIgniter->runController(Object(App\Controllers\AdminKategori))
 7 SYSTEMPATH\CodeIgniter.php(351): CodeIgniter\CodeIgniter->handleRequest(null, Object(Config\Cache), false)
 8 FCPATH\index.php(67): CodeIgniter\CodeIgniter->run()
 9 SYSTEMPATH\Commands\Server\rewrite.php(46): require_once('FCPATH\\index.php')
CRITICAL - 2022-11-15 09:39:38 --> Undefined array key "induj_kategori"
in APPPATH\Views\admin\kategoridetail.php on line 21.
 1 APPPATH\Views\admin\kategoridetail.php(21): CodeIgniter\Debug\Exceptions->errorHandler(2, 'Undefined array key "induj_kategori"', 'APPPATH\\Views\\admin\\kategoridetail.php', 21)
 2 SYSTEMPATH\View\View.php(213): include('APPPATH\\Views\\admin\\kategoridetail.php')
 3 SYSTEMPATH\View\View.php(216): CodeIgniter\View\View->CodeIgniter\View\{closure}()
 4 SYSTEMPATH\Common.php(1134): CodeIgniter\View\View->render('admin/kategoridetail', [], true)
 5 APPPATH\Controllers\AdminKategori.php(31): view('admin/kategoridetail', [...])
 6 SYSTEMPATH\CodeIgniter.php(927): App\Controllers\AdminKategori->detail('8')
 7 SYSTEMPATH\CodeIgniter.php(482): CodeIgniter\CodeIgniter->runController(Object(App\Controllers\AdminKategori))
 8 SYSTEMPATH\CodeIgniter.php(351): CodeIgniter\CodeIgniter->handleRequest(null, Object(Config\Cache), false)
 9 FCPATH\index.php(67): CodeIgniter\CodeIgniter->run()
10 SYSTEMPATH\Commands\Server\rewrite.php(46): require_once('FCPATH\\index.php')
CRITICAL - 2022-11-15 20:26:06 -->             uploaded is not a valid rule.
in SYSTEMPATH\Validation\Validation.php on line 323.
 1 SYSTEMPATH\Validation\Validation.php(323): CodeIgniter\Validation\Exceptions\ValidationException::forRuleNotFound('            uploaded')
 2 SYSTEMPATH\Validation\Validation.php(175): CodeIgniter\Validation\Validation->processRules('file_upload', 'file_upload', null, [...], [...])
 3 SYSTEMPATH\Controller.php(140): CodeIgniter\Validation\Validation->run()
 4 APPPATH\Controllers\AdminProduk.php(43): CodeIgniter\Controller->validate([...])
 5 SYSTEMPATH\CodeIgniter.php(927): App\Controllers\AdminProduk->save()
 6 SYSTEMPATH\CodeIgniter.php(482): CodeIgniter\CodeIgniter->runController(Object(App\Controllers\AdminProduk))
 7 SYSTEMPATH\CodeIgniter.php(351): CodeIgniter\CodeIgniter->handleRequest(null, Object(Config\Cache), false)
 8 FCPATH\index.php(67): CodeIgniter\CodeIgniter->run()
 9 SYSTEMPATH\Commands\Server\rewrite.php(46): require_once('FCPATH\\index.php')
CRITICAL - 2022-11-15 20:26:40 -->             uploaded is not a valid rule.
in SYSTEMPATH\Validation\Validation.php on line 323.
 1 SYSTEMPATH\Validation\Validation.php(323): CodeIgniter\Validation\Exceptions\ValidationException::forRuleNotFound('            uploaded')
 2 SYSTEMPATH\Validation\Validation.php(175): CodeIgniter\Validation\Validation->processRules('sampul', 'sampul', 'aaaa.PNG', [...], [...])
 3 SYSTEMPATH\Controller.php(140): CodeIgniter\Validation\Validation->run()
 4 APPPATH\Controllers\AdminProduk.php(43): CodeIgniter\Controller->validate([...])
 5 SYSTEMPATH\CodeIgniter.php(927): App\Controllers\AdminProduk->save()
 6 SYSTEMPATH\CodeIgniter.php(482): CodeIgniter\CodeIgniter->runController(Object(App\Controllers\AdminProduk))
 7 SYSTEMPATH\CodeIgniter.php(351): CodeIgniter\CodeIgniter->handleRequest(null, Object(Config\Cache), false)
 8 FCPATH\index.php(67): CodeIgniter\CodeIgniter->run()
 9 SYSTEMPATH\Commands\Server\rewrite.php(46): require_once('FCPATH\\index.php')
CRITICAL - 2022-11-15 20:26:59 -->             sampul is not a valid rule.
in SYSTEMPATH\Validation\Validation.php on line 323.
 1 SYSTEMPATH\Validation\Validation.php(323): CodeIgniter\Validation\Exceptions\ValidationException::forRuleNotFound('            sampul')
 2 SYSTEMPATH\Validation\Validation.php(175): CodeIgniter\Validation\Validation->processRules('sampul', 'sampul', 'aaaa.PNG', [...], [...])
 3 SYSTEMPATH\Controller.php(140): CodeIgniter\Validation\Validation->run()
 4 APPPATH\Controllers\AdminProduk.php(43): CodeIgniter\Controller->validate([...])
 5 SYSTEMPATH\CodeIgniter.php(927): App\Controllers\AdminProduk->save()
 6 SYSTEMPATH\CodeIgniter.php(482): CodeIgniter\CodeIgniter->runController(Object(App\Controllers\AdminProduk))
 7 SYSTEMPATH\CodeIgniter.php(351): CodeIgniter\CodeIgniter->handleRequest(null, Object(Config\Cache), false)
 8 FCPATH\index.php(67): CodeIgniter\CodeIgniter->run()
 9 SYSTEMPATH\Commands\Server\rewrite.php(46): require_once('FCPATH\\index.php')
CRITICAL - 2022-11-15 20:28:19 -->             uploaded is not a valid rule.
in SYSTEMPATH\Validation\Validation.php on line 323.
 1 SYSTEMPATH\Validation\Validation.php(323): CodeIgniter\Validation\Exceptions\ValidationException::forRuleNotFound('            uploaded')
 2 SYSTEMPATH\Validation\Validation.php(175): CodeIgniter\Validation\Validation->processRules('sampul', 'sampul', 'aaaa.PNG', [...], [...])
 3 SYSTEMPATH\Controller.php(140): CodeIgniter\Validation\Validation->run()
 4 APPPATH\Controllers\AdminProduk.php(43): CodeIgniter\Controller->validate([...])
 5 SYSTEMPATH\CodeIgniter.php(927): App\Controllers\AdminProduk->save()
 6 SYSTEMPATH\CodeIgniter.php(482): CodeIgniter\CodeIgniter->runController(Object(App\Controllers\AdminProduk))
 7 SYSTEMPATH\CodeIgniter.php(351): CodeIgniter\CodeIgniter->handleRequest(null, Object(Config\Cache), false)
 8 FCPATH\index.php(67): CodeIgniter\CodeIgniter->run()
 9 SYSTEMPATH\Commands\Server\rewrite.php(46): require_once('FCPATH\\index.php')
CRITICAL - 2022-11-15 20:38:05 -->             uploaded is not a valid rule.
in SYSTEMPATH\Validation\Validation.php on line 323.
 1 SYSTEMPATH\Validation\Validation.php(323): CodeIgniter\Validation\Exceptions\ValidationException::forRuleNotFound('            uploaded')
 2 SYSTEMPATH\Validation\Validation.php(175): CodeIgniter\Validation\Validation->processRules('sampul', 'sampul', 'NEW - LAPORAN_UNIT_KULIAH_KERJA_NYATA.docx', [...], [...])
 3 SYSTEMPATH\Controller.php(140): CodeIgniter\Validation\Validation->run()
 4 APPPATH\Controllers\AdminProduk.php(43): CodeIgniter\Controller->validate([...])
 5 SYSTEMPATH\CodeIgniter.php(927): App\Controllers\AdminProduk->save()
 6 SYSTEMPATH\CodeIgniter.php(482): CodeIgniter\CodeIgniter->runController(Object(App\Controllers\AdminProduk))
 7 SYSTEMPATH\CodeIgniter.php(351): CodeIgniter\CodeIgniter->handleRequest(null, Object(Config\Cache), false)
 8 FCPATH\index.php(67): CodeIgniter\CodeIgniter->run()
 9 SYSTEMPATH\Commands\Server\rewrite.php(46): require_once('FCPATH\\index.php')
CRITICAL - 2022-11-15 20:40:17 -->             uploaded is not a valid rule.
in SYSTEMPATH\Validation\Validation.php on line 323.
 1 SYSTEMPATH\Validation\Validation.php(323): CodeIgniter\Validation\Exceptions\ValidationException::forRuleNotFound('            uploaded')
 2 SYSTEMPATH\Validation\Validation.php(175): CodeIgniter\Validation\Validation->processRules('sampul', 'sampul', null, [...], [...])
 3 SYSTEMPATH\Controller.php(140): CodeIgniter\Validation\Validation->run()
 4 APPPATH\Controllers\AdminProduk.php(43): CodeIgniter\Controller->validate([...])
 5 SYSTEMPATH\CodeIgniter.php(927): App\Controllers\AdminProduk->save()
 6 SYSTEMPATH\CodeIgniter.php(482): CodeIgniter\CodeIgniter->runController(Object(App\Controllers\AdminProduk))
 7 SYSTEMPATH\CodeIgniter.php(351): CodeIgniter\CodeIgniter->handleRequest(null, Object(Config\Cache), false)
 8 FCPATH\index.php(67): CodeIgniter\CodeIgniter->run()
 9 SYSTEMPATH\Commands\Server\rewrite.php(46): require_once('FCPATH\\index.php')
CRITICAL - 2022-11-15 20:46:56 -->             uploaded is not a valid rule.
in SYSTEMPATH\Validation\Validation.php on line 323.
 1 SYSTEMPATH\Validation\Validation.php(323): CodeIgniter\Validation\Exceptions\ValidationException::forRuleNotFound('            uploaded')
 2 SYSTEMPATH\Validation\Validation.php(175): CodeIgniter\Validation\Validation->processRules('sampul', 'sampul', null, [...], [...])
 3 SYSTEMPATH\Controller.php(140): CodeIgniter\Validation\Validation->run()
 4 APPPATH\Controllers\AdminProduk.php(43): CodeIgniter\Controller->validate([...])
 5 SYSTEMPATH\CodeIgniter.php(927): App\Controllers\AdminProduk->save()
 6 SYSTEMPATH\CodeIgniter.php(482): CodeIgniter\CodeIgniter->runController(Object(App\Controllers\AdminProduk))
 7 SYSTEMPATH\CodeIgniter.php(351): CodeIgniter\CodeIgniter->handleRequest(null, Object(Config\Cache), false)
 8 FCPATH\index.php(67): CodeIgniter\CodeIgniter->run()
 9 SYSTEMPATH\Commands\Server\rewrite.php(46): require_once('FCPATH\\index.php')
CRITICAL - 2022-11-15 20:54:25 --> Undefined property: App\Controllers\AdminProduk::$load
in APPPATH\Controllers\AdminProduk.php on line 42.
 1 APPPATH\Controllers\AdminProduk.php(42): CodeIgniter\Debug\Exceptions->errorHandler(2, 'Undefined property: App\\Controllers\\AdminProduk::$load', 'APPPATH\\Controllers\\AdminProduk.php', 42)
 2 SYSTEMPATH\CodeIgniter.php(927): App\Controllers\AdminProduk->save()
 3 SYSTEMPATH\CodeIgniter.php(482): CodeIgniter\CodeIgniter->runController(Object(App\Controllers\AdminProduk))
 4 SYSTEMPATH\CodeIgniter.php(351): CodeIgniter\CodeIgniter->handleRequest(null, Object(Config\Cache), false)
 5 FCPATH\index.php(67): CodeIgniter\CodeIgniter->run()
 6 SYSTEMPATH\Commands\Server\rewrite.php(46): require_once('FCPATH\\index.php')
ERROR - 2022-11-15 23:41:54 --> mysqli_sql_exception: Table 'horizon.rating' doesn't exist in E:\...KULI AH\Script SI alias skripsi\Aplikasi Tour n Travel\Horizon\vendor\codeigniter4\framework\system\Database\MySQLi\Connection.php:292
Stack trace:
#0 E:\...KULI AH\Script SI alias skripsi\Aplikasi Tour n Travel\Horizon\vendor\codeigniter4\framework\system\Database\MySQLi\Connection.php(292): mysqli->query('SELECT *\nFROM `...', 0)
#1 E:\...KULI AH\Script SI alias skripsi\Aplikasi Tour n Travel\Horizon\vendor\codeigniter4\framework\system\Database\BaseConnection.php(666): CodeIgniter\Database\MySQLi\Connection->execute('SELECT *\nFROM `...')
#2 E:\...KULI AH\Script SI alias skripsi\Aplikasi Tour n Travel\Horizon\vendor\codeigniter4\framework\system\Database\BaseConnection.php(593): CodeIgniter\Database\BaseConnection->simpleQuery('SELECT *\nFROM `...')
#3 E:\...KULI AH\Script SI alias skripsi\Aplikasi Tour n Travel\Horizon\vendor\codeigniter4\framework\system\Database\BaseBuilder.php(1585): CodeIgniter\Database\BaseConnection->query('SELECT *\nFROM `...', Array, false)
#4 E:\...KULI AH\Script SI alias skripsi\Aplikasi Tour n Travel\Horizon\app\Models\M_Rating.php(20): CodeIgniter\Database\BaseBuilder->get()
#5 E:\...KULI AH\Script SI alias skripsi\Aplikasi Tour n Travel\Horizon\app\Controllers\AdminRating.php(23): App\Models\M_Rating->getRatingInfo()
#6 E:\...KULI AH\Script SI alias skripsi\Aplikasi Tour n Travel\Horizon\vendor\codeigniter4\framework\system\CodeIgniter.php(927): App\Controllers\AdminRating->index()
#7 E:\...KULI AH\Script SI alias skripsi\Aplikasi Tour n Travel\Horizon\vendor\codeigniter4\framework\system\CodeIgniter.php(482): CodeIgniter\CodeIgniter->runController(Object(App\Controllers\AdminRating))
#8 E:\...KULI AH\Script SI alias skripsi\Aplikasi Tour n Travel\Horizon\vendor\codeigniter4\framework\system\CodeIgniter.php(351): CodeIgniter\CodeIgniter->handleRequest(NULL, Object(Config\Cache), false)
#9 E:\...KULI AH\Script SI alias skripsi\Aplikasi Tour n Travel\Horizon\public\index.php(67): CodeIgniter\CodeIgniter->run()
#10 E:\...KULI AH\Script SI alias skripsi\Aplikasi Tour n Travel\Horizon\vendor\codeigniter4\framework\system\Commands\Server\rewrite.php(46): require_once('E:\\...KULI AH\\S...')
#11 {main}
CRITICAL - 2022-11-15 23:41:54 --> Table 'horizon.rating' doesn't exist
in SYSTEMPATH\Database\MySQLi\Connection.php on line 292.
 1 SYSTEMPATH\Database\MySQLi\Connection.php(292): mysqli->query('SELECT *
FROM `rating`
JOIN `produk` ON `produk`.`id_produk` = `rating`.`id_produk`
JOIN `user` ON `user`.`id` = `produk`.`id`', 0)
 2 SYSTEMPATH\Database\BaseConnection.php(666): CodeIgniter\Database\MySQLi\Connection->execute('SELECT *
FROM `rating`
JOIN `produk` ON `produk`.`id_produk` = `rating`.`id_produk`
JOIN `user` ON `user`.`id` = `produk`.`id`')
 3 SYSTEMPATH\Database\BaseConnection.php(593): CodeIgniter\Database\BaseConnection->simpleQuery('SELECT *
FROM `rating`
JOIN `produk` ON `produk`.`id_produk` = `rating`.`id_produk`
JOIN `user` ON `user`.`id` = `produk`.`id`')
 4 SYSTEMPATH\Database\BaseBuilder.php(1585): CodeIgniter\Database\BaseConnection->query('SELECT *
FROM `rating`
JOIN `produk` ON `produk`.`id_produk` = `rating`.`id_produk`
JOIN `user` ON `user`.`id` = `produk`.`id`', [], false)
 5 APPPATH\Models\M_Rating.php(20): CodeIgniter\Database\BaseBuilder->get()
 6 APPPATH\Controllers\AdminRating.php(23): App\Models\M_Rating->getRatingInfo()
 7 SYSTEMPATH\CodeIgniter.php(927): App\Controllers\AdminRating->index()
 8 SYSTEMPATH\CodeIgniter.php(482): CodeIgniter\CodeIgniter->runController(Object(App\Controllers\AdminRating))
 9 SYSTEMPATH\CodeIgniter.php(351): CodeIgniter\CodeIgniter->handleRequest(null, Object(Config\Cache), false)
10 FCPATH\index.php(67): CodeIgniter\CodeIgniter->run()
11 SYSTEMPATH\Commands\Server\rewrite.php(46): require_once('FCPATH\\index.php')
ERROR - 2022-11-15 23:43:00 --> mysqli_sql_exception: Table 'horizon.rating' doesn't exist in E:\...KULI AH\Script SI alias skripsi\Aplikasi Tour n Travel\Horizon\vendor\codeigniter4\framework\system\Database\MySQLi\Connection.php:292
Stack trace:
#0 E:\...KULI AH\Script SI alias skripsi\Aplikasi Tour n Travel\Horizon\vendor\codeigniter4\framework\system\Database\MySQLi\Connection.php(292): mysqli->query('SELECT *\nFROM `...', 0)
#1 E:\...KULI AH\Script SI alias skripsi\Aplikasi Tour n Travel\Horizon\vendor\codeigniter4\framework\system\Database\BaseConnection.php(666): CodeIgniter\Database\MySQLi\Connection->execute('SELECT *\nFROM `...')
#2 E:\...KULI AH\Script SI alias skripsi\Aplikasi Tour n Travel\Horizon\vendor\codeigniter4\framework\system\Database\BaseConnection.php(593): CodeIgniter\Database\BaseConnection->simpleQuery('SELECT *\nFROM `...')
#3 E:\...KULI AH\Script SI alias skripsi\Aplikasi Tour n Travel\Horizon\vendor\codeigniter4\framework\system\Database\BaseBuilder.php(1585): CodeIgniter\Database\BaseConnection->query('SELECT *\nFROM `...', Array, false)
#4 E:\...KULI AH\Script SI alias skripsi\Aplikasi Tour n Travel\Horizon\app\Models\M_Rating.php(20): CodeIgniter\Database\BaseBuilder->get()
#5 E:\...KULI AH\Script SI alias skripsi\Aplikasi Tour n Travel\Horizon\app\Controllers\AdminRating.php(23): App\Models\M_Rating->getRatingInfo()
#6 E:\...KULI AH\Script SI alias skripsi\Aplikasi Tour n Travel\Horizon\vendor\codeigniter4\framework\system\CodeIgniter.php(927): App\Controllers\AdminRating->index()
#7 E:\...KULI AH\Script SI alias skripsi\Aplikasi Tour n Travel\Horizon\vendor\codeigniter4\framework\system\CodeIgniter.php(482): CodeIgniter\CodeIgniter->runController(Object(App\Controllers\AdminRating))
#8 E:\...KULI AH\Script SI alias skripsi\Aplikasi Tour n Travel\Horizon\vendor\codeigniter4\framework\system\CodeIgniter.php(351): CodeIgniter\CodeIgniter->handleRequest(NULL, Object(Config\Cache), false)
#9 E:\...KULI AH\Script SI alias skripsi\Aplikasi Tour n Travel\Horizon\public\index.php(67): CodeIgniter\CodeIgniter->run()
#10 E:\...KULI AH\Script SI alias skripsi\Aplikasi Tour n Travel\Horizon\vendor\codeigniter4\framework\system\Commands\Server\rewrite.php(46): require_once('E:\\...KULI AH\\S...')
#11 {main}
CRITICAL - 2022-11-15 23:43:00 --> Table 'horizon.rating' doesn't exist
in SYSTEMPATH\Database\MySQLi\Connection.php on line 292.
 1 SYSTEMPATH\Database\MySQLi\Connection.php(292): mysqli->query('SELECT *
FROM `rating`
JOIN `produk` ON `produk`.`id_produk` = `rating`.`id_produk`', 0)
 2 SYSTEMPATH\Database\BaseConnection.php(666): CodeIgniter\Database\MySQLi\Connection->execute('SELECT *
FROM `rating`
JOIN `produk` ON `produk`.`id_produk` = `rating`.`id_produk`')
 3 SYSTEMPATH\Database\BaseConnection.php(593): CodeIgniter\Database\BaseConnection->simpleQuery('SELECT *
FROM `rating`
JOIN `produk` ON `produk`.`id_produk` = `rating`.`id_produk`')
 4 SYSTEMPATH\Database\BaseBuilder.php(1585): CodeIgniter\Database\BaseConnection->query('SELECT *
FROM `rating`
JOIN `produk` ON `produk`.`id_produk` = `rating`.`id_produk`', [], false)
 5 APPPATH\Models\M_Rating.php(20): CodeIgniter\Database\BaseBuilder->get()
 6 APPPATH\Controllers\AdminRating.php(23): App\Models\M_Rating->getRatingInfo()
 7 SYSTEMPATH\CodeIgniter.php(927): App\Controllers\AdminRating->index()
 8 SYSTEMPATH\CodeIgniter.php(482): CodeIgniter\CodeIgniter->runController(Object(App\Controllers\AdminRating))
 9 SYSTEMPATH\CodeIgniter.php(351): CodeIgniter\CodeIgniter->handleRequest(null, Object(Config\Cache), false)
10 FCPATH\index.php(67): CodeIgniter\CodeIgniter->run()
11 SYSTEMPATH\Commands\Server\rewrite.php(46): require_once('FCPATH\\index.php')
ERROR - 2022-11-15 23:48:08 --> mysqli_sql_exception: Table 'horizon.user' doesn't exist in E:\...KULI AH\Script SI alias skripsi\Aplikasi Tour n Travel\Horizon\vendor\codeigniter4\framework\system\Database\MySQLi\Connection.php:292
Stack trace:
#0 E:\...KULI AH\Script SI alias skripsi\Aplikasi Tour n Travel\Horizon\vendor\codeigniter4\framework\system\Database\MySQLi\Connection.php(292): mysqli->query('SELECT *\nFROM `...', 0)
#1 E:\...KULI AH\Script SI alias skripsi\Aplikasi Tour n Travel\Horizon\vendor\codeigniter4\framework\system\Database\BaseConnection.php(666): CodeIgniter\Database\MySQLi\Connection->execute('SELECT *\nFROM `...')
#2 E:\...KULI AH\Script SI alias skripsi\Aplikasi Tour n Travel\Horizon\vendor\codeigniter4\framework\system\Database\BaseConnection.php(593): CodeIgniter\Database\BaseConnection->simpleQuery('SELECT *\nFROM `...')
#3 E:\...KULI AH\Script SI alias skripsi\Aplikasi Tour n Travel\Horizon\vendor\codeigniter4\framework\system\Database\BaseBuilder.php(1585): CodeIgniter\Database\BaseConnection->query('SELECT *\nFROM `...', Array, false)
#4 E:\...KULI AH\Script SI alias skripsi\Aplikasi Tour n Travel\Horizon\app\Models\M_Rating.php(20): CodeIgniter\Database\BaseBuilder->get()
#5 E:\...KULI AH\Script SI alias skripsi\Aplikasi Tour n Travel\Horizon\app\Controllers\AdminRating.php(23): App\Models\M_Rating->getRatingInfo()
#6 E:\...KULI AH\Script SI alias skripsi\Aplikasi Tour n Travel\Horizon\vendor\codeigniter4\framework\system\CodeIgniter.php(927): App\Controllers\AdminRating->index()
#7 E:\...KULI AH\Script SI alias skripsi\Aplikasi Tour n Travel\Horizon\vendor\codeigniter4\framework\system\CodeIgniter.php(482): CodeIgniter\CodeIgniter->runController(Object(App\Controllers\AdminRating))
#8 E:\...KULI AH\Script SI alias skripsi\Aplikasi Tour n Travel\Horizon\vendor\codeigniter4\framework\system\CodeIgniter.php(351): CodeIgniter\CodeIgniter->handleRequest(NULL, Object(Config\Cache), false)
#9 E:\...KULI AH\Script SI alias skripsi\Aplikasi Tour n Travel\Horizon\public\index.php(67): CodeIgniter\CodeIgniter->run()
#10 E:\...KULI AH\Script SI alias skripsi\Aplikasi Tour n Travel\Horizon\vendor\codeigniter4\framework\system\Commands\Server\rewrite.php(46): require_once('E:\\...KULI AH\\S...')
#11 {main}
CRITICAL - 2022-11-15 23:48:08 --> Table 'horizon.user' doesn't exist
in SYSTEMPATH\Database\MySQLi\Connection.php on line 292.
 1 SYSTEMPATH\Database\MySQLi\Connection.php(292): mysqli->query('SELECT *
FROM `rating`
JOIN `produk` ON `produk`.`id_produk` = `rating`.`id_produk`
JOIN `user` ON `user`.`id` = `rating`.`id`', 0)
 2 SYSTEMPATH\Database\BaseConnection.php(666): CodeIgniter\Database\MySQLi\Connection->execute('SELECT *
FROM `rating`
JOIN `produk` ON `produk`.`id_produk` = `rating`.`id_produk`
JOIN `user` ON `user`.`id` = `rating`.`id`')
 3 SYSTEMPATH\Database\BaseConnection.php(593): CodeIgniter\Database\BaseConnection->simpleQuery('SELECT *
FROM `rating`
JOIN `produk` ON `produk`.`id_produk` = `rating`.`id_produk`
JOIN `user` ON `user`.`id` = `rating`.`id`')
 4 SYSTEMPATH\Database\BaseBuilder.php(1585): CodeIgniter\Database\BaseConnection->query('SELECT *
FROM `rating`
JOIN `produk` ON `produk`.`id_produk` = `rating`.`id_produk`
JOIN `user` ON `user`.`id` = `rating`.`id`', [], false)
 5 APPPATH\Models\M_Rating.php(20): CodeIgniter\Database\BaseBuilder->get()
 6 APPPATH\Controllers\AdminRating.php(23): App\Models\M_Rating->getRatingInfo()
 7 SYSTEMPATH\CodeIgniter.php(927): App\Controllers\AdminRating->index()
 8 SYSTEMPATH\CodeIgniter.php(482): CodeIgniter\CodeIgniter->runController(Object(App\Controllers\AdminRating))
 9 SYSTEMPATH\CodeIgniter.php(351): CodeIgniter\CodeIgniter->handleRequest(null, Object(Config\Cache), false)
10 FCPATH\index.php(67): CodeIgniter\CodeIgniter->run()
11 SYSTEMPATH\Commands\Server\rewrite.php(46): require_once('FCPATH\\index.php')
ERROR - 2022-11-15 23:48:18 --> mysqli_sql_exception: Table 'horizon.user' doesn't exist in E:\...KULI AH\Script SI alias skripsi\Aplikasi Tour n Travel\Horizon\vendor\codeigniter4\framework\system\Database\MySQLi\Connection.php:292
Stack trace:
#0 E:\...KULI AH\Script SI alias skripsi\Aplikasi Tour n Travel\Horizon\vendor\codeigniter4\framework\system\Database\MySQLi\Connection.php(292): mysqli->query('SELECT *\nFROM `...', 0)
#1 E:\...KULI AH\Script SI alias skripsi\Aplikasi Tour n Travel\Horizon\vendor\codeigniter4\framework\system\Database\BaseConnection.php(666): CodeIgniter\Database\MySQLi\Connection->execute('SELECT *\nFROM `...')
#2 E:\...KULI AH\Script SI alias skripsi\Aplikasi Tour n Travel\Horizon\vendor\codeigniter4\framework\system\Database\BaseConnection.php(593): CodeIgniter\Database\BaseConnection->simpleQuery('SELECT *\nFROM `...')
#3 E:\...KULI AH\Script SI alias skripsi\Aplikasi Tour n Travel\Horizon\vendor\codeigniter4\framework\system\Database\BaseBuilder.php(1585): CodeIgniter\Database\BaseConnection->query('SELECT *\nFROM `...', Array, false)
#4 E:\...KULI AH\Script SI alias skripsi\Aplikasi Tour n Travel\Horizon\app\Models\M_Rating.php(20): CodeIgniter\Database\BaseBuilder->get()
#5 E:\...KULI AH\Script SI alias skripsi\Aplikasi Tour n Travel\Horizon\app\Controllers\AdminRating.php(23): App\Models\M_Rating->getRatingInfo()
#6 E:\...KULI AH\Script SI alias skripsi\Aplikasi Tour n Travel\Horizon\vendor\codeigniter4\framework\system\CodeIgniter.php(927): App\Controllers\AdminRating->index()
#7 E:\...KULI AH\Script SI alias skripsi\Aplikasi Tour n Travel\Horizon\vendor\codeigniter4\framework\system\CodeIgniter.php(482): CodeIgniter\CodeIgniter->runController(Object(App\Controllers\AdminRating))
#8 E:\...KULI AH\Script SI alias skripsi\Aplikasi Tour n Travel\Horizon\vendor\codeigniter4\framework\system\CodeIgniter.php(351): CodeIgniter\CodeIgniter->handleRequest(NULL, Object(Config\Cache), false)
#9 E:\...KULI AH\Script SI alias skripsi\Aplikasi Tour n Travel\Horizon\public\index.php(67): CodeIgniter\CodeIgniter->run()
#10 E:\...KULI AH\Script SI alias skripsi\Aplikasi Tour n Travel\Horizon\vendor\codeigniter4\framework\system\Commands\Server\rewrite.php(46): require_once('E:\\...KULI AH\\S...')
#11 {main}
CRITICAL - 2022-11-15 23:48:18 --> Table 'horizon.user' doesn't exist
in SYSTEMPATH\Database\MySQLi\Connection.php on line 292.
 1 SYSTEMPATH\Database\MySQLi\Connection.php(292): mysqli->query('SELECT *
FROM `rating`
JOIN `produk` ON `produk`.`id_produk` = `rating`.`id_produk`
JOIN `user` ON `users`.`id` = `rating`.`id`', 0)
 2 SYSTEMPATH\Database\BaseConnection.php(666): CodeIgniter\Database\MySQLi\Connection->execute('SELECT *
FROM `rating`
JOIN `produk` ON `produk`.`id_produk` = `rating`.`id_produk`
JOIN `user` ON `users`.`id` = `rating`.`id`')
 3 SYSTEMPATH\Database\BaseConnection.php(593): CodeIgniter\Database\BaseConnection->simpleQuery('SELECT *
FROM `rating`
JOIN `produk` ON `produk`.`id_produk` = `rating`.`id_produk`
JOIN `user` ON `users`.`id` = `rating`.`id`')
 4 SYSTEMPATH\Database\BaseBuilder.php(1585): CodeIgniter\Database\BaseConnection->query('SELECT *
FROM `rating`
JOIN `produk` ON `produk`.`id_produk` = `rating`.`id_produk`
JOIN `user` ON `users`.`id` = `rating`.`id`', [], false)
 5 APPPATH\Models\M_Rating.php(20): CodeIgniter\Database\BaseBuilder->get()
 6 APPPATH\Controllers\AdminRating.php(23): App\Models\M_Rating->getRatingInfo()
 7 SYSTEMPATH\CodeIgniter.php(927): App\Controllers\AdminRating->index()
 8 SYSTEMPATH\CodeIgniter.php(482): CodeIgniter\CodeIgniter->runController(Object(App\Controllers\AdminRating))
 9 SYSTEMPATH\CodeIgniter.php(351): CodeIgniter\CodeIgniter->handleRequest(null, Object(Config\Cache), false)
10 FCPATH\index.php(67): CodeIgniter\CodeIgniter->run()
11 SYSTEMPATH\Commands\Server\rewrite.php(46): require_once('FCPATH\\index.php')
ERROR - 2022-11-15 23:54:47 --> mysqli_sql_exception: Column 'id' in field list is ambiguous in E:\...KULI AH\Script SI alias skripsi\Aplikasi Tour n Travel\Horizon\vendor\codeigniter4\framework\system\Database\MySQLi\Connection.php:292
Stack trace:
#0 E:\...KULI AH\Script SI alias skripsi\Aplikasi Tour n Travel\Horizon\vendor\codeigniter4\framework\system\Database\MySQLi\Connection.php(292): mysqli->query('SELECT `id`, `n...', 0)
#1 E:\...KULI AH\Script SI alias skripsi\Aplikasi Tour n Travel\Horizon\vendor\codeigniter4\framework\system\Database\BaseConnection.php(666): CodeIgniter\Database\MySQLi\Connection->execute('SELECT `id`, `n...')
#2 E:\...KULI AH\Script SI alias skripsi\Aplikasi Tour n Travel\Horizon\vendor\codeigniter4\framework\system\Database\BaseConnection.php(593): CodeIgniter\Database\BaseConnection->simpleQuery('SELECT `id`, `n...')
#3 E:\...KULI AH\Script SI alias skripsi\Aplikasi Tour n Travel\Horizon\vendor\codeigniter4\framework\system\Database\BaseBuilder.php(1585): CodeIgniter\Database\BaseConnection->query('SELECT `id`, `n...', Array, false)
#4 E:\...KULI AH\Script SI alias skripsi\Aplikasi Tour n Travel\Horizon\app\Models\M_Rating.php(20): CodeIgniter\Database\BaseBuilder->get()
#5 E:\...KULI AH\Script SI alias skripsi\Aplikasi Tour n Travel\Horizon\app\Controllers\AdminRating.php(23): App\Models\M_Rating->getRatingInfo()
#6 E:\...KULI AH\Script SI alias skripsi\Aplikasi Tour n Travel\Horizon\vendor\codeigniter4\framework\system\CodeIgniter.php(927): App\Controllers\AdminRating->index()
#7 E:\...KULI AH\Script SI alias skripsi\Aplikasi Tour n Travel\Horizon\vendor\codeigniter4\framework\system\CodeIgniter.php(482): CodeIgniter\CodeIgniter->runController(Object(App\Controllers\AdminRating))
#8 E:\...KULI AH\Script SI alias skripsi\Aplikasi Tour n Travel\Horizon\vendor\codeigniter4\framework\system\CodeIgniter.php(351): CodeIgniter\CodeIgniter->handleRequest(NULL, Object(Config\Cache), false)
#9 E:\...KULI AH\Script SI alias skripsi\Aplikasi Tour n Travel\Horizon\public\index.php(67): CodeIgniter\CodeIgniter->run()
#10 E:\...KULI AH\Script SI alias skripsi\Aplikasi Tour n Travel\Horizon\vendor\codeigniter4\framework\system\Commands\Server\rewrite.php(46): require_once('E:\\...KULI AH\\S...')
#11 {main}
CRITICAL - 2022-11-15 23:54:47 --> Column 'id' in field list is ambiguous
in SYSTEMPATH\Database\MySQLi\Connection.php on line 292.
 1 SYSTEMPATH\Database\MySQLi\Connection.php(292): mysqli->query('SELECT `id`, `nama_produk`, `nilai_rating`, `komentar`
FROM `rating`
JOIN `produk` ON `produk`.`id_produk` = `rating`.`id_produk`
JOIN `users` ON `users`.`id` = `rating`.`id`', 0)
 2 SYSTEMPATH\Database\BaseConnection.php(666): CodeIgniter\Database\MySQLi\Connection->execute('SELECT `id`, `nama_produk`, `nilai_rating`, `komentar`
FROM `rating`
JOIN `produk` ON `produk`.`id_produk` = `rating`.`id_produk`
JOIN `users` ON `users`.`id` = `rating`.`id`')
 3 SYSTEMPATH\Database\BaseConnection.php(593): CodeIgniter\Database\BaseConnection->simpleQuery('SELECT `id`, `nama_produk`, `nilai_rating`, `komentar`
FROM `rating`
JOIN `produk` ON `produk`.`id_produk` = `rating`.`id_produk`
JOIN `users` ON `users`.`id` = `rating`.`id`')
 4 SYSTEMPATH\Database\BaseBuilder.php(1585): CodeIgniter\Database\BaseConnection->query('SELECT `id`, `nama_produk`, `nilai_rating`, `komentar`
FROM `rating`
JOIN `produk` ON `produk`.`id_produk` = `rating`.`id_produk`
JOIN `users` ON `users`.`id` = `rating`.`id`', [], false)
 5 APPPATH\Models\M_Rating.php(20): CodeIgniter\Database\BaseBuilder->get()
 6 APPPATH\Controllers\AdminRating.php(23): App\Models\M_Rating->getRatingInfo()
 7 SYSTEMPATH\CodeIgniter.php(927): App\Controllers\AdminRating->index()
 8 SYSTEMPATH\CodeIgniter.php(482): CodeIgniter\CodeIgniter->runController(Object(App\Controllers\AdminRating))
 9 SYSTEMPATH\CodeIgniter.php(351): CodeIgniter\CodeIgniter->handleRequest(null, Object(Config\Cache), false)
10 FCPATH\index.php(67): CodeIgniter\CodeIgniter->run()
11 SYSTEMPATH\Commands\Server\rewrite.php(46): require_once('FCPATH\\index.php')
CRITICAL - 2022-11-15 23:54:55 --> Undefined array key "username"
in APPPATH\Views\admin\rating.php on line 36.
 1 APPPATH\Views\admin\rating.php(36): CodeIgniter\Debug\Exceptions->errorHandler(2, 'Undefined array key "username"', 'APPPATH\\Views\\admin\\rating.php', 36)
 2 SYSTEMPATH\View\View.php(213): include('APPPATH\\Views\\admin\\rating.php')
 3 SYSTEMPATH\View\View.php(216): CodeIgniter\View\View->CodeIgniter\View\{closure}()
 4 SYSTEMPATH\Common.php(1134): CodeIgniter\View\View->render('admin/rating', [], true)
 5 APPPATH\Controllers\AdminRating.php(29): view('admin/rating', [...])
 6 SYSTEMPATH\CodeIgniter.php(927): App\Controllers\AdminRating->index()
 7 SYSTEMPATH\CodeIgniter.php(482): CodeIgniter\CodeIgniter->runController(Object(App\Controllers\AdminRating))
 8 SYSTEMPATH\CodeIgniter.php(351): CodeIgniter\CodeIgniter->handleRequest(null, Object(Config\Cache), false)
 9 FCPATH\index.php(67): CodeIgniter\CodeIgniter->run()
10 SYSTEMPATH\Commands\Server\rewrite.php(46): require_once('FCPATH\\index.php')
