ERROR - 2022-11-13 07:31:33 --> mysqli_sql_exception: Column 'nama_kategori' cannot be null in E:\...KULI AH\Script SI alias skripsi\Aplikasi Tour n Travel\Horizon\vendor\codeigniter4\framework\system\Database\MySQLi\Connection.php:292
Stack trace:
#0 E:\...KULI AH\Script SI alias skripsi\Aplikasi Tour n Travel\Horizon\vendor\codeigniter4\framework\system\Database\MySQLi\Connection.php(292): mysqli->query('INSERT INTO `ka...', 0)
#1 E:\...KULI AH\Script SI alias skripsi\Aplikasi Tour n Travel\Horizon\vendor\codeigniter4\framework\system\Database\BaseConnection.php(666): CodeIgniter\Database\MySQLi\Connection->execute('INSERT INTO `ka...')
#2 E:\...KULI AH\Script SI alias skripsi\Aplikasi Tour n Travel\Horizon\vendor\codeigniter4\framework\system\Database\BaseConnection.php(593): CodeIgniter\Database\BaseConnection->simpleQuery('INSERT INTO `ka...')
#3 E:\...KULI AH\Script SI alias skripsi\Aplikasi Tour n Travel\Horizon\vendor\codeigniter4\framework\system\Database\BaseBuilder.php(1916): CodeIgniter\Database\BaseConnection->query('INSERT INTO `ka...', Array, false)
#4 E:\...KULI AH\Script SI alias skripsi\Aplikasi Tour n Travel\Horizon\vendor\codeigniter4\framework\system\Model.php(279): CodeIgniter\Database\BaseBuilder->insert()
#5 E:\...KULI AH\Script SI alias skripsi\Aplikasi Tour n Travel\Horizon\vendor\codeigniter4\framework\system\BaseModel.php(749): CodeIgniter\Model->doInsert(Array)
#6 E:\...KULI AH\Script SI alias skripsi\Aplikasi Tour n Travel\Horizon\vendor\codeigniter4\framework\system\Model.php(667): CodeIgniter\BaseModel->insert(Array, false)
#7 E:\...KULI AH\Script SI alias skripsi\Aplikasi Tour n Travel\Horizon\vendor\codeigniter4\framework\system\BaseModel.php(659): CodeIgniter\Model->insert(Array, false)
#8 E:\...KULI AH\Script SI alias skripsi\Aplikasi Tour n Travel\Horizon\app\Controllers\AdminKategori.php(39): CodeIgniter\BaseModel->save(Array)
#9 E:\...KULI AH\Script SI alias skripsi\Aplikasi Tour n Travel\Horizon\vendor\codeigniter4\framework\system\CodeIgniter.php(927): App\Controllers\AdminKategori->save()
#10 E:\...KULI AH\Script SI alias skripsi\Aplikasi Tour n Travel\Horizon\vendor\codeigniter4\framework\system\CodeIgniter.php(482): CodeIgniter\CodeIgniter->runController(Object(App\Controllers\AdminKategori))
#11 E:\...KULI AH\Script SI alias skripsi\Aplikasi Tour n Travel\Horizon\vendor\codeigniter4\framework\system\CodeIgniter.php(351): CodeIgniter\CodeIgniter->handleRequest(NULL, Object(Config\Cache), false)
#12 E:\...KULI AH\Script SI alias skripsi\Aplikasi Tour n Travel\Horizon\public\index.php(67): CodeIgniter\CodeIgniter->run()
#13 E:\...KULI AH\Script SI alias skripsi\Aplikasi Tour n Travel\Horizon\vendor\codeigniter4\framework\system\Commands\Server\rewrite.php(46): require_once('E:\\...KULI AH\\S...')
#14 {main}
CRITICAL - 2022-11-13 07:31:33 --> Column 'nama_kategori' cannot be null
in SYSTEMPATH\Database\MySQLi\Connection.php on line 292.
 1 SYSTEMPATH\Database\MySQLi\Connection.php(292): mysqli->query('INSERT INTO `kategori` (`nama_kategori`) VALUES (NULL)', 0)
 2 SYSTEMPATH\Database\BaseConnection.php(666): CodeIgniter\Database\MySQLi\Connection->execute('INSERT INTO `kategori` (`nama_kategori`) VALUES (NULL)')
 3 SYSTEMPATH\Database\BaseConnection.php(593): CodeIgniter\Database\BaseConnection->simpleQuery('INSERT INTO `kategori` (`nama_kategori`) VALUES (NULL)')
 4 SYSTEMPATH\Database\BaseBuilder.php(1916): CodeIgniter\Database\BaseConnection->query('INSERT INTO `kategori` (`nama_kategori`) VALUES (:nama_kategori:)', [...], false)
 5 SYSTEMPATH\Model.php(279): CodeIgniter\Database\BaseBuilder->insert()
 6 SYSTEMPATH\BaseModel.php(749): CodeIgniter\Model->doInsert([...])
 7 SYSTEMPATH\Model.php(667): CodeIgniter\BaseModel->insert([...], false)
 8 SYSTEMPATH\BaseModel.php(659): CodeIgniter\Model->insert([...], false)
 9 APPPATH\Controllers\AdminKategori.php(39): CodeIgniter\BaseModel->save([...])
10 SYSTEMPATH\CodeIgniter.php(927): App\Controllers\AdminKategori->save()
11 SYSTEMPATH\CodeIgniter.php(482): CodeIgniter\CodeIgniter->runController(Object(App\Controllers\AdminKategori))
12 SYSTEMPATH\CodeIgniter.php(351): CodeIgniter\CodeIgniter->handleRequest(null, Object(Config\Cache), false)
13 FCPATH\index.php(67): CodeIgniter\CodeIgniter->run()
14 SYSTEMPATH\Commands\Server\rewrite.php(46): require_once('FCPATH\\index.php')
ERROR - 2022-11-13 07:32:26 --> mysqli_sql_exception: Column 'nama_kategori' cannot be null in E:\...KULI AH\Script SI alias skripsi\Aplikasi Tour n Travel\Horizon\vendor\codeigniter4\framework\system\Database\MySQLi\Connection.php:292
Stack trace:
#0 E:\...KULI AH\Script SI alias skripsi\Aplikasi Tour n Travel\Horizon\vendor\codeigniter4\framework\system\Database\MySQLi\Connection.php(292): mysqli->query('INSERT INTO `ka...', 0)
#1 E:\...KULI AH\Script SI alias skripsi\Aplikasi Tour n Travel\Horizon\vendor\codeigniter4\framework\system\Database\BaseConnection.php(666): CodeIgniter\Database\MySQLi\Connection->execute('INSERT INTO `ka...')
#2 E:\...KULI AH\Script SI alias skripsi\Aplikasi Tour n Travel\Horizon\vendor\codeigniter4\framework\system\Database\BaseConnection.php(593): CodeIgniter\Database\BaseConnection->simpleQuery('INSERT INTO `ka...')
#3 E:\...KULI AH\Script SI alias skripsi\Aplikasi Tour n Travel\Horizon\vendor\codeigniter4\framework\system\Database\BaseBuilder.php(1916): CodeIgniter\Database\BaseConnection->query('INSERT INTO `ka...', Array, false)
#4 E:\...KULI AH\Script SI alias skripsi\Aplikasi Tour n Travel\Horizon\vendor\codeigniter4\framework\system\Model.php(279): CodeIgniter\Database\BaseBuilder->insert()
#5 E:\...KULI AH\Script SI alias skripsi\Aplikasi Tour n Travel\Horizon\vendor\codeigniter4\framework\system\BaseModel.php(749): CodeIgniter\Model->doInsert(Array)
#6 E:\...KULI AH\Script SI alias skripsi\Aplikasi Tour n Travel\Horizon\vendor\codeigniter4\framework\system\Model.php(667): CodeIgniter\BaseModel->insert(Array, false)
#7 E:\...KULI AH\Script SI alias skripsi\Aplikasi Tour n Travel\Horizon\vendor\codeigniter4\framework\system\BaseModel.php(659): CodeIgniter\Model->insert(Array, false)
#8 E:\...KULI AH\Script SI alias skripsi\Aplikasi Tour n Travel\Horizon\app\Controllers\AdminKategori.php(39): CodeIgniter\BaseModel->save(Array)
#9 E:\...KULI AH\Script SI alias skripsi\Aplikasi Tour n Travel\Horizon\vendor\codeigniter4\framework\system\CodeIgniter.php(927): App\Controllers\AdminKategori->save()
#10 E:\...KULI AH\Script SI alias skripsi\Aplikasi Tour n Travel\Horizon\vendor\codeigniter4\framework\system\CodeIgniter.php(482): CodeIgniter\CodeIgniter->runController(Object(App\Controllers\AdminKategori))
#11 E:\...KULI AH\Script SI alias skripsi\Aplikasi Tour n Travel\Horizon\vendor\codeigniter4\framework\system\CodeIgniter.php(351): CodeIgniter\CodeIgniter->handleRequest(NULL, Object(Config\Cache), false)
#12 E:\...KULI AH\Script SI alias skripsi\Aplikasi Tour n Travel\Horizon\public\index.php(67): CodeIgniter\CodeIgniter->run()
#13 E:\...KULI AH\Script SI alias skripsi\Aplikasi Tour n Travel\Horizon\vendor\codeigniter4\framework\system\Commands\Server\rewrite.php(46): require_once('E:\\...KULI AH\\S...')
#14 {main}
CRITICAL - 2022-11-13 07:32:26 --> Column 'nama_kategori' cannot be null
in SYSTEMPATH\Database\MySQLi\Connection.php on line 292.
 1 SYSTEMPATH\Database\MySQLi\Connection.php(292): mysqli->query('INSERT INTO `kategori` (`nama_kategori`) VALUES (NULL)', 0)
 2 SYSTEMPATH\Database\BaseConnection.php(666): CodeIgniter\Database\MySQLi\Connection->execute('INSERT INTO `kategori` (`nama_kategori`) VALUES (NULL)')
 3 SYSTEMPATH\Database\BaseConnection.php(593): CodeIgniter\Database\BaseConnection->simpleQuery('INSERT INTO `kategori` (`nama_kategori`) VALUES (NULL)')
 4 SYSTEMPATH\Database\BaseBuilder.php(1916): CodeIgniter\Database\BaseConnection->query('INSERT INTO `kategori` (`nama_kategori`) VALUES (:nama_kategori:)', [...], false)
 5 SYSTEMPATH\Model.php(279): CodeIgniter\Database\BaseBuilder->insert()
 6 SYSTEMPATH\BaseModel.php(749): CodeIgniter\Model->doInsert([...])
 7 SYSTEMPATH\Model.php(667): CodeIgniter\BaseModel->insert([...], false)
 8 SYSTEMPATH\BaseModel.php(659): CodeIgniter\Model->insert([...], false)
 9 APPPATH\Controllers\AdminKategori.php(39): CodeIgniter\BaseModel->save([...])
10 SYSTEMPATH\CodeIgniter.php(927): App\Controllers\AdminKategori->save()
11 SYSTEMPATH\CodeIgniter.php(482): CodeIgniter\CodeIgniter->runController(Object(App\Controllers\AdminKategori))
12 SYSTEMPATH\CodeIgniter.php(351): CodeIgniter\CodeIgniter->handleRequest(null, Object(Config\Cache), false)
13 FCPATH\index.php(67): CodeIgniter\CodeIgniter->run()
14 SYSTEMPATH\Commands\Server\rewrite.php(46): require_once('FCPATH\\index.php')
CRITICAL - 2022-11-13 07:39:33 --> syntax error, unexpected token "++", expecting "," or ";"
in APPPATH\Views\admin\kategori.php on line 23.
 1 SYSTEMPATH\View\View.php(216): CodeIgniter\View\View->CodeIgniter\View\{closure}()
 2 SYSTEMPATH\Common.php(1134): CodeIgniter\View\View->render('admin/kategori', [], true)
 3 APPPATH\Controllers\AdminKategori.php(22): view('admin/kategori', [...])
 4 SYSTEMPATH\CodeIgniter.php(927): App\Controllers\AdminKategori->index()
 5 SYSTEMPATH\CodeIgniter.php(482): CodeIgniter\CodeIgniter->runController(Object(App\Controllers\AdminKategori))
 6 SYSTEMPATH\CodeIgniter.php(351): CodeIgniter\CodeIgniter->handleRequest(null, Object(Config\Cache), false)
 7 FCPATH\index.php(67): CodeIgniter\CodeIgniter->run()
 8 SYSTEMPATH\Commands\Server\rewrite.php(46): require_once('FCPATH\\index.php')
ERROR - 2022-11-13 07:52:08 --> mysqli_sql_exception: Column 'nama_kategori' cannot be null in E:\...KULI AH\Script SI alias skripsi\Aplikasi Tour n Travel\Horizon\vendor\codeigniter4\framework\system\Database\MySQLi\Connection.php:292
Stack trace:
#0 E:\...KULI AH\Script SI alias skripsi\Aplikasi Tour n Travel\Horizon\vendor\codeigniter4\framework\system\Database\MySQLi\Connection.php(292): mysqli->query('INSERT INTO `ka...', 0)
#1 E:\...KULI AH\Script SI alias skripsi\Aplikasi Tour n Travel\Horizon\vendor\codeigniter4\framework\system\Database\BaseConnection.php(666): CodeIgniter\Database\MySQLi\Connection->execute('INSERT INTO `ka...')
#2 E:\...KULI AH\Script SI alias skripsi\Aplikasi Tour n Travel\Horizon\vendor\codeigniter4\framework\system\Database\BaseConnection.php(593): CodeIgniter\Database\BaseConnection->simpleQuery('INSERT INTO `ka...')
#3 E:\...KULI AH\Script SI alias skripsi\Aplikasi Tour n Travel\Horizon\vendor\codeigniter4\framework\system\Database\BaseBuilder.php(1916): CodeIgniter\Database\BaseConnection->query('INSERT INTO `ka...', Array, false)
#4 E:\...KULI AH\Script SI alias skripsi\Aplikasi Tour n Travel\Horizon\vendor\codeigniter4\framework\system\Model.php(279): CodeIgniter\Database\BaseBuilder->insert()
#5 E:\...KULI AH\Script SI alias skripsi\Aplikasi Tour n Travel\Horizon\vendor\codeigniter4\framework\system\BaseModel.php(749): CodeIgniter\Model->doInsert(Array)
#6 E:\...KULI AH\Script SI alias skripsi\Aplikasi Tour n Travel\Horizon\vendor\codeigniter4\framework\system\Model.php(667): CodeIgniter\BaseModel->insert(Array, false)
#7 E:\...KULI AH\Script SI alias skripsi\Aplikasi Tour n Travel\Horizon\vendor\codeigniter4\framework\system\BaseModel.php(659): CodeIgniter\Model->insert(Array, false)
#8 E:\...KULI AH\Script SI alias skripsi\Aplikasi Tour n Travel\Horizon\app\Controllers\AdminKategori.php(40): CodeIgniter\BaseModel->save(Array)
#9 E:\...KULI AH\Script SI alias skripsi\Aplikasi Tour n Travel\Horizon\vendor\codeigniter4\framework\system\CodeIgniter.php(927): App\Controllers\AdminKategori->update()
#10 E:\...KULI AH\Script SI alias skripsi\Aplikasi Tour n Travel\Horizon\vendor\codeigniter4\framework\system\CodeIgniter.php(482): CodeIgniter\CodeIgniter->runController(Object(App\Controllers\AdminKategori))
#11 E:\...KULI AH\Script SI alias skripsi\Aplikasi Tour n Travel\Horizon\vendor\codeigniter4\framework\system\CodeIgniter.php(351): CodeIgniter\CodeIgniter->handleRequest(NULL, Object(Config\Cache), false)
#12 E:\...KULI AH\Script SI alias skripsi\Aplikasi Tour n Travel\Horizon\public\index.php(67): CodeIgniter\CodeIgniter->run()
#13 E:\...KULI AH\Script SI alias skripsi\Aplikasi Tour n Travel\Horizon\vendor\codeigniter4\framework\system\Commands\Server\rewrite.php(46): require_once('E:\\...KULI AH\\S...')
#14 {main}
CRITICAL - 2022-11-13 07:52:08 --> Column 'nama_kategori' cannot be null
in SYSTEMPATH\Database\MySQLi\Connection.php on line 292.
 1 SYSTEMPATH\Database\MySQLi\Connection.php(292): mysqli->query('INSERT INTO `kategori` (`nama_kategori`, `induk_kategori`, `deskripsi_kategori`) VALUES (NULL, NULL, NULL)', 0)
 2 SYSTEMPATH\Database\BaseConnection.php(666): CodeIgniter\Database\MySQLi\Connection->execute('INSERT INTO `kategori` (`nama_kategori`, `induk_kategori`, `deskripsi_kategori`) VALUES (NULL, NULL, NULL)')
 3 SYSTEMPATH\Database\BaseConnection.php(593): CodeIgniter\Database\BaseConnection->simpleQuery('INSERT INTO `kategori` (`nama_kategori`, `induk_kategori`, `deskripsi_kategori`) VALUES (NULL, NULL, NULL)')
 4 SYSTEMPATH\Database\BaseBuilder.php(1916): CodeIgniter\Database\BaseConnection->query('INSERT INTO `kategori` (`nama_kategori`, `induk_kategori`, `deskripsi_kategori`) VALUES (:nama_kategori:, :induk_kategori:, :deskripsi_kategori:)', [...], false)
 5 SYSTEMPATH\Model.php(279): CodeIgniter\Database\BaseBuilder->insert()
 6 SYSTEMPATH\BaseModel.php(749): CodeIgniter\Model->doInsert([...])
 7 SYSTEMPATH\Model.php(667): CodeIgniter\BaseModel->insert([...], false)
 8 SYSTEMPATH\BaseModel.php(659): CodeIgniter\Model->insert([...], false)
 9 APPPATH\Controllers\AdminKategori.php(40): CodeIgniter\BaseModel->save([...])
10 SYSTEMPATH\CodeIgniter.php(927): App\Controllers\AdminKategori->update()
11 SYSTEMPATH\CodeIgniter.php(482): CodeIgniter\CodeIgniter->runController(Object(App\Controllers\AdminKategori))
12 SYSTEMPATH\CodeIgniter.php(351): CodeIgniter\CodeIgniter->handleRequest(null, Object(Config\Cache), false)
13 FCPATH\index.php(67): CodeIgniter\CodeIgniter->run()
14 SYSTEMPATH\Commands\Server\rewrite.php(46): require_once('FCPATH\\index.php')
ERROR - 2022-11-13 07:53:53 --> mysqli_sql_exception: Column 'nama_kategori' cannot be null in E:\...KULI AH\Script SI alias skripsi\Aplikasi Tour n Travel\Horizon\vendor\codeigniter4\framework\system\Database\MySQLi\Connection.php:292
Stack trace:
#0 E:\...KULI AH\Script SI alias skripsi\Aplikasi Tour n Travel\Horizon\vendor\codeigniter4\framework\system\Database\MySQLi\Connection.php(292): mysqli->query('INSERT INTO `ka...', 0)
#1 E:\...KULI AH\Script SI alias skripsi\Aplikasi Tour n Travel\Horizon\vendor\codeigniter4\framework\system\Database\BaseConnection.php(666): CodeIgniter\Database\MySQLi\Connection->execute('INSERT INTO `ka...')
#2 E:\...KULI AH\Script SI alias skripsi\Aplikasi Tour n Travel\Horizon\vendor\codeigniter4\framework\system\Database\BaseConnection.php(593): CodeIgniter\Database\BaseConnection->simpleQuery('INSERT INTO `ka...')
#3 E:\...KULI AH\Script SI alias skripsi\Aplikasi Tour n Travel\Horizon\vendor\codeigniter4\framework\system\Database\BaseBuilder.php(1916): CodeIgniter\Database\BaseConnection->query('INSERT INTO `ka...', Array, false)
#4 E:\...KULI AH\Script SI alias skripsi\Aplikasi Tour n Travel\Horizon\vendor\codeigniter4\framework\system\Model.php(279): CodeIgniter\Database\BaseBuilder->insert()
#5 E:\...KULI AH\Script SI alias skripsi\Aplikasi Tour n Travel\Horizon\vendor\codeigniter4\framework\system\BaseModel.php(749): CodeIgniter\Model->doInsert(Array)
#6 E:\...KULI AH\Script SI alias skripsi\Aplikasi Tour n Travel\Horizon\vendor\codeigniter4\framework\system\Model.php(667): CodeIgniter\BaseModel->insert(Array, false)
#7 E:\...KULI AH\Script SI alias skripsi\Aplikasi Tour n Travel\Horizon\vendor\codeigniter4\framework\system\BaseModel.php(659): CodeIgniter\Model->insert(Array, false)
#8 E:\...KULI AH\Script SI alias skripsi\Aplikasi Tour n Travel\Horizon\app\Controllers\AdminKategori.php(41): CodeIgniter\BaseModel->save(Array)
#9 E:\...KULI AH\Script SI alias skripsi\Aplikasi Tour n Travel\Horizon\vendor\codeigniter4\framework\system\CodeIgniter.php(927): App\Controllers\AdminKategori->update()
#10 E:\...KULI AH\Script SI alias skripsi\Aplikasi Tour n Travel\Horizon\vendor\codeigniter4\framework\system\CodeIgniter.php(482): CodeIgniter\CodeIgniter->runController(Object(App\Controllers\AdminKategori))
#11 E:\...KULI AH\Script SI alias skripsi\Aplikasi Tour n Travel\Horizon\vendor\codeigniter4\framework\system\CodeIgniter.php(351): CodeIgniter\CodeIgniter->handleRequest(NULL, Object(Config\Cache), false)
#12 E:\...KULI AH\Script SI alias skripsi\Aplikasi Tour n Travel\Horizon\public\index.php(67): CodeIgniter\CodeIgniter->run()
#13 E:\...KULI AH\Script SI alias skripsi\Aplikasi Tour n Travel\Horizon\vendor\codeigniter4\framework\system\Commands\Server\rewrite.php(46): require_once('E:\\...KULI AH\\S...')
#14 {main}
CRITICAL - 2022-11-13 07:53:53 --> Column 'nama_kategori' cannot be null
in SYSTEMPATH\Database\MySQLi\Connection.php on line 292.
 1 SYSTEMPATH\Database\MySQLi\Connection.php(292): mysqli->query('INSERT INTO `kategori` (`nama_kategori`, `induk_kategori`, `deskripsi_kategori`) VALUES (NULL, NULL, NULL)', 0)
 2 SYSTEMPATH\Database\BaseConnection.php(666): CodeIgniter\Database\MySQLi\Connection->execute('INSERT INTO `kategori` (`nama_kategori`, `induk_kategori`, `deskripsi_kategori`) VALUES (NULL, NULL, NULL)')
 3 SYSTEMPATH\Database\BaseConnection.php(593): CodeIgniter\Database\BaseConnection->simpleQuery('INSERT INTO `kategori` (`nama_kategori`, `induk_kategori`, `deskripsi_kategori`) VALUES (NULL, NULL, NULL)')
 4 SYSTEMPATH\Database\BaseBuilder.php(1916): CodeIgniter\Database\BaseConnection->query('INSERT INTO `kategori` (`nama_kategori`, `induk_kategori`, `deskripsi_kategori`) VALUES (:nama_kategori:, :induk_kategori:, :deskripsi_kategori:)', [...], false)
 5 SYSTEMPATH\Model.php(279): CodeIgniter\Database\BaseBuilder->insert()
 6 SYSTEMPATH\BaseModel.php(749): CodeIgniter\Model->doInsert([...])
 7 SYSTEMPATH\Model.php(667): CodeIgniter\BaseModel->insert([...], false)
 8 SYSTEMPATH\BaseModel.php(659): CodeIgniter\Model->insert([...], false)
 9 APPPATH\Controllers\AdminKategori.php(41): CodeIgniter\BaseModel->save([...])
10 SYSTEMPATH\CodeIgniter.php(927): App\Controllers\AdminKategori->update()
11 SYSTEMPATH\CodeIgniter.php(482): CodeIgniter\CodeIgniter->runController(Object(App\Controllers\AdminKategori))
12 SYSTEMPATH\CodeIgniter.php(351): CodeIgniter\CodeIgniter->handleRequest(null, Object(Config\Cache), false)
13 FCPATH\index.php(67): CodeIgniter\CodeIgniter->run()
14 SYSTEMPATH\Commands\Server\rewrite.php(46): require_once('FCPATH\\index.php')
ERROR - 2022-11-13 07:54:00 --> mysqli_sql_exception: Column 'nama_kategori' cannot be null in E:\...KULI AH\Script SI alias skripsi\Aplikasi Tour n Travel\Horizon\vendor\codeigniter4\framework\system\Database\MySQLi\Connection.php:292
Stack trace:
#0 E:\...KULI AH\Script SI alias skripsi\Aplikasi Tour n Travel\Horizon\vendor\codeigniter4\framework\system\Database\MySQLi\Connection.php(292): mysqli->query('INSERT INTO `ka...', 0)
#1 E:\...KULI AH\Script SI alias skripsi\Aplikasi Tour n Travel\Horizon\vendor\codeigniter4\framework\system\Database\BaseConnection.php(666): CodeIgniter\Database\MySQLi\Connection->execute('INSERT INTO `ka...')
#2 E:\...KULI AH\Script SI alias skripsi\Aplikasi Tour n Travel\Horizon\vendor\codeigniter4\framework\system\Database\BaseConnection.php(593): CodeIgniter\Database\BaseConnection->simpleQuery('INSERT INTO `ka...')
#3 E:\...KULI AH\Script SI alias skripsi\Aplikasi Tour n Travel\Horizon\vendor\codeigniter4\framework\system\Database\BaseBuilder.php(1916): CodeIgniter\Database\BaseConnection->query('INSERT INTO `ka...', Array, false)
#4 E:\...KULI AH\Script SI alias skripsi\Aplikasi Tour n Travel\Horizon\vendor\codeigniter4\framework\system\Model.php(279): CodeIgniter\Database\BaseBuilder->insert()
#5 E:\...KULI AH\Script SI alias skripsi\Aplikasi Tour n Travel\Horizon\vendor\codeigniter4\framework\system\BaseModel.php(749): CodeIgniter\Model->doInsert(Array)
#6 E:\...KULI AH\Script SI alias skripsi\Aplikasi Tour n Travel\Horizon\vendor\codeigniter4\framework\system\Model.php(667): CodeIgniter\BaseModel->insert(Array, false)
#7 E:\...KULI AH\Script SI alias skripsi\Aplikasi Tour n Travel\Horizon\vendor\codeigniter4\framework\system\BaseModel.php(659): CodeIgniter\Model->insert(Array, false)
#8 E:\...KULI AH\Script SI alias skripsi\Aplikasi Tour n Travel\Horizon\app\Controllers\AdminKategori.php(41): CodeIgniter\BaseModel->save(Array)
#9 E:\...KULI AH\Script SI alias skripsi\Aplikasi Tour n Travel\Horizon\vendor\codeigniter4\framework\system\CodeIgniter.php(927): App\Controllers\AdminKategori->update()
#10 E:\...KULI AH\Script SI alias skripsi\Aplikasi Tour n Travel\Horizon\vendor\codeigniter4\framework\system\CodeIgniter.php(482): CodeIgniter\CodeIgniter->runController(Object(App\Controllers\AdminKategori))
#11 E:\...KULI AH\Script SI alias skripsi\Aplikasi Tour n Travel\Horizon\vendor\codeigniter4\framework\system\CodeIgniter.php(351): CodeIgniter\CodeIgniter->handleRequest(NULL, Object(Config\Cache), false)
#12 E:\...KULI AH\Script SI alias skripsi\Aplikasi Tour n Travel\Horizon\public\index.php(67): CodeIgniter\CodeIgniter->run()
#13 E:\...KULI AH\Script SI alias skripsi\Aplikasi Tour n Travel\Horizon\vendor\codeigniter4\framework\system\Commands\Server\rewrite.php(46): require_once('E:\\...KULI AH\\S...')
#14 {main}
CRITICAL - 2022-11-13 07:54:00 --> Column 'nama_kategori' cannot be null
in SYSTEMPATH\Database\MySQLi\Connection.php on line 292.
 1 SYSTEMPATH\Database\MySQLi\Connection.php(292): mysqli->query('INSERT INTO `kategori` (`nama_kategori`, `induk_kategori`, `deskripsi_kategori`) VALUES (NULL, NULL, NULL)', 0)
 2 SYSTEMPATH\Database\BaseConnection.php(666): CodeIgniter\Database\MySQLi\Connection->execute('INSERT INTO `kategori` (`nama_kategori`, `induk_kategori`, `deskripsi_kategori`) VALUES (NULL, NULL, NULL)')
 3 SYSTEMPATH\Database\BaseConnection.php(593): CodeIgniter\Database\BaseConnection->simpleQuery('INSERT INTO `kategori` (`nama_kategori`, `induk_kategori`, `deskripsi_kategori`) VALUES (NULL, NULL, NULL)')
 4 SYSTEMPATH\Database\BaseBuilder.php(1916): CodeIgniter\Database\BaseConnection->query('INSERT INTO `kategori` (`nama_kategori`, `induk_kategori`, `deskripsi_kategori`) VALUES (:nama_kategori:, :induk_kategori:, :deskripsi_kategori:)', [...], false)
 5 SYSTEMPATH\Model.php(279): CodeIgniter\Database\BaseBuilder->insert()
 6 SYSTEMPATH\BaseModel.php(749): CodeIgniter\Model->doInsert([...])
 7 SYSTEMPATH\Model.php(667): CodeIgniter\BaseModel->insert([...], false)
 8 SYSTEMPATH\BaseModel.php(659): CodeIgniter\Model->insert([...], false)
 9 APPPATH\Controllers\AdminKategori.php(41): CodeIgniter\BaseModel->save([...])
10 SYSTEMPATH\CodeIgniter.php(927): App\Controllers\AdminKategori->update()
11 SYSTEMPATH\CodeIgniter.php(482): CodeIgniter\CodeIgniter->runController(Object(App\Controllers\AdminKategori))
12 SYSTEMPATH\CodeIgniter.php(351): CodeIgniter\CodeIgniter->handleRequest(null, Object(Config\Cache), false)
13 FCPATH\index.php(67): CodeIgniter\CodeIgniter->run()
14 SYSTEMPATH\Commands\Server\rewrite.php(46): require_once('FCPATH\\index.php')
CRITICAL - 2022-11-13 09:17:45 --> Undefined variable $kategori
in APPPATH\Views\admin\produk.php on line 21.
 1 APPPATH\Views\admin\produk.php(21): CodeIgniter\Debug\Exceptions->errorHandler(2, 'Undefined variable $kategori', 'APPPATH\\Views\\admin\\produk.php', 21)
 2 SYSTEMPATH\View\View.php(213): include('APPPATH\\Views\\admin\\produk.php')
 3 SYSTEMPATH\View\View.php(216): CodeIgniter\View\View->CodeIgniter\View\{closure}()
 4 SYSTEMPATH\Common.php(1134): CodeIgniter\View\View->render('admin/produk', [], true)
 5 APPPATH\Controllers\AdminProduk.php(22): view('admin/produk', [...])
 6 SYSTEMPATH\CodeIgniter.php(927): App\Controllers\AdminProduk->index()
 7 SYSTEMPATH\CodeIgniter.php(482): CodeIgniter\CodeIgniter->runController(Object(App\Controllers\AdminProduk))
 8 SYSTEMPATH\CodeIgniter.php(351): CodeIgniter\CodeIgniter->handleRequest(null, Object(Config\Cache), false)
 9 FCPATH\index.php(67): CodeIgniter\CodeIgniter->run()
10 SYSTEMPATH\Commands\Server\rewrite.php(46): require_once('FCPATH\\index.php')
CRITICAL - 2022-11-13 09:34:37 --> Undefined array key "nama_kategori"
in APPPATH\Views\admin\produk.php on line 25.
 1 APPPATH\Views\admin\produk.php(25): CodeIgniter\Debug\Exceptions->errorHandler(2, 'Undefined array key "nama_kategori"', 'APPPATH\\Views\\admin\\produk.php', 25)
 2 SYSTEMPATH\View\View.php(213): include('APPPATH\\Views\\admin\\produk.php')
 3 SYSTEMPATH\View\View.php(216): CodeIgniter\View\View->CodeIgniter\View\{closure}()
 4 SYSTEMPATH\Common.php(1134): CodeIgniter\View\View->render('admin/produk', [], true)
 5 APPPATH\Controllers\AdminProduk.php(22): view('admin/produk', [...])
 6 SYSTEMPATH\CodeIgniter.php(927): App\Controllers\AdminProduk->index()
 7 SYSTEMPATH\CodeIgniter.php(482): CodeIgniter\CodeIgniter->runController(Object(App\Controllers\AdminProduk))
 8 SYSTEMPATH\CodeIgniter.php(351): CodeIgniter\CodeIgniter->handleRequest(null, Object(Config\Cache), false)
 9 FCPATH\index.php(67): CodeIgniter\CodeIgniter->run()
10 SYSTEMPATH\Commands\Server\rewrite.php(46): require_once('FCPATH\\index.php')
CRITICAL - 2022-11-13 09:44:30 --> Cannot use object of type mysqli as array
in APPPATH\Views\admin\produk.php on line 24.
 1 SYSTEMPATH\View\View.php(213): include()
 2 SYSTEMPATH\View\View.php(216): CodeIgniter\View\View->CodeIgniter\View\{closure}()
 3 SYSTEMPATH\Common.php(1134): CodeIgniter\View\View->render('admin/produk', [], true)
 4 APPPATH\Controllers\AdminProduk.php(23): view('admin/produk', [...])
 5 SYSTEMPATH\CodeIgniter.php(927): App\Controllers\AdminProduk->index()
 6 SYSTEMPATH\CodeIgniter.php(482): CodeIgniter\CodeIgniter->runController(Object(App\Controllers\AdminProduk))
 7 SYSTEMPATH\CodeIgniter.php(351): CodeIgniter\CodeIgniter->handleRequest(null, Object(Config\Cache), false)
 8 FCPATH\index.php(67): CodeIgniter\CodeIgniter->run()
 9 SYSTEMPATH\Commands\Server\rewrite.php(46): require_once('FCPATH\\index.php')
CRITICAL - 2022-11-13 09:46:45 --> Cannot use object of type mysqli as array
in APPPATH\Views\admin\produk.php on line 24.
 1 SYSTEMPATH\View\View.php(213): include()
 2 SYSTEMPATH\View\View.php(216): CodeIgniter\View\View->CodeIgniter\View\{closure}()
 3 SYSTEMPATH\Common.php(1134): CodeIgniter\View\View->render('admin/produk', [], true)
 4 APPPATH\Controllers\AdminProduk.php(24): view('admin/produk', [...])
 5 SYSTEMPATH\CodeIgniter.php(927): App\Controllers\AdminProduk->index()
 6 SYSTEMPATH\CodeIgniter.php(482): CodeIgniter\CodeIgniter->runController(Object(App\Controllers\AdminProduk))
 7 SYSTEMPATH\CodeIgniter.php(351): CodeIgniter\CodeIgniter->handleRequest(null, Object(Config\Cache), false)
 8 FCPATH\index.php(67): CodeIgniter\CodeIgniter->run()
 9 SYSTEMPATH\Commands\Server\rewrite.php(46): require_once('FCPATH\\index.php')
CRITICAL - 2022-11-13 09:46:59 --> Undefined property: mysqli::$nama_produk
in APPPATH\Views\admin\produk.php on line 24.
 1 APPPATH\Views\admin\produk.php(24): CodeIgniter\Debug\Exceptions->errorHandler(2, 'Undefined property: mysqli::$nama_produk', 'APPPATH\\Views\\admin\\produk.php', 24)
 2 SYSTEMPATH\View\View.php(213): include('APPPATH\\Views\\admin\\produk.php')
 3 SYSTEMPATH\View\View.php(216): CodeIgniter\View\View->CodeIgniter\View\{closure}()
 4 SYSTEMPATH\Common.php(1134): CodeIgniter\View\View->render('admin/produk', [], true)
 5 APPPATH\Controllers\AdminProduk.php(24): view('admin/produk', [...])
 6 SYSTEMPATH\CodeIgniter.php(927): App\Controllers\AdminProduk->index()
 7 SYSTEMPATH\CodeIgniter.php(482): CodeIgniter\CodeIgniter->runController(Object(App\Controllers\AdminProduk))
 8 SYSTEMPATH\CodeIgniter.php(351): CodeIgniter\CodeIgniter->handleRequest(null, Object(Config\Cache), false)
 9 FCPATH\index.php(67): CodeIgniter\CodeIgniter->run()
10 SYSTEMPATH\Commands\Server\rewrite.php(46): require_once('FCPATH\\index.php')
CRITICAL - 2022-11-13 09:47:37 --> Cannot use object of type mysqli as array
in APPPATH\Views\admin\produk.php on line 24.
 1 SYSTEMPATH\View\View.php(213): include()
 2 SYSTEMPATH\View\View.php(216): CodeIgniter\View\View->CodeIgniter\View\{closure}()
 3 SYSTEMPATH\Common.php(1134): CodeIgniter\View\View->render('admin/produk', [], true)
 4 APPPATH\Controllers\AdminProduk.php(24): view('admin/produk', [...])
 5 SYSTEMPATH\CodeIgniter.php(927): App\Controllers\AdminProduk->index()
 6 SYSTEMPATH\CodeIgniter.php(482): CodeIgniter\CodeIgniter->runController(Object(App\Controllers\AdminProduk))
 7 SYSTEMPATH\CodeIgniter.php(351): CodeIgniter\CodeIgniter->handleRequest(null, Object(Config\Cache), false)
 8 FCPATH\index.php(67): CodeIgniter\CodeIgniter->run()
 9 SYSTEMPATH\Commands\Server\rewrite.php(46): require_once('FCPATH\\index.php')
CRITICAL - 2022-11-13 09:49:57 --> Cannot use object of type mysqli as array
in APPPATH\Views\admin\produk.php on line 24.
 1 SYSTEMPATH\View\View.php(213): include()
 2 SYSTEMPATH\View\View.php(216): CodeIgniter\View\View->CodeIgniter\View\{closure}()
 3 SYSTEMPATH\Common.php(1134): CodeIgniter\View\View->render('admin/produk', [], true)
 4 APPPATH\Controllers\AdminProduk.php(25): view('admin/produk', [...])
 5 SYSTEMPATH\CodeIgniter.php(927): App\Controllers\AdminProduk->index()
 6 SYSTEMPATH\CodeIgniter.php(482): CodeIgniter\CodeIgniter->runController(Object(App\Controllers\AdminProduk))
 7 SYSTEMPATH\CodeIgniter.php(351): CodeIgniter\CodeIgniter->handleRequest(null, Object(Config\Cache), false)
 8 FCPATH\index.php(67): CodeIgniter\CodeIgniter->run()
 9 SYSTEMPATH\Commands\Server\rewrite.php(46): require_once('FCPATH\\index.php')
CRITICAL - 2022-11-13 10:01:52 --> Cannot use object of type stdClass as array
in APPPATH\Views\admin\produk.php on line 24.
 1 SYSTEMPATH\View\View.php(213): include()
 2 SYSTEMPATH\View\View.php(216): CodeIgniter\View\View->CodeIgniter\View\{closure}()
 3 SYSTEMPATH\Common.php(1134): CodeIgniter\View\View->render('admin/produk', [], true)
 4 APPPATH\Controllers\AdminProduk.php(25): view('admin/produk', [...])
 5 SYSTEMPATH\CodeIgniter.php(927): App\Controllers\AdminProduk->index()
 6 SYSTEMPATH\CodeIgniter.php(482): CodeIgniter\CodeIgniter->runController(Object(App\Controllers\AdminProduk))
 7 SYSTEMPATH\CodeIgniter.php(351): CodeIgniter\CodeIgniter->handleRequest(null, Object(Config\Cache), false)
 8 FCPATH\index.php(67): CodeIgniter\CodeIgniter->run()
 9 SYSTEMPATH\Commands\Server\rewrite.php(46): require_once('FCPATH\\index.php')
CRITICAL - 2022-11-13 20:44:09 --> Undefined variable $produk
in APPPATH\Views\admin\produk.php on line 22.
 1 APPPATH\Views\admin\produk.php(22): CodeIgniter\Debug\Exceptions->errorHandler(2, 'Undefined variable $produk', 'APPPATH\\Views\\admin\\produk.php', 22)
 2 SYSTEMPATH\View\View.php(213): include('APPPATH\\Views\\admin\\produk.php')
 3 SYSTEMPATH\View\View.php(216): CodeIgniter\View\View->CodeIgniter\View\{closure}()
 4 SYSTEMPATH\Common.php(1134): CodeIgniter\View\View->render('admin/produk', [], true)
 5 APPPATH\Controllers\AdminProduk.php(32): view('admin/produk', [...])
 6 SYSTEMPATH\CodeIgniter.php(927): App\Controllers\AdminProduk->add()
 7 SYSTEMPATH\CodeIgniter.php(482): CodeIgniter\CodeIgniter->runController(Object(App\Controllers\AdminProduk))
 8 SYSTEMPATH\CodeIgniter.php(351): CodeIgniter\CodeIgniter->handleRequest(null, Object(Config\Cache), false)
 9 FCPATH\index.php(67): CodeIgniter\CodeIgniter->run()
10 SYSTEMPATH\Commands\Server\rewrite.php(46): require_once('FCPATH\\index.php')
CRITICAL - 2022-11-13 22:00:20 --> Illegal offset type
in APPPATH\Controllers\AdminProduk.php on line 34.
 1 SYSTEMPATH\CodeIgniter.php(927): App\Controllers\AdminProduk->add()
 2 SYSTEMPATH\CodeIgniter.php(482): CodeIgniter\CodeIgniter->runController(Object(App\Controllers\AdminProduk))
 3 SYSTEMPATH\CodeIgniter.php(351): CodeIgniter\CodeIgniter->handleRequest(null, Object(Config\Cache), false)
 4 FCPATH\index.php(67): CodeIgniter\CodeIgniter->run()
 5 SYSTEMPATH\Commands\Server\rewrite.php(46): require_once('FCPATH\\index.php')
CRITICAL - 2022-11-13 22:45:11 --> There is no data to insert.
in SYSTEMPATH\BaseModel.php on line 729.
 1 SYSTEMPATH\BaseModel.php(729): CodeIgniter\Database\Exceptions\DataException::forEmptyDataset('insert')
 2 SYSTEMPATH\Model.php(667): CodeIgniter\BaseModel->insert([], false)
 3 SYSTEMPATH\BaseModel.php(659): CodeIgniter\Model->insert([...], false)
 4 APPPATH\Controllers\AdminProduk.php(47): CodeIgniter\BaseModel->save([...])
 5 SYSTEMPATH\CodeIgniter.php(927): App\Controllers\AdminProduk->save()
 6 SYSTEMPATH\CodeIgniter.php(482): CodeIgniter\CodeIgniter->runController(Object(App\Controllers\AdminProduk))
 7 SYSTEMPATH\CodeIgniter.php(351): CodeIgniter\CodeIgniter->handleRequest(null, Object(Config\Cache), false)
 8 FCPATH\index.php(67): CodeIgniter\CodeIgniter->run()
 9 SYSTEMPATH\Commands\Server\rewrite.php(46): require_once('FCPATH\\index.php')
CRITICAL - 2022-11-13 22:45:54 --> There is no data to insert.
in SYSTEMPATH\BaseModel.php on line 729.
 1 SYSTEMPATH\BaseModel.php(729): CodeIgniter\Database\Exceptions\DataException::forEmptyDataset('insert')
 2 SYSTEMPATH\Model.php(667): CodeIgniter\BaseModel->insert([], false)
 3 SYSTEMPATH\BaseModel.php(659): CodeIgniter\Model->insert([...], false)
 4 APPPATH\Controllers\AdminProduk.php(47): CodeIgniter\BaseModel->save([...])
 5 SYSTEMPATH\CodeIgniter.php(927): App\Controllers\AdminProduk->save()
 6 SYSTEMPATH\CodeIgniter.php(482): CodeIgniter\CodeIgniter->runController(Object(App\Controllers\AdminProduk))
 7 SYSTEMPATH\CodeIgniter.php(351): CodeIgniter\CodeIgniter->handleRequest(null, Object(Config\Cache), false)
 8 FCPATH\index.php(67): CodeIgniter\CodeIgniter->run()
 9 SYSTEMPATH\Commands\Server\rewrite.php(46): require_once('FCPATH\\index.php')
ERROR - 2022-11-13 22:46:33 --> mysqli_sql_exception: Column 'deskripsi_produk' cannot be null in E:\...KULI AH\Script SI alias skripsi\Aplikasi Tour n Travel\Horizon\vendor\codeigniter4\framework\system\Database\MySQLi\Connection.php:292
Stack trace:
#0 E:\...KULI AH\Script SI alias skripsi\Aplikasi Tour n Travel\Horizon\vendor\codeigniter4\framework\system\Database\MySQLi\Connection.php(292): mysqli->query('INSERT INTO `pr...', 0)
#1 E:\...KULI AH\Script SI alias skripsi\Aplikasi Tour n Travel\Horizon\vendor\codeigniter4\framework\system\Database\BaseConnection.php(666): CodeIgniter\Database\MySQLi\Connection->execute('INSERT INTO `pr...')
#2 E:\...KULI AH\Script SI alias skripsi\Aplikasi Tour n Travel\Horizon\vendor\codeigniter4\framework\system\Database\BaseConnection.php(593): CodeIgniter\Database\BaseConnection->simpleQuery('INSERT INTO `pr...')
#3 E:\...KULI AH\Script SI alias skripsi\Aplikasi Tour n Travel\Horizon\vendor\codeigniter4\framework\system\Database\BaseBuilder.php(1916): CodeIgniter\Database\BaseConnection->query('INSERT INTO `pr...', Array, false)
#4 E:\...KULI AH\Script SI alias skripsi\Aplikasi Tour n Travel\Horizon\vendor\codeigniter4\framework\system\Model.php(279): CodeIgniter\Database\BaseBuilder->insert()
#5 E:\...KULI AH\Script SI alias skripsi\Aplikasi Tour n Travel\Horizon\vendor\codeigniter4\framework\system\BaseModel.php(749): CodeIgniter\Model->doInsert(Array)
#6 E:\...KULI AH\Script SI alias skripsi\Aplikasi Tour n Travel\Horizon\vendor\codeigniter4\framework\system\Model.php(667): CodeIgniter\BaseModel->insert(Array, false)
#7 E:\...KULI AH\Script SI alias skripsi\Aplikasi Tour n Travel\Horizon\vendor\codeigniter4\framework\system\BaseModel.php(659): CodeIgniter\Model->insert(Array, false)
#8 E:\...KULI AH\Script SI alias skripsi\Aplikasi Tour n Travel\Horizon\app\Controllers\AdminProduk.php(47): CodeIgniter\BaseModel->save(Array)
#9 E:\...KULI AH\Script SI alias skripsi\Aplikasi Tour n Travel\Horizon\vendor\codeigniter4\framework\system\CodeIgniter.php(927): App\Controllers\AdminProduk->save()
#10 E:\...KULI AH\Script SI alias skripsi\Aplikasi Tour n Travel\Horizon\vendor\codeigniter4\framework\system\CodeIgniter.php(482): CodeIgniter\CodeIgniter->runController(Object(App\Controllers\AdminProduk))
#11 E:\...KULI AH\Script SI alias skripsi\Aplikasi Tour n Travel\Horizon\vendor\codeigniter4\framework\system\CodeIgniter.php(351): CodeIgniter\CodeIgniter->handleRequest(NULL, Object(Config\Cache), false)
#12 E:\...KULI AH\Script SI alias skripsi\Aplikasi Tour n Travel\Horizon\public\index.php(67): CodeIgniter\CodeIgniter->run()
#13 E:\...KULI AH\Script SI alias skripsi\Aplikasi Tour n Travel\Horizon\vendor\codeigniter4\framework\system\Commands\Server\rewrite.php(46): require_once('E:\\...KULI AH\\S...')
#14 {main}
CRITICAL - 2022-11-13 22:46:33 --> Column 'deskripsi_produk' cannot be null
in SYSTEMPATH\Database\MySQLi\Connection.php on line 292.
 1 SYSTEMPATH\Database\MySQLi\Connection.php(292): mysqli->query('INSERT INTO `produk` (`id_kategori`, `nama_produk`, `harga`, `deskripsi_produk`) VALUES (\'8\', \'bismilah\', \'23\', NULL)', 0)
 2 SYSTEMPATH\Database\BaseConnection.php(666): CodeIgniter\Database\MySQLi\Connection->execute('INSERT INTO `produk` (`id_kategori`, `nama_produk`, `harga`, `deskripsi_produk`) VALUES (\'8\', \'bismilah\', \'23\', NULL)')
 3 SYSTEMPATH\Database\BaseConnection.php(593): CodeIgniter\Database\BaseConnection->simpleQuery('INSERT INTO `produk` (`id_kategori`, `nama_produk`, `harga`, `deskripsi_produk`) VALUES (\'8\', \'bismilah\', \'23\', NULL)')
 4 SYSTEMPATH\Database\BaseBuilder.php(1916): CodeIgniter\Database\BaseConnection->query('INSERT INTO `produk` (`id_kategori`, `nama_produk`, `harga`, `deskripsi_produk`) VALUES (:id_kategori:, :nama_produk:, :harga:, :deskripsi_produk:)', [...], false)
 5 SYSTEMPATH\Model.php(279): CodeIgniter\Database\BaseBuilder->insert()
 6 SYSTEMPATH\BaseModel.php(749): CodeIgniter\Model->doInsert([...])
 7 SYSTEMPATH\Model.php(667): CodeIgniter\BaseModel->insert([...], false)
 8 SYSTEMPATH\BaseModel.php(659): CodeIgniter\Model->insert([...], false)
 9 APPPATH\Controllers\AdminProduk.php(47): CodeIgniter\BaseModel->save([...])
10 SYSTEMPATH\CodeIgniter.php(927): App\Controllers\AdminProduk->save()
11 SYSTEMPATH\CodeIgniter.php(482): CodeIgniter\CodeIgniter->runController(Object(App\Controllers\AdminProduk))
12 SYSTEMPATH\CodeIgniter.php(351): CodeIgniter\CodeIgniter->handleRequest(null, Object(Config\Cache), false)
13 FCPATH\index.php(67): CodeIgniter\CodeIgniter->run()
14 SYSTEMPATH\Commands\Server\rewrite.php(46): require_once('FCPATH\\index.php')
CRITICAL - 2022-11-13 23:03:09 --> Undefined property: App\Controllers\AdminProduk::$M_Produk
in APPPATH\Controllers\AdminProduk.php on line 52.
 1 APPPATH\Controllers\AdminProduk.php(52): CodeIgniter\Debug\Exceptions->errorHandler(2, 'Undefined property: App\\Controllers\\AdminProduk::$M_Produk', 'APPPATH\\Controllers\\AdminProduk.php', 52)
 2 SYSTEMPATH\CodeIgniter.php(927): App\Controllers\AdminProduk->delete('3')
 3 SYSTEMPATH\CodeIgniter.php(482): CodeIgniter\CodeIgniter->runController(Object(App\Controllers\AdminProduk))
 4 SYSTEMPATH\CodeIgniter.php(351): CodeIgniter\CodeIgniter->handleRequest(null, Object(Config\Cache), false)
 5 FCPATH\index.php(67): CodeIgniter\CodeIgniter->run()
 6 SYSTEMPATH\Commands\Server\rewrite.php(46): require_once('FCPATH\\index.php')
CRITICAL - 2022-11-13 23:03:50 --> Unsupported operand types: CodeIgniter\HTTP\RedirectResponse * int
in APPPATH\Controllers\AdminProduk.php on line 53.
 1 SYSTEMPATH\CodeIgniter.php(927): App\Controllers\AdminProduk->delete('3')
 2 SYSTEMPATH\CodeIgniter.php(482): CodeIgniter\CodeIgniter->runController(Object(App\Controllers\AdminProduk))
 3 SYSTEMPATH\CodeIgniter.php(351): CodeIgniter\CodeIgniter->handleRequest(null, Object(Config\Cache), false)
 4 FCPATH\index.php(67): CodeIgniter\CodeIgniter->run()
 5 SYSTEMPATH\Commands\Server\rewrite.php(46): require_once('FCPATH\\index.php')
CRITICAL - 2022-11-13 23:03:55 --> Unsupported operand types: CodeIgniter\HTTP\RedirectResponse * int
in APPPATH\Controllers\AdminProduk.php on line 53.
 1 SYSTEMPATH\CodeIgniter.php(927): App\Controllers\AdminProduk->delete('2')
 2 SYSTEMPATH\CodeIgniter.php(482): CodeIgniter\CodeIgniter->runController(Object(App\Controllers\AdminProduk))
 3 SYSTEMPATH\CodeIgniter.php(351): CodeIgniter\CodeIgniter->handleRequest(null, Object(Config\Cache), false)
 4 FCPATH\index.php(67): CodeIgniter\CodeIgniter->run()
 5 SYSTEMPATH\Commands\Server\rewrite.php(46): require_once('FCPATH\\index.php')
CRITICAL - 2022-11-13 23:04:17 --> Unsupported operand types: CodeIgniter\HTTP\RedirectResponse * int
in APPPATH\Controllers\AdminProduk.php on line 53.
 1 SYSTEMPATH\CodeIgniter.php(927): App\Controllers\AdminProduk->delete('1')
 2 SYSTEMPATH\CodeIgniter.php(482): CodeIgniter\CodeIgniter->runController(Object(App\Controllers\AdminProduk))
 3 SYSTEMPATH\CodeIgniter.php(351): CodeIgniter\CodeIgniter->handleRequest(null, Object(Config\Cache), false)
 4 FCPATH\index.php(67): CodeIgniter\CodeIgniter->run()
 5 SYSTEMPATH\Commands\Server\rewrite.php(46): require_once('FCPATH\\index.php')
CRITICAL - 2022-11-13 23:09:56 --> Undefined array key "deksripsi_produk"
in APPPATH\Views\admin\produk.php on line 27.
 1 APPPATH\Views\admin\produk.php(27): CodeIgniter\Debug\Exceptions->errorHandler(2, 'Undefined array key "deksripsi_produk"', 'APPPATH\\Views\\admin\\produk.php', 27)
 2 SYSTEMPATH\View\View.php(213): include('APPPATH\\Views\\admin\\produk.php')
 3 SYSTEMPATH\View\View.php(216): CodeIgniter\View\View->CodeIgniter\View\{closure}()
 4 SYSTEMPATH\Common.php(1134): CodeIgniter\View\View->render('admin/produk', [], true)
 5 APPPATH\Controllers\AdminProduk.php(25): view('admin/produk', [...])
 6 SYSTEMPATH\CodeIgniter.php(927): App\Controllers\AdminProduk->index()
 7 SYSTEMPATH\CodeIgniter.php(482): CodeIgniter\CodeIgniter->runController(Object(App\Controllers\AdminProduk))
 8 SYSTEMPATH\CodeIgniter.php(351): CodeIgniter\CodeIgniter->handleRequest(null, Object(Config\Cache), false)
 9 FCPATH\index.php(67): CodeIgniter\CodeIgniter->run()
10 SYSTEMPATH\Commands\Server\rewrite.php(46): require_once('FCPATH\\index.php')
