CRITICAL - 2022-12-16 03:35:51 --> Cannot use object of type stdClass as array
in APPPATH\Views\home\formula-recomendation-for-guest.php on line 7.
 1 SYSTEMPATH\View\View.php(213): include()
 2 SYSTEMPATH\View\View.php(216): CodeIgniter\View\View->CodeIgniter\View\{closure}()
 3 SYSTEMPATH\Common.php(1134): CodeIgniter\View\View->render('home/formula-recomendation-for-guest', [], true)
 4 APPPATH\Views\user\Home.php(95): view('home/formula-recomendation-for-guest', [...])
 5 SYSTEMPATH\View\View.php(213): include('APPPATH\\Views\\user\\Home.php')
 6 SYSTEMPATH\View\View.php(216): CodeIgniter\View\View->CodeIgniter\View\{closure}()
 7 SYSTEMPATH\Common.php(1134): CodeIgniter\View\View->render('user/Home', [], true)
 8 APPPATH\Controllers\Home.php(59): view('user/Home', [...])
 9 SYSTEMPATH\CodeIgniter.php(927): App\Controllers\Home->index()
10 SYSTEMPATH\CodeIgniter.php(482): CodeIgniter\CodeIgniter->runController(Object(App\Controllers\Home))
11 SYSTEMPATH\CodeIgniter.php(351): CodeIgniter\CodeIgniter->handleRequest(null, Object(Config\Cache), false)
12 FCPATH\index.php(67): CodeIgniter\CodeIgniter->run()
13 SYSTEMPATH\Commands\Server\rewrite.php(46): require_once('FCPATH\\index.php')
CRITICAL - 2022-12-16 03:36:48 --> Undefined property: stdClass::$idproduk
in APPPATH\Views\home\formula-recomendation-for-guest.php on line 7.
 1 APPPATH\Views\home\formula-recomendation-for-guest.php(7): CodeIgniter\Debug\Exceptions->errorHandler(2, 'Undefined property: stdClass::$idproduk', 'APPPATH\\Views\\home\\formula-recomendation-for-guest.php', 7)
 2 SYSTEMPATH\View\View.php(213): include('APPPATH\\Views\\home\\formula-recomendation-for-guest.php')
 3 SYSTEMPATH\View\View.php(216): CodeIgniter\View\View->CodeIgniter\View\{closure}()
 4 SYSTEMPATH\Common.php(1134): CodeIgniter\View\View->render('home/formula-recomendation-for-guest', [], true)
 5 APPPATH\Views\user\Home.php(95): view('home/formula-recomendation-for-guest', [...])
 6 SYSTEMPATH\View\View.php(213): include('APPPATH\\Views\\user\\Home.php')
 7 SYSTEMPATH\View\View.php(216): CodeIgniter\View\View->CodeIgniter\View\{closure}()
 8 SYSTEMPATH\Common.php(1134): CodeIgniter\View\View->render('user/Home', [], true)
 9 APPPATH\Controllers\Home.php(59): view('user/Home', [...])
10 SYSTEMPATH\CodeIgniter.php(927): App\Controllers\Home->index()
11 SYSTEMPATH\CodeIgniter.php(482): CodeIgniter\CodeIgniter->runController(Object(App\Controllers\Home))
12 SYSTEMPATH\CodeIgniter.php(351): CodeIgniter\CodeIgniter->handleRequest(null, Object(Config\Cache), false)
13 FCPATH\index.php(67): CodeIgniter\CodeIgniter->run()
14 SYSTEMPATH\Commands\Server\rewrite.php(46): require_once('FCPATH\\index.php')
CRITICAL - 2022-12-16 03:40:19 --> Undefined property: stdClass::$idproduk
in APPPATH\Views\home\formula-recomendation-for-guest.php on line 10.
 1 APPPATH\Views\home\formula-recomendation-for-guest.php(10): CodeIgniter\Debug\Exceptions->errorHandler(2, 'Undefined property: stdClass::$idproduk', 'APPPATH\\Views\\home\\formula-recomendation-for-guest.php', 10)
 2 SYSTEMPATH\View\View.php(213): include('APPPATH\\Views\\home\\formula-recomendation-for-guest.php')
 3 SYSTEMPATH\View\View.php(216): CodeIgniter\View\View->CodeIgniter\View\{closure}()
 4 SYSTEMPATH\Common.php(1134): CodeIgniter\View\View->render('home/formula-recomendation-for-guest', [], true)
 5 APPPATH\Views\user\Home.php(95): view('home/formula-recomendation-for-guest', [...])
 6 SYSTEMPATH\View\View.php(213): include('APPPATH\\Views\\user\\Home.php')
 7 SYSTEMPATH\View\View.php(216): CodeIgniter\View\View->CodeIgniter\View\{closure}()
 8 SYSTEMPATH\Common.php(1134): CodeIgniter\View\View->render('user/Home', [], true)
 9 APPPATH\Controllers\Home.php(59): view('user/Home', [...])
10 SYSTEMPATH\CodeIgniter.php(927): App\Controllers\Home->index()
11 SYSTEMPATH\CodeIgniter.php(482): CodeIgniter\CodeIgniter->runController(Object(App\Controllers\Home))
12 SYSTEMPATH\CodeIgniter.php(351): CodeIgniter\CodeIgniter->handleRequest(null, Object(Config\Cache), false)
13 FCPATH\index.php(67): CodeIgniter\CodeIgniter->run()
14 SYSTEMPATH\Commands\Server\rewrite.php(46): require_once('FCPATH\\index.php')
CRITICAL - 2022-12-16 07:12:13 --> Undefined variable $detailtransaksi
in APPPATH\Views\admin\transaksidetail.php on line 26.
 1 APPPATH\Views\admin\transaksidetail.php(26): CodeIgniter\Debug\Exceptions->errorHandler(2, 'Undefined variable $detailtransaksi', 'APPPATH\\Views\\admin\\transaksidetail.php', 26)
 2 SYSTEMPATH\View\View.php(213): include('APPPATH\\Views\\admin\\transaksidetail.php')
 3 SYSTEMPATH\View\View.php(216): CodeIgniter\View\View->CodeIgniter\View\{closure}()
 4 SYSTEMPATH\Common.php(1134): CodeIgniter\View\View->render('admin/transaksidetail', [], true)
 5 APPPATH\Controllers\AdminTransaksi.php(90): view('admin/transaksidetail', [...])
 6 SYSTEMPATH\CodeIgniter.php(927): App\Controllers\AdminTransaksi->view('8500395')
 7 SYSTEMPATH\CodeIgniter.php(482): CodeIgniter\CodeIgniter->runController(Object(App\Controllers\AdminTransaksi))
 8 SYSTEMPATH\CodeIgniter.php(351): CodeIgniter\CodeIgniter->handleRequest(null, Object(Config\Cache), false)
 9 FCPATH\index.php(67): CodeIgniter\CodeIgniter->run()
10 SYSTEMPATH\Commands\Server\rewrite.php(46): require_once('FCPATH\\index.php')
CRITICAL - 2022-12-16 07:13:16 --> Undefined property: stdClass::$country
in APPPATH\Views\admin\transaksidetail.php on line 30.
 1 APPPATH\Views\admin\transaksidetail.php(30): CodeIgniter\Debug\Exceptions->errorHandler(2, 'Undefined property: stdClass::$country', 'APPPATH\\Views\\admin\\transaksidetail.php', 30)
 2 SYSTEMPATH\View\View.php(213): include('APPPATH\\Views\\admin\\transaksidetail.php')
 3 SYSTEMPATH\View\View.php(216): CodeIgniter\View\View->CodeIgniter\View\{closure}()
 4 SYSTEMPATH\Common.php(1134): CodeIgniter\View\View->render('admin/transaksidetail', [], true)
 5 APPPATH\Controllers\AdminTransaksi.php(90): view('admin/transaksidetail', [...])
 6 SYSTEMPATH\CodeIgniter.php(927): App\Controllers\AdminTransaksi->view('8500395')
 7 SYSTEMPATH\CodeIgniter.php(482): CodeIgniter\CodeIgniter->runController(Object(App\Controllers\AdminTransaksi))
 8 SYSTEMPATH\CodeIgniter.php(351): CodeIgniter\CodeIgniter->handleRequest(null, Object(Config\Cache), false)
 9 FCPATH\index.php(67): CodeIgniter\CodeIgniter->run()
10 SYSTEMPATH\Commands\Server\rewrite.php(46): require_once('FCPATH\\index.php')
CRITICAL - 2022-12-16 07:13:49 --> Undefined property: stdClass::$country
in APPPATH\Views\admin\transaksidetail.php on line 30.
 1 APPPATH\Views\admin\transaksidetail.php(30): CodeIgniter\Debug\Exceptions->errorHandler(2, 'Undefined property: stdClass::$country', 'APPPATH\\Views\\admin\\transaksidetail.php', 30)
 2 SYSTEMPATH\View\View.php(213): include('APPPATH\\Views\\admin\\transaksidetail.php')
 3 SYSTEMPATH\View\View.php(216): CodeIgniter\View\View->CodeIgniter\View\{closure}()
 4 SYSTEMPATH\Common.php(1134): CodeIgniter\View\View->render('admin/transaksidetail', [], true)
 5 APPPATH\Controllers\AdminTransaksi.php(91): view('admin/transaksidetail', [...])
 6 SYSTEMPATH\CodeIgniter.php(927): App\Controllers\AdminTransaksi->view('8500395')
 7 SYSTEMPATH\CodeIgniter.php(482): CodeIgniter\CodeIgniter->runController(Object(App\Controllers\AdminTransaksi))
 8 SYSTEMPATH\CodeIgniter.php(351): CodeIgniter\CodeIgniter->handleRequest(null, Object(Config\Cache), false)
 9 FCPATH\index.php(67): CodeIgniter\CodeIgniter->run()
10 SYSTEMPATH\Commands\Server\rewrite.php(46): require_once('FCPATH\\index.php')
CRITICAL - 2022-12-16 07:15:17 --> Undefined property: stdClass::$country
in APPPATH\Views\admin\transaksidetail.php on line 30.
 1 APPPATH\Views\admin\transaksidetail.php(30): CodeIgniter\Debug\Exceptions->errorHandler(2, 'Undefined property: stdClass::$country', 'APPPATH\\Views\\admin\\transaksidetail.php', 30)
 2 SYSTEMPATH\View\View.php(213): include('APPPATH\\Views\\admin\\transaksidetail.php')
 3 SYSTEMPATH\View\View.php(216): CodeIgniter\View\View->CodeIgniter\View\{closure}()
 4 SYSTEMPATH\Common.php(1134): CodeIgniter\View\View->render('admin/transaksidetail', [], true)
 5 APPPATH\Controllers\AdminTransaksi.php(91): view('admin/transaksidetail', [...])
 6 SYSTEMPATH\CodeIgniter.php(927): App\Controllers\AdminTransaksi->view('8500395')
 7 SYSTEMPATH\CodeIgniter.php(482): CodeIgniter\CodeIgniter->runController(Object(App\Controllers\AdminTransaksi))
 8 SYSTEMPATH\CodeIgniter.php(351): CodeIgniter\CodeIgniter->handleRequest(null, Object(Config\Cache), false)
 9 FCPATH\index.php(67): CodeIgniter\CodeIgniter->run()
10 SYSTEMPATH\Commands\Server\rewrite.php(46): require_once('FCPATH\\index.php')
CRITICAL - 2022-12-16 07:15:20 --> Undefined property: stdClass::$country
in APPPATH\Views\admin\transaksidetail.php on line 30.
 1 APPPATH\Views\admin\transaksidetail.php(30): CodeIgniter\Debug\Exceptions->errorHandler(2, 'Undefined property: stdClass::$country', 'APPPATH\\Views\\admin\\transaksidetail.php', 30)
 2 SYSTEMPATH\View\View.php(213): include('APPPATH\\Views\\admin\\transaksidetail.php')
 3 SYSTEMPATH\View\View.php(216): CodeIgniter\View\View->CodeIgniter\View\{closure}()
 4 SYSTEMPATH\Common.php(1134): CodeIgniter\View\View->render('admin/transaksidetail', [], true)
 5 APPPATH\Controllers\AdminTransaksi.php(91): view('admin/transaksidetail', [...])
 6 SYSTEMPATH\CodeIgniter.php(927): App\Controllers\AdminTransaksi->view('8500395')
 7 SYSTEMPATH\CodeIgniter.php(482): CodeIgniter\CodeIgniter->runController(Object(App\Controllers\AdminTransaksi))
 8 SYSTEMPATH\CodeIgniter.php(351): CodeIgniter\CodeIgniter->handleRequest(null, Object(Config\Cache), false)
 9 FCPATH\index.php(67): CodeIgniter\CodeIgniter->run()
10 SYSTEMPATH\Commands\Server\rewrite.php(46): require_once('FCPATH\\index.php')
CRITICAL - 2022-12-16 07:15:30 --> Undefined property: stdClass::$country
in APPPATH\Views\admin\transaksidetail.php on line 30.
 1 APPPATH\Views\admin\transaksidetail.php(30): CodeIgniter\Debug\Exceptions->errorHandler(2, 'Undefined property: stdClass::$country', 'APPPATH\\Views\\admin\\transaksidetail.php', 30)
 2 SYSTEMPATH\View\View.php(213): include('APPPATH\\Views\\admin\\transaksidetail.php')
 3 SYSTEMPATH\View\View.php(216): CodeIgniter\View\View->CodeIgniter\View\{closure}()
 4 SYSTEMPATH\Common.php(1134): CodeIgniter\View\View->render('admin/transaksidetail', [], true)
 5 APPPATH\Controllers\AdminTransaksi.php(91): view('admin/transaksidetail', [...])
 6 SYSTEMPATH\CodeIgniter.php(927): App\Controllers\AdminTransaksi->view('8500396')
 7 SYSTEMPATH\CodeIgniter.php(482): CodeIgniter\CodeIgniter->runController(Object(App\Controllers\AdminTransaksi))
 8 SYSTEMPATH\CodeIgniter.php(351): CodeIgniter\CodeIgniter->handleRequest(null, Object(Config\Cache), false)
 9 FCPATH\index.php(67): CodeIgniter\CodeIgniter->run()
10 SYSTEMPATH\Commands\Server\rewrite.php(46): require_once('FCPATH\\index.php')
CRITICAL - 2022-12-16 07:15:30 --> Undefined property: stdClass::$country
in APPPATH\Views\admin\transaksidetail.php on line 30.
 1 APPPATH\Views\admin\transaksidetail.php(30): CodeIgniter\Debug\Exceptions->errorHandler(2, 'Undefined property: stdClass::$country', 'APPPATH\\Views\\admin\\transaksidetail.php', 30)
 2 SYSTEMPATH\View\View.php(213): include('APPPATH\\Views\\admin\\transaksidetail.php')
 3 SYSTEMPATH\View\View.php(216): CodeIgniter\View\View->CodeIgniter\View\{closure}()
 4 SYSTEMPATH\Common.php(1134): CodeIgniter\View\View->render('admin/transaksidetail', [], true)
 5 APPPATH\Controllers\AdminTransaksi.php(91): view('admin/transaksidetail', [...])
 6 SYSTEMPATH\CodeIgniter.php(927): App\Controllers\AdminTransaksi->view('8500396')
 7 SYSTEMPATH\CodeIgniter.php(482): CodeIgniter\CodeIgniter->runController(Object(App\Controllers\AdminTransaksi))
 8 SYSTEMPATH\CodeIgniter.php(351): CodeIgniter\CodeIgniter->handleRequest(null, Object(Config\Cache), false)
 9 FCPATH\index.php(67): CodeIgniter\CodeIgniter->run()
10 SYSTEMPATH\Commands\Server\rewrite.php(46): require_once('FCPATH\\index.php')
CRITICAL - 2022-12-16 07:15:33 --> Undefined property: stdClass::$country
in APPPATH\Views\admin\transaksidetail.php on line 30.
 1 APPPATH\Views\admin\transaksidetail.php(30): CodeIgniter\Debug\Exceptions->errorHandler(2, 'Undefined property: stdClass::$country', 'APPPATH\\Views\\admin\\transaksidetail.php', 30)
 2 SYSTEMPATH\View\View.php(213): include('APPPATH\\Views\\admin\\transaksidetail.php')
 3 SYSTEMPATH\View\View.php(216): CodeIgniter\View\View->CodeIgniter\View\{closure}()
 4 SYSTEMPATH\Common.php(1134): CodeIgniter\View\View->render('admin/transaksidetail', [], true)
 5 APPPATH\Controllers\AdminTransaksi.php(91): view('admin/transaksidetail', [...])
 6 SYSTEMPATH\CodeIgniter.php(927): App\Controllers\AdminTransaksi->view('8500395')
 7 SYSTEMPATH\CodeIgniter.php(482): CodeIgniter\CodeIgniter->runController(Object(App\Controllers\AdminTransaksi))
 8 SYSTEMPATH\CodeIgniter.php(351): CodeIgniter\CodeIgniter->handleRequest(null, Object(Config\Cache), false)
 9 FCPATH\index.php(67): CodeIgniter\CodeIgniter->run()
10 SYSTEMPATH\Commands\Server\rewrite.php(46): require_once('FCPATH\\index.php')
CRITICAL - 2022-12-16 07:15:43 --> Undefined property: stdClass::$city
in APPPATH\Views\admin\transaksidetail.php on line 34.
 1 APPPATH\Views\admin\transaksidetail.php(34): CodeIgniter\Debug\Exceptions->errorHandler(2, 'Undefined property: stdClass::$city', 'APPPATH\\Views\\admin\\transaksidetail.php', 34)
 2 SYSTEMPATH\View\View.php(213): include('APPPATH\\Views\\admin\\transaksidetail.php')
 3 SYSTEMPATH\View\View.php(216): CodeIgniter\View\View->CodeIgniter\View\{closure}()
 4 SYSTEMPATH\Common.php(1134): CodeIgniter\View\View->render('admin/transaksidetail', [], true)
 5 APPPATH\Controllers\AdminTransaksi.php(91): view('admin/transaksidetail', [...])
 6 SYSTEMPATH\CodeIgniter.php(927): App\Controllers\AdminTransaksi->view('8500395')
 7 SYSTEMPATH\CodeIgniter.php(482): CodeIgniter\CodeIgniter->runController(Object(App\Controllers\AdminTransaksi))
 8 SYSTEMPATH\CodeIgniter.php(351): CodeIgniter\CodeIgniter->handleRequest(null, Object(Config\Cache), false)
 9 FCPATH\index.php(67): CodeIgniter\CodeIgniter->run()
10 SYSTEMPATH\Commands\Server\rewrite.php(46): require_once('FCPATH\\index.php')
CRITICAL - 2022-12-16 07:16:31 --> Undefined property: stdClass::$email
in APPPATH\Views\admin\transaksidetail.php on line 38.
 1 APPPATH\Views\admin\transaksidetail.php(38): CodeIgniter\Debug\Exceptions->errorHandler(2, 'Undefined property: stdClass::$email', 'APPPATH\\Views\\admin\\transaksidetail.php', 38)
 2 SYSTEMPATH\View\View.php(213): include('APPPATH\\Views\\admin\\transaksidetail.php')
 3 SYSTEMPATH\View\View.php(216): CodeIgniter\View\View->CodeIgniter\View\{closure}()
 4 SYSTEMPATH\Common.php(1134): CodeIgniter\View\View->render('admin/transaksidetail', [], true)
 5 APPPATH\Controllers\AdminTransaksi.php(92): view('admin/transaksidetail', [...])
 6 SYSTEMPATH\CodeIgniter.php(927): App\Controllers\AdminTransaksi->view('8500395')
 7 SYSTEMPATH\CodeIgniter.php(482): CodeIgniter\CodeIgniter->runController(Object(App\Controllers\AdminTransaksi))
 8 SYSTEMPATH\CodeIgniter.php(351): CodeIgniter\CodeIgniter->handleRequest(null, Object(Config\Cache), false)
 9 FCPATH\index.php(67): CodeIgniter\CodeIgniter->run()
10 SYSTEMPATH\Commands\Server\rewrite.php(46): require_once('FCPATH\\index.php')
CRITICAL - 2022-12-16 07:16:36 --> Undefined property: stdClass::$email
in APPPATH\Views\admin\transaksidetail.php on line 38.
 1 APPPATH\Views\admin\transaksidetail.php(38): CodeIgniter\Debug\Exceptions->errorHandler(2, 'Undefined property: stdClass::$email', 'APPPATH\\Views\\admin\\transaksidetail.php', 38)
 2 SYSTEMPATH\View\View.php(213): include('APPPATH\\Views\\admin\\transaksidetail.php')
 3 SYSTEMPATH\View\View.php(216): CodeIgniter\View\View->CodeIgniter\View\{closure}()
 4 SYSTEMPATH\Common.php(1134): CodeIgniter\View\View->render('admin/transaksidetail', [], true)
 5 APPPATH\Controllers\AdminTransaksi.php(92): view('admin/transaksidetail', [...])
 6 SYSTEMPATH\CodeIgniter.php(927): App\Controllers\AdminTransaksi->view('8500395')
 7 SYSTEMPATH\CodeIgniter.php(482): CodeIgniter\CodeIgniter->runController(Object(App\Controllers\AdminTransaksi))
 8 SYSTEMPATH\CodeIgniter.php(351): CodeIgniter\CodeIgniter->handleRequest(null, Object(Config\Cache), false)
 9 FCPATH\index.php(67): CodeIgniter\CodeIgniter->run()
10 SYSTEMPATH\Commands\Server\rewrite.php(46): require_once('FCPATH\\index.php')
CRITICAL - 2022-12-16 07:16:40 --> Undefined property: stdClass::$birthday
in APPPATH\Views\admin\transaksidetail.php on line 42.
 1 APPPATH\Views\admin\transaksidetail.php(42): CodeIgniter\Debug\Exceptions->errorHandler(2, 'Undefined property: stdClass::$birthday', 'APPPATH\\Views\\admin\\transaksidetail.php', 42)
 2 SYSTEMPATH\View\View.php(213): include('APPPATH\\Views\\admin\\transaksidetail.php')
 3 SYSTEMPATH\View\View.php(216): CodeIgniter\View\View->CodeIgniter\View\{closure}()
 4 SYSTEMPATH\Common.php(1134): CodeIgniter\View\View->render('admin/transaksidetail', [], true)
 5 APPPATH\Controllers\AdminTransaksi.php(92): view('admin/transaksidetail', [...])
 6 SYSTEMPATH\CodeIgniter.php(927): App\Controllers\AdminTransaksi->view('8500395')
 7 SYSTEMPATH\CodeIgniter.php(482): CodeIgniter\CodeIgniter->runController(Object(App\Controllers\AdminTransaksi))
 8 SYSTEMPATH\CodeIgniter.php(351): CodeIgniter\CodeIgniter->handleRequest(null, Object(Config\Cache), false)
 9 FCPATH\index.php(67): CodeIgniter\CodeIgniter->run()
10 SYSTEMPATH\Commands\Server\rewrite.php(46): require_once('FCPATH\\index.php')
CRITICAL - 2022-12-16 07:16:45 --> Undefined property: stdClass::$phonenumber
in APPPATH\Views\admin\transaksidetail.php on line 46.
 1 APPPATH\Views\admin\transaksidetail.php(46): CodeIgniter\Debug\Exceptions->errorHandler(2, 'Undefined property: stdClass::$phonenumber', 'APPPATH\\Views\\admin\\transaksidetail.php', 46)
 2 SYSTEMPATH\View\View.php(213): include('APPPATH\\Views\\admin\\transaksidetail.php')
 3 SYSTEMPATH\View\View.php(216): CodeIgniter\View\View->CodeIgniter\View\{closure}()
 4 SYSTEMPATH\Common.php(1134): CodeIgniter\View\View->render('admin/transaksidetail', [], true)
 5 APPPATH\Controllers\AdminTransaksi.php(92): view('admin/transaksidetail', [...])
 6 SYSTEMPATH\CodeIgniter.php(927): App\Controllers\AdminTransaksi->view('8500395')
 7 SYSTEMPATH\CodeIgniter.php(482): CodeIgniter\CodeIgniter->runController(Object(App\Controllers\AdminTransaksi))
 8 SYSTEMPATH\CodeIgniter.php(351): CodeIgniter\CodeIgniter->handleRequest(null, Object(Config\Cache), false)
 9 FCPATH\index.php(67): CodeIgniter\CodeIgniter->run()
10 SYSTEMPATH\Commands\Server\rewrite.php(46): require_once('FCPATH\\index.php')
ERROR - 2022-12-16 07:16:51 --> mysqli_sql_exception: Unknown column 'phonenumber' in 'field list' in C:\Users\Acer\Documents\GitHub\Horizon\Horizon_collaborative\vendor\codeigniter4\framework\system\Database\MySQLi\Connection.php:292
Stack trace:
#0 C:\Users\Acer\Documents\GitHub\Horizon\Horizon_collaborative\vendor\codeigniter4\framework\system\Database\MySQLi\Connection.php(292): mysqli->query('SELECT `id_tran...', 0)
#1 C:\Users\Acer\Documents\GitHub\Horizon\Horizon_collaborative\vendor\codeigniter4\framework\system\Database\BaseConnection.php(666): CodeIgniter\Database\MySQLi\Connection->execute('SELECT `id_tran...')
#2 C:\Users\Acer\Documents\GitHub\Horizon\Horizon_collaborative\vendor\codeigniter4\framework\system\Database\BaseConnection.php(593): CodeIgniter\Database\BaseConnection->simpleQuery('SELECT `id_tran...')
#3 C:\Users\Acer\Documents\GitHub\Horizon\Horizon_collaborative\vendor\codeigniter4\framework\system\Database\BaseBuilder.php(1585): CodeIgniter\Database\BaseConnection->query('SELECT `id_tran...', Array, false)
#4 C:\Users\Acer\Documents\GitHub\Horizon\Horizon_collaborative\app\Controllers\AdminTransaksi.php(43): CodeIgniter\Database\BaseBuilder->get()
#5 C:\Users\Acer\Documents\GitHub\Horizon\Horizon_collaborative\app\Controllers\AdminTransaksi.php(83): App\Controllers\AdminTransaksi->detailtransasksi('8500395')
#6 C:\Users\Acer\Documents\GitHub\Horizon\Horizon_collaborative\vendor\codeigniter4\framework\system\CodeIgniter.php(927): App\Controllers\AdminTransaksi->view('8500395')
#7 C:\Users\Acer\Documents\GitHub\Horizon\Horizon_collaborative\vendor\codeigniter4\framework\system\CodeIgniter.php(482): CodeIgniter\CodeIgniter->runController(Object(App\Controllers\AdminTransaksi))
#8 C:\Users\Acer\Documents\GitHub\Horizon\Horizon_collaborative\vendor\codeigniter4\framework\system\CodeIgniter.php(351): CodeIgniter\CodeIgniter->handleRequest(NULL, Object(Config\Cache), false)
#9 C:\Users\Acer\Documents\GitHub\Horizon\Horizon_collaborative\public\index.php(67): CodeIgniter\CodeIgniter->run()
#10 C:\Users\Acer\Documents\GitHub\Horizon\Horizon_collaborative\vendor\codeigniter4\framework\system\Commands\Server\rewrite.php(46): require_once('C:\\Users\\Acer\\D...')
#11 {main}
CRITICAL - 2022-12-16 07:16:51 --> Unknown column 'phonenumber' in 'field list'
in SYSTEMPATH\Database\MySQLi\Connection.php on line 292.
 1 SYSTEMPATH\Database\MySQLi\Connection.php(292): mysqli->query('SELECT `id_transaksi`, `produk`.`id_produk` as `idproduk`, `produk`.`nama_produk` as `namaproduk`, `sampul`, `fullname`, `item`, `harga`, `country`, `city`, `email`, `birthday`, `phonenumber`, `total_biaya`, `tanggal_tour`, `jenis_transaksi`, `status_transaksi`, `bukti_transaksi`, `status_tour`, `fullname`, `tanggal_tour`, `status_transaksi`, `transaksi`.`created_at` as `created`, `transaksi`.`updated_at` as `updated`
FROM `users`
JOIN `transaksi` ON `users`.`id` = `transaksi`.`id`
JOIN `produk` ON `produk`.`id_produk` = `transaksi`.`id_produk`
WHERE `transaksi`.`id_transaksi` = 8500395', 0)
 2 SYSTEMPATH\Database\BaseConnection.php(666): CodeIgniter\Database\MySQLi\Connection->execute('SELECT `id_transaksi`, `produk`.`id_produk` as `idproduk`, `produk`.`nama_produk` as `namaproduk`, `sampul`, `fullname`, `item`, `harga`, `country`, `city`, `email`, `birthday`, `phonenumber`, `total_biaya`, `tanggal_tour`, `jenis_transaksi`, `status_transaksi`, `bukti_transaksi`, `status_tour`, `fullname`, `tanggal_tour`, `status_transaksi`, `transaksi`.`created_at` as `created`, `transaksi`.`updated_at` as `updated`
FROM `users`
JOIN `transaksi` ON `users`.`id` = `transaksi`.`id`
JOIN `produk` ON `produk`.`id_produk` = `transaksi`.`id_produk`
WHERE `transaksi`.`id_transaksi` = 8500395')
 3 SYSTEMPATH\Database\BaseConnection.php(593): CodeIgniter\Database\BaseConnection->simpleQuery('SELECT `id_transaksi`, `produk`.`id_produk` as `idproduk`, `produk`.`nama_produk` as `namaproduk`, `sampul`, `fullname`, `item`, `harga`, `country`, `city`, `email`, `birthday`, `phonenumber`, `total_biaya`, `tanggal_tour`, `jenis_transaksi`, `status_transaksi`, `bukti_transaksi`, `status_tour`, `fullname`, `tanggal_tour`, `status_transaksi`, `transaksi`.`created_at` as `created`, `transaksi`.`updated_at` as `updated`
FROM `users`
JOIN `transaksi` ON `users`.`id` = `transaksi`.`id`
JOIN `produk` ON `produk`.`id_produk` = `transaksi`.`id_produk`
WHERE `transaksi`.`id_transaksi` = 8500395')
 4 SYSTEMPATH\Database\BaseBuilder.php(1585): CodeIgniter\Database\BaseConnection->query('SELECT `id_transaksi`, `produk`.`id_produk` as `idproduk`, `produk`.`nama_produk` as `namaproduk`, `sampul`, `fullname`, `item`, `harga`, `country`, `city`, `email`, `birthday`, `phonenumber`, `total_biaya`, `tanggal_tour`, `jenis_transaksi`, `status_transaksi`, `bukti_transaksi`, `status_tour`, `fullname`, `tanggal_tour`, `status_transaksi`, `transaksi`.`created_at` as `created`, `transaksi`.`updated_at` as `updated`
FROM `users`
JOIN `transaksi` ON `users`.`id` = `transaksi`.`id`
JOIN `produk` ON `produk`.`id_produk` = `transaksi`.`id_produk`
WHERE `transaksi`.`id_transaksi` = 8500395', [], false)
 5 APPPATH\Controllers\AdminTransaksi.php(43): CodeIgniter\Database\BaseBuilder->get()
 6 APPPATH\Controllers\AdminTransaksi.php(83): App\Controllers\AdminTransaksi->detailtransasksi('8500395')
 7 SYSTEMPATH\CodeIgniter.php(927): App\Controllers\AdminTransaksi->view('8500395')
 8 SYSTEMPATH\CodeIgniter.php(482): CodeIgniter\CodeIgniter->runController(Object(App\Controllers\AdminTransaksi))
 9 SYSTEMPATH\CodeIgniter.php(351): CodeIgniter\CodeIgniter->handleRequest(null, Object(Config\Cache), false)
10 FCPATH\index.php(67): CodeIgniter\CodeIgniter->run()
11 SYSTEMPATH\Commands\Server\rewrite.php(46): require_once('FCPATH\\index.php')
CRITICAL - 2022-12-16 07:16:57 --> Undefined property: stdClass::$phonenumber
in APPPATH\Views\admin\transaksidetail.php on line 46.
 1 APPPATH\Views\admin\transaksidetail.php(46): CodeIgniter\Debug\Exceptions->errorHandler(2, 'Undefined property: stdClass::$phonenumber', 'APPPATH\\Views\\admin\\transaksidetail.php', 46)
 2 SYSTEMPATH\View\View.php(213): include('APPPATH\\Views\\admin\\transaksidetail.php')
 3 SYSTEMPATH\View\View.php(216): CodeIgniter\View\View->CodeIgniter\View\{closure}()
 4 SYSTEMPATH\Common.php(1134): CodeIgniter\View\View->render('admin/transaksidetail', [], true)
 5 APPPATH\Controllers\AdminTransaksi.php(92): view('admin/transaksidetail', [...])
 6 SYSTEMPATH\CodeIgniter.php(927): App\Controllers\AdminTransaksi->view('8500395')
 7 SYSTEMPATH\CodeIgniter.php(482): CodeIgniter\CodeIgniter->runController(Object(App\Controllers\AdminTransaksi))
 8 SYSTEMPATH\CodeIgniter.php(351): CodeIgniter\CodeIgniter->handleRequest(null, Object(Config\Cache), false)
 9 FCPATH\index.php(67): CodeIgniter\CodeIgniter->run()
10 SYSTEMPATH\Commands\Server\rewrite.php(46): require_once('FCPATH\\index.php')
ERROR - 2022-12-16 09:05:35 --> mysqli_sql_exception: Unknown column 'created_at' in 'field list' in C:\Users\Acer\Documents\GitHub\Horizon\Horizon_collaborative\vendor\codeigniter4\framework\system\Database\MySQLi\Connection.php:292
Stack trace:
#0 C:\Users\Acer\Documents\GitHub\Horizon\Horizon_collaborative\vendor\codeigniter4\framework\system\Database\MySQLi\Connection.php(292): mysqli->query('INSERT INTO `ra...', 0)
#1 C:\Users\Acer\Documents\GitHub\Horizon\Horizon_collaborative\vendor\codeigniter4\framework\system\Database\BaseConnection.php(666): CodeIgniter\Database\MySQLi\Connection->execute('INSERT INTO `ra...')
#2 C:\Users\Acer\Documents\GitHub\Horizon\Horizon_collaborative\vendor\codeigniter4\framework\system\Database\BaseConnection.php(593): CodeIgniter\Database\BaseConnection->simpleQuery('INSERT INTO `ra...')
#3 C:\Users\Acer\Documents\GitHub\Horizon\Horizon_collaborative\vendor\codeigniter4\framework\system\Database\BaseBuilder.php(1916): CodeIgniter\Database\BaseConnection->query('INSERT INTO `ra...', Array, false)
#4 C:\Users\Acer\Documents\GitHub\Horizon\Horizon_collaborative\vendor\codeigniter4\framework\system\Model.php(279): CodeIgniter\Database\BaseBuilder->insert()
#5 C:\Users\Acer\Documents\GitHub\Horizon\Horizon_collaborative\vendor\codeigniter4\framework\system\BaseModel.php(749): CodeIgniter\Model->doInsert(Array)
#6 C:\Users\Acer\Documents\GitHub\Horizon\Horizon_collaborative\vendor\codeigniter4\framework\system\Model.php(667): CodeIgniter\BaseModel->insert(Array, false)
#7 C:\Users\Acer\Documents\GitHub\Horizon\Horizon_collaborative\vendor\codeigniter4\framework\system\BaseModel.php(659): CodeIgniter\Model->insert(Array, false)
#8 C:\Users\Acer\Documents\GitHub\Horizon\Horizon_collaborative\app\Controllers\Cart.php(90): CodeIgniter\BaseModel->save(Array)
#9 C:\Users\Acer\Documents\GitHub\Horizon\Horizon_collaborative\vendor\codeigniter4\framework\system\CodeIgniter.php(927): App\Controllers\Cart->addtransaksi('4')
#10 C:\Users\Acer\Documents\GitHub\Horizon\Horizon_collaborative\vendor\codeigniter4\framework\system\CodeIgniter.php(482): CodeIgniter\CodeIgniter->runController(Object(App\Controllers\Cart))
#11 C:\Users\Acer\Documents\GitHub\Horizon\Horizon_collaborative\vendor\codeigniter4\framework\system\CodeIgniter.php(351): CodeIgniter\CodeIgniter->handleRequest(NULL, Object(Config\Cache), false)
#12 C:\Users\Acer\Documents\GitHub\Horizon\Horizon_collaborative\public\index.php(67): CodeIgniter\CodeIgniter->run()
#13 C:\Users\Acer\Documents\GitHub\Horizon\Horizon_collaborative\vendor\codeigniter4\framework\system\Commands\Server\rewrite.php(46): require_once('C:\\Users\\Acer\\D...')
#14 {main}
CRITICAL - 2022-12-16 09:05:35 --> Unknown column 'created_at' in 'field list'
in SYSTEMPATH\Database\MySQLi\Connection.php on line 292.
 1 SYSTEMPATH\Database\MySQLi\Connection.php(292): mysqli->query('INSERT INTO `rating` (`id_produk`, `created_at`, `updated_at`) VALUES (\'20101\', \'2022-12-16 09:05:35\', \'2022-12-16 09:05:35\')', 0)
 2 SYSTEMPATH\Database\BaseConnection.php(666): CodeIgniter\Database\MySQLi\Connection->execute('INSERT INTO `rating` (`id_produk`, `created_at`, `updated_at`) VALUES (\'20101\', \'2022-12-16 09:05:35\', \'2022-12-16 09:05:35\')')
 3 SYSTEMPATH\Database\BaseConnection.php(593): CodeIgniter\Database\BaseConnection->simpleQuery('INSERT INTO `rating` (`id_produk`, `created_at`, `updated_at`) VALUES (\'20101\', \'2022-12-16 09:05:35\', \'2022-12-16 09:05:35\')')
 4 SYSTEMPATH\Database\BaseBuilder.php(1916): CodeIgniter\Database\BaseConnection->query('INSERT INTO `rating` (`id_produk`, `created_at`, `updated_at`) VALUES (:id_produk:, :created_at:, :updated_at:)', [...], false)
 5 SYSTEMPATH\Model.php(279): CodeIgniter\Database\BaseBuilder->insert()
 6 SYSTEMPATH\BaseModel.php(749): CodeIgniter\Model->doInsert([...])
 7 SYSTEMPATH\Model.php(667): CodeIgniter\BaseModel->insert([...], false)
 8 SYSTEMPATH\BaseModel.php(659): CodeIgniter\Model->insert([...], false)
 9 APPPATH\Controllers\Cart.php(90): CodeIgniter\BaseModel->save([...])
10 SYSTEMPATH\CodeIgniter.php(927): App\Controllers\Cart->addtransaksi('4')
11 SYSTEMPATH\CodeIgniter.php(482): CodeIgniter\CodeIgniter->runController(Object(App\Controllers\Cart))
12 SYSTEMPATH\CodeIgniter.php(351): CodeIgniter\CodeIgniter->handleRequest(null, Object(Config\Cache), false)
13 FCPATH\index.php(67): CodeIgniter\CodeIgniter->run()
14 SYSTEMPATH\Commands\Server\rewrite.php(46): require_once('FCPATH\\index.php')
