CRITICAL - 2022-11-21 00:44:15 --> syntax error, unexpected token "echo"
in APPPATH\Controllers\Collaborative.php on line 34.
 1 SYSTEMPATH\Autoloader\Autoloader.php(259): CodeIgniter\Autoloader\Autoloader->includeFile('APPPATH\\Controllers\\Collaborative.php')
 2 SYSTEMPATH\Autoloader\Autoloader.php(237): CodeIgniter\Autoloader\Autoloader->loadInNamespace('App\\Controllers\\Collaborative')
 3 [internal function]: CodeIgniter\Autoloader\Autoloader->loadClass('App\\Controllers\\Collaborative')
 4 SYSTEMPATH\CodeIgniter.php(877): class_exists('\\App\\Controllers\\Collaborative', true)
 5 SYSTEMPATH\CodeIgniter.php(469): CodeIgniter\CodeIgniter->startController()
 6 SYSTEMPATH\CodeIgniter.php(351): CodeIgniter\CodeIgniter->handleRequest(null, Object(Config\Cache), false)
 7 FCPATH\index.php(67): CodeIgniter\CodeIgniter->run()
 8 SYSTEMPATH\Commands\Server\rewrite.php(46): require_once('FCPATH\\index.php')
CRITICAL - 2022-11-21 00:44:34 --> syntax error, unexpected token "echo"
in APPPATH\Controllers\Collaborative.php on line 33.
 1 SYSTEMPATH\Autoloader\Autoloader.php(259): CodeIgniter\Autoloader\Autoloader->includeFile('APPPATH\\Controllers\\Collaborative.php')
 2 SYSTEMPATH\Autoloader\Autoloader.php(237): CodeIgniter\Autoloader\Autoloader->loadInNamespace('App\\Controllers\\Collaborative')
 3 [internal function]: CodeIgniter\Autoloader\Autoloader->loadClass('App\\Controllers\\Collaborative')
 4 SYSTEMPATH\CodeIgniter.php(877): class_exists('\\App\\Controllers\\Collaborative', true)
 5 SYSTEMPATH\CodeIgniter.php(469): CodeIgniter\CodeIgniter->startController()
 6 SYSTEMPATH\CodeIgniter.php(351): CodeIgniter\CodeIgniter->handleRequest(null, Object(Config\Cache), false)
 7 FCPATH\index.php(67): CodeIgniter\CodeIgniter->run()
 8 SYSTEMPATH\Commands\Server\rewrite.php(46): require_once('FCPATH\\index.php')
CRITICAL - 2022-11-21 00:53:28 --> Undefined array key "jumlah_rating"
in APPPATH\Controllers\Collaborative.php on line 27.
 1 APPPATH\Controllers\Collaborative.php(27): CodeIgniter\Debug\Exceptions->errorHandler(2, 'Undefined array key "jumlah_rating"', 'APPPATH\\Controllers\\Collaborative.php', 27)
 2 SYSTEMPATH\CodeIgniter.php(927): App\Controllers\Collaborative->index()
 3 SYSTEMPATH\CodeIgniter.php(482): CodeIgniter\CodeIgniter->runController(Object(App\Controllers\Collaborative))
 4 SYSTEMPATH\CodeIgniter.php(351): CodeIgniter\CodeIgniter->handleRequest(null, Object(Config\Cache), false)
 5 FCPATH\index.php(67): CodeIgniter\CodeIgniter->run()
 6 SYSTEMPATH\Commands\Server\rewrite.php(46): require_once('FCPATH\\index.php')
CRITICAL - 2022-11-21 01:04:21 --> Unsupported operand types: string & array
in APPPATH\Controllers\Collaborative.php on line 40.
 1 SYSTEMPATH\CodeIgniter.php(927): App\Controllers\Collaborative->index()
 2 SYSTEMPATH\CodeIgniter.php(482): CodeIgniter\CodeIgniter->runController(Object(App\Controllers\Collaborative))
 3 SYSTEMPATH\CodeIgniter.php(351): CodeIgniter\CodeIgniter->handleRequest(null, Object(Config\Cache), false)
 4 FCPATH\index.php(67): CodeIgniter\CodeIgniter->run()
 5 SYSTEMPATH\Commands\Server\rewrite.php(46): require_once('FCPATH\\index.php')
CRITICAL - 2022-11-21 01:04:31 --> syntax error, unexpected double-quoted string " ", expecting "," or ";"
in APPPATH\Controllers\Collaborative.php on line 40.
 1 SYSTEMPATH\Autoloader\Autoloader.php(259): CodeIgniter\Autoloader\Autoloader->includeFile('APPPATH\\Controllers\\Collaborative.php')
 2 SYSTEMPATH\Autoloader\Autoloader.php(237): CodeIgniter\Autoloader\Autoloader->loadInNamespace('App\\Controllers\\Collaborative')
 3 [internal function]: CodeIgniter\Autoloader\Autoloader->loadClass('App\\Controllers\\Collaborative')
 4 SYSTEMPATH\CodeIgniter.php(877): class_exists('\\App\\Controllers\\Collaborative', true)
 5 SYSTEMPATH\CodeIgniter.php(469): CodeIgniter\CodeIgniter->startController()
 6 SYSTEMPATH\CodeIgniter.php(351): CodeIgniter\CodeIgniter->handleRequest(null, Object(Config\Cache), false)
 7 FCPATH\index.php(67): CodeIgniter\CodeIgniter->run()
 8 SYSTEMPATH\Commands\Server\rewrite.php(46): require_once('FCPATH\\index.php')
CRITICAL - 2022-11-21 01:04:38 --> Array to string conversion
in APPPATH\Controllers\Collaborative.php on line 40.
 1 APPPATH\Controllers\Collaborative.php(40): CodeIgniter\Debug\Exceptions->errorHandler(2, 'Array to string conversion', 'APPPATH\\Controllers\\Collaborative.php', 40)
 2 SYSTEMPATH\CodeIgniter.php(927): App\Controllers\Collaborative->index()
 3 SYSTEMPATH\CodeIgniter.php(482): CodeIgniter\CodeIgniter->runController(Object(App\Controllers\Collaborative))
 4 SYSTEMPATH\CodeIgniter.php(351): CodeIgniter\CodeIgniter->handleRequest(null, Object(Config\Cache), false)
 5 FCPATH\index.php(67): CodeIgniter\CodeIgniter->run()
 6 SYSTEMPATH\Commands\Server\rewrite.php(46): require_once('FCPATH\\index.php')
CRITICAL - 2022-11-21 01:04:51 --> Array to string conversion
in APPPATH\Controllers\Collaborative.php on line 41.
 1 APPPATH\Controllers\Collaborative.php(41): CodeIgniter\Debug\Exceptions->errorHandler(2, 'Array to string conversion', 'APPPATH\\Controllers\\Collaborative.php', 41)
 2 SYSTEMPATH\CodeIgniter.php(927): App\Controllers\Collaborative->index()
 3 SYSTEMPATH\CodeIgniter.php(482): CodeIgniter\CodeIgniter->runController(Object(App\Controllers\Collaborative))
 4 SYSTEMPATH\CodeIgniter.php(351): CodeIgniter\CodeIgniter->handleRequest(null, Object(Config\Cache), false)
 5 FCPATH\index.php(67): CodeIgniter\CodeIgniter->run()
 6 SYSTEMPATH\Commands\Server\rewrite.php(46): require_once('FCPATH\\index.php')
CRITICAL - 2022-11-21 01:07:18 --> syntax error, unexpected token "}", expecting "," or ";"
in APPPATH\Controllers\Collaborative.php on line 44.
 1 SYSTEMPATH\Autoloader\Autoloader.php(259): CodeIgniter\Autoloader\Autoloader->includeFile('APPPATH\\Controllers\\Collaborative.php')
 2 SYSTEMPATH\Autoloader\Autoloader.php(237): CodeIgniter\Autoloader\Autoloader->loadInNamespace('App\\Controllers\\Collaborative')
 3 [internal function]: CodeIgniter\Autoloader\Autoloader->loadClass('App\\Controllers\\Collaborative')
 4 SYSTEMPATH\CodeIgniter.php(877): class_exists('\\App\\Controllers\\Collaborative', true)
 5 SYSTEMPATH\CodeIgniter.php(469): CodeIgniter\CodeIgniter->startController()
 6 SYSTEMPATH\CodeIgniter.php(351): CodeIgniter\CodeIgniter->handleRequest(null, Object(Config\Cache), false)
 7 FCPATH\index.php(67): CodeIgniter\CodeIgniter->run()
 8 SYSTEMPATH\Commands\Server\rewrite.php(46): require_once('FCPATH\\index.php')
CRITICAL - 2022-11-21 01:15:13 --> syntax error, unexpected token "}", expecting "," or ";"
in APPPATH\Controllers\Collaborative.php on line 53.
 1 SYSTEMPATH\Autoloader\Autoloader.php(259): CodeIgniter\Autoloader\Autoloader->includeFile('APPPATH\\Controllers\\Collaborative.php')
 2 SYSTEMPATH\Autoloader\Autoloader.php(237): CodeIgniter\Autoloader\Autoloader->loadInNamespace('App\\Controllers\\Collaborative')
 3 [internal function]: CodeIgniter\Autoloader\Autoloader->loadClass('App\\Controllers\\Collaborative')
 4 SYSTEMPATH\CodeIgniter.php(877): class_exists('\\App\\Controllers\\Collaborative', true)
 5 SYSTEMPATH\CodeIgniter.php(469): CodeIgniter\CodeIgniter->startController()
 6 SYSTEMPATH\CodeIgniter.php(351): CodeIgniter\CodeIgniter->handleRequest(null, Object(Config\Cache), false)
 7 FCPATH\index.php(67): CodeIgniter\CodeIgniter->run()
 8 SYSTEMPATH\Commands\Server\rewrite.php(46): require_once('FCPATH\\index.php')
CRITICAL - 2022-11-21 01:19:16 --> Undefined array key "nilai_produk"
in APPPATH\Controllers\Collaborative.php on line 48.
 1 APPPATH\Controllers\Collaborative.php(48): CodeIgniter\Debug\Exceptions->errorHandler(2, 'Undefined array key "nilai_produk"', 'APPPATH\\Controllers\\Collaborative.php', 48)
 2 SYSTEMPATH\CodeIgniter.php(927): App\Controllers\Collaborative->index()
 3 SYSTEMPATH\CodeIgniter.php(482): CodeIgniter\CodeIgniter->runController(Object(App\Controllers\Collaborative))
 4 SYSTEMPATH\CodeIgniter.php(351): CodeIgniter\CodeIgniter->handleRequest(null, Object(Config\Cache), false)
 5 FCPATH\index.php(67): CodeIgniter\CodeIgniter->run()
 6 SYSTEMPATH\Commands\Server\rewrite.php(46): require_once('FCPATH\\index.php')
CRITICAL - 2022-11-21 01:46:08 --> count(): Argument #1 ($value) must be of type Countable|array, string given
in APPPATH\Controllers\Collaborative.php on line 53.
 1 APPPATH\Controllers\Collaborative.php(53): count('1')
 2 SYSTEMPATH\CodeIgniter.php(927): App\Controllers\Collaborative->index()
 3 SYSTEMPATH\CodeIgniter.php(482): CodeIgniter\CodeIgniter->runController(Object(App\Controllers\Collaborative))
 4 SYSTEMPATH\CodeIgniter.php(351): CodeIgniter\CodeIgniter->handleRequest(null, Object(Config\Cache), false)
 5 FCPATH\index.php(67): CodeIgniter\CodeIgniter->run()
 6 SYSTEMPATH\Commands\Server\rewrite.php(46): require_once('FCPATH\\index.php')
CRITICAL - 2022-11-21 01:46:38 --> syntax error, unexpected variable "$totalraterProduk"
in APPPATH\Controllers\Collaborative.php on line 54.
 1 SYSTEMPATH\Autoloader\Autoloader.php(259): CodeIgniter\Autoloader\Autoloader->includeFile('APPPATH\\Controllers\\Collaborative.php')
 2 SYSTEMPATH\Autoloader\Autoloader.php(237): CodeIgniter\Autoloader\Autoloader->loadInNamespace('App\\Controllers\\Collaborative')
 3 [internal function]: CodeIgniter\Autoloader\Autoloader->loadClass('App\\Controllers\\Collaborative')
 4 SYSTEMPATH\CodeIgniter.php(877): class_exists('\\App\\Controllers\\Collaborative', true)
 5 SYSTEMPATH\CodeIgniter.php(469): CodeIgniter\CodeIgniter->startController()
 6 SYSTEMPATH\CodeIgniter.php(351): CodeIgniter\CodeIgniter->handleRequest(null, Object(Config\Cache), false)
 7 FCPATH\index.php(67): CodeIgniter\CodeIgniter->run()
 8 SYSTEMPATH\Commands\Server\rewrite.php(46): require_once('FCPATH\\index.php')
CRITICAL - 2022-11-21 01:46:56 --> Undefined array key "nilai_produk"
in APPPATH\Controllers\Collaborative.php on line 53.
 1 APPPATH\Controllers\Collaborative.php(53): CodeIgniter\Debug\Exceptions->errorHandler(2, 'Undefined array key "nilai_produk"', 'APPPATH\\Controllers\\Collaborative.php', 53)
 2 SYSTEMPATH\CodeIgniter.php(927): App\Controllers\Collaborative->index()
 3 SYSTEMPATH\CodeIgniter.php(482): CodeIgniter\CodeIgniter->runController(Object(App\Controllers\Collaborative))
 4 SYSTEMPATH\CodeIgniter.php(351): CodeIgniter\CodeIgniter->handleRequest(null, Object(Config\Cache), false)
 5 FCPATH\index.php(67): CodeIgniter\CodeIgniter->run()
 6 SYSTEMPATH\Commands\Server\rewrite.php(46): require_once('FCPATH\\index.php')
CRITICAL - 2022-11-21 01:47:05 --> count(): Argument #1 ($value) must be of type Countable|array, string given
in APPPATH\Controllers\Collaborative.php on line 54.
 1 APPPATH\Controllers\Collaborative.php(54): count('1')
 2 SYSTEMPATH\CodeIgniter.php(927): App\Controllers\Collaborative->index()
 3 SYSTEMPATH\CodeIgniter.php(482): CodeIgniter\CodeIgniter->runController(Object(App\Controllers\Collaborative))
 4 SYSTEMPATH\CodeIgniter.php(351): CodeIgniter\CodeIgniter->handleRequest(null, Object(Config\Cache), false)
 5 FCPATH\index.php(67): CodeIgniter\CodeIgniter->run()
 6 SYSTEMPATH\Commands\Server\rewrite.php(46): require_once('FCPATH\\index.php')
CRITICAL - 2022-11-21 01:56:20 --> Undefined variable $asli
in APPPATH\Controllers\Collaborative.php on line 53.
 1 APPPATH\Controllers\Collaborative.php(53): CodeIgniter\Debug\Exceptions->errorHandler(2, 'Undefined variable $asli', 'APPPATH\\Controllers\\Collaborative.php', 53)
 2 SYSTEMPATH\CodeIgniter.php(927): App\Controllers\Collaborative->index()
 3 SYSTEMPATH\CodeIgniter.php(482): CodeIgniter\CodeIgniter->runController(Object(App\Controllers\Collaborative))
 4 SYSTEMPATH\CodeIgniter.php(351): CodeIgniter\CodeIgniter->handleRequest(null, Object(Config\Cache), false)
 5 FCPATH\index.php(67): CodeIgniter\CodeIgniter->run()
 6 SYSTEMPATH\Commands\Server\rewrite.php(46): require_once('FCPATH\\index.php')
CRITICAL - 2022-11-21 02:08:43 --> syntax error, unexpected token ";", expecting ")"
in APPPATH\Controllers\Collaborative.php on line 55.
 1 SYSTEMPATH\Autoloader\Autoloader.php(259): CodeIgniter\Autoloader\Autoloader->includeFile('APPPATH\\Controllers\\Collaborative.php')
 2 SYSTEMPATH\Autoloader\Autoloader.php(237): CodeIgniter\Autoloader\Autoloader->loadInNamespace('App\\Controllers\\Collaborative')
 3 [internal function]: CodeIgniter\Autoloader\Autoloader->loadClass('App\\Controllers\\Collaborative')
 4 SYSTEMPATH\CodeIgniter.php(877): class_exists('\\App\\Controllers\\Collaborative', true)
 5 SYSTEMPATH\CodeIgniter.php(469): CodeIgniter\CodeIgniter->startController()
 6 SYSTEMPATH\CodeIgniter.php(351): CodeIgniter\CodeIgniter->handleRequest(null, Object(Config\Cache), false)
 7 FCPATH\index.php(67): CodeIgniter\CodeIgniter->run()
 8 SYSTEMPATH\Commands\Server\rewrite.php(46): require_once('FCPATH\\index.php')
CRITICAL - 2022-11-21 02:10:32 --> Undefined variable $r
in APPPATH\Controllers\Collaborative.php on line 52.
 1 APPPATH\Controllers\Collaborative.php(52): CodeIgniter\Debug\Exceptions->errorHandler(2, 'Undefined variable $r', 'APPPATH\\Controllers\\Collaborative.php', 52)
 2 SYSTEMPATH\CodeIgniter.php(927): App\Controllers\Collaborative->index()
 3 SYSTEMPATH\CodeIgniter.php(482): CodeIgniter\CodeIgniter->runController(Object(App\Controllers\Collaborative))
 4 SYSTEMPATH\CodeIgniter.php(351): CodeIgniter\CodeIgniter->handleRequest(null, Object(Config\Cache), false)
 5 FCPATH\index.php(67): CodeIgniter\CodeIgniter->run()
 6 SYSTEMPATH\Commands\Server\rewrite.php(46): require_once('FCPATH\\index.php')
CRITICAL - 2022-11-21 02:10:52 --> Undefined variable $Rating_satu
in APPPATH\Controllers\Collaborative.php on line 52.
 1 APPPATH\Controllers\Collaborative.php(52): CodeIgniter\Debug\Exceptions->errorHandler(2, 'Undefined variable $Rating_satu', 'APPPATH\\Controllers\\Collaborative.php', 52)
 2 SYSTEMPATH\CodeIgniter.php(927): App\Controllers\Collaborative->index()
 3 SYSTEMPATH\CodeIgniter.php(482): CodeIgniter\CodeIgniter->runController(Object(App\Controllers\Collaborative))
 4 SYSTEMPATH\CodeIgniter.php(351): CodeIgniter\CodeIgniter->handleRequest(null, Object(Config\Cache), false)
 5 FCPATH\index.php(67): CodeIgniter\CodeIgniter->run()
 6 SYSTEMPATH\Commands\Server\rewrite.php(46): require_once('FCPATH\\index.php')
CRITICAL - 2022-11-21 02:25:16 --> syntax error, unexpected token "}", expecting "," or ";"
in APPPATH\Controllers\Collaborative.php on line 65.
 1 SYSTEMPATH\Autoloader\Autoloader.php(259): CodeIgniter\Autoloader\Autoloader->includeFile('APPPATH\\Controllers\\Collaborative.php')
 2 SYSTEMPATH\Autoloader\Autoloader.php(237): CodeIgniter\Autoloader\Autoloader->loadInNamespace('App\\Controllers\\Collaborative')
 3 [internal function]: CodeIgniter\Autoloader\Autoloader->loadClass('App\\Controllers\\Collaborative')
 4 SYSTEMPATH\CodeIgniter.php(877): class_exists('\\App\\Controllers\\Collaborative', true)
 5 SYSTEMPATH\CodeIgniter.php(469): CodeIgniter\CodeIgniter->startController()
 6 SYSTEMPATH\CodeIgniter.php(351): CodeIgniter\CodeIgniter->handleRequest(null, Object(Config\Cache), false)
 7 FCPATH\index.php(67): CodeIgniter\CodeIgniter->run()
 8 SYSTEMPATH\Commands\Server\rewrite.php(46): require_once('FCPATH\\index.php')
CRITICAL - 2022-11-21 02:42:29 --> Undefined variable $r2
in APPPATH\Controllers\Collaborative.php on line 51.
 1 APPPATH\Controllers\Collaborative.php(51): CodeIgniter\Debug\Exceptions->errorHandler(2, 'Undefined variable $r2', 'APPPATH\\Controllers\\Collaborative.php', 51)
 2 SYSTEMPATH\CodeIgniter.php(927): App\Controllers\Collaborative->index()
 3 SYSTEMPATH\CodeIgniter.php(482): CodeIgniter\CodeIgniter->runController(Object(App\Controllers\Collaborative))
 4 SYSTEMPATH\CodeIgniter.php(351): CodeIgniter\CodeIgniter->handleRequest(null, Object(Config\Cache), false)
 5 FCPATH\index.php(67): CodeIgniter\CodeIgniter->run()
 6 SYSTEMPATH\Commands\Server\rewrite.php(46): require_once('FCPATH\\index.php')
CRITICAL - 2022-11-21 06:50:37 --> Undefined property: App\Controllers\Collaborative::$products
in APPPATH\Controllers\Collaborative.php on line 47.
 1 APPPATH\Controllers\Collaborative.php(47): CodeIgniter\Debug\Exceptions->errorHandler(2, 'Undefined property: App\\Controllers\\Collaborative::$products', 'APPPATH\\Controllers\\Collaborative.php', 47)
 2 APPPATH\Controllers\Collaborative.php(23): App\Controllers\Collaborative->ratingRaw()
 3 SYSTEMPATH\CodeIgniter.php(889): App\Controllers\Collaborative->__construct()
 4 SYSTEMPATH\CodeIgniter.php(473): CodeIgniter\CodeIgniter->createController()
 5 SYSTEMPATH\CodeIgniter.php(351): CodeIgniter\CodeIgniter->handleRequest(null, Object(Config\Cache), false)
 6 FCPATH\index.php(67): CodeIgniter\CodeIgniter->run()
 7 SYSTEMPATH\Commands\Server\rewrite.php(46): require_once('FCPATH\\index.php')
CRITICAL - 2022-11-21 06:51:17 --> Cannot use object of type stdClass as array
in APPPATH\Controllers\Collaborative.php on line 53.
 1 APPPATH\Controllers\Collaborative.php(23): App\Controllers\Collaborative->ratingRaw()
 2 SYSTEMPATH\CodeIgniter.php(889): App\Controllers\Collaborative->__construct()
 3 SYSTEMPATH\CodeIgniter.php(473): CodeIgniter\CodeIgniter->createController()
 4 SYSTEMPATH\CodeIgniter.php(351): CodeIgniter\CodeIgniter->handleRequest(null, Object(Config\Cache), false)
 5 FCPATH\index.php(67): CodeIgniter\CodeIgniter->run()
 6 SYSTEMPATH\Commands\Server\rewrite.php(46): require_once('FCPATH\\index.php')
CRITICAL - 2022-11-21 06:51:49 --> Undefined array key "id"
in APPPATH\Controllers\Collaborative.php on line 54.
 1 APPPATH\Controllers\Collaborative.php(54): CodeIgniter\Debug\Exceptions->errorHandler(2, 'Undefined array key "id"', 'APPPATH\\Controllers\\Collaborative.php', 54)
 2 APPPATH\Controllers\Collaborative.php(23): App\Controllers\Collaborative->ratingRaw()
 3 SYSTEMPATH\CodeIgniter.php(889): App\Controllers\Collaborative->__construct()
 4 SYSTEMPATH\CodeIgniter.php(473): CodeIgniter\CodeIgniter->createController()
 5 SYSTEMPATH\CodeIgniter.php(351): CodeIgniter\CodeIgniter->handleRequest(null, Object(Config\Cache), false)
 6 FCPATH\index.php(67): CodeIgniter\CodeIgniter->run()
 7 SYSTEMPATH\Commands\Server\rewrite.php(46): require_once('FCPATH\\index.php')
CRITICAL - 2022-11-21 06:52:14 --> Undefined array key "id"
in APPPATH\Controllers\Collaborative.php on line 85.
 1 APPPATH\Controllers\Collaborative.php(85): CodeIgniter\Debug\Exceptions->errorHandler(2, 'Undefined array key "id"', 'APPPATH\\Controllers\\Collaborative.php', 85)
 2 SYSTEMPATH\CodeIgniter.php(927): App\Controllers\Collaborative->index()
 3 SYSTEMPATH\CodeIgniter.php(482): CodeIgniter\CodeIgniter->runController(Object(App\Controllers\Collaborative))
 4 SYSTEMPATH\CodeIgniter.php(351): CodeIgniter\CodeIgniter->handleRequest(null, Object(Config\Cache), false)
 5 FCPATH\index.php(67): CodeIgniter\CodeIgniter->run()
 6 SYSTEMPATH\Commands\Server\rewrite.php(46): require_once('FCPATH\\index.php')
CRITICAL - 2022-11-21 06:53:31 --> foreach() argument must be of type array|object, string given
in APPPATH\Controllers\Collaborative.php on line 102.
 1 APPPATH\Controllers\Collaborative.php(102): CodeIgniter\Debug\Exceptions->errorHandler(2, 'foreach() argument must be of type array|object, string given', 'APPPATH\\Controllers\\Collaborative.php', 102)
 2 SYSTEMPATH\CodeIgniter.php(927): App\Controllers\Collaborative->index()
 3 SYSTEMPATH\CodeIgniter.php(482): CodeIgniter\CodeIgniter->runController(Object(App\Controllers\Collaborative))
 4 SYSTEMPATH\CodeIgniter.php(351): CodeIgniter\CodeIgniter->handleRequest(null, Object(Config\Cache), false)
 5 FCPATH\index.php(67): CodeIgniter\CodeIgniter->run()
 6 SYSTEMPATH\Commands\Server\rewrite.php(46): require_once('FCPATH\\index.php')
CRITICAL - 2022-11-21 06:59:36 --> Call to a member function table() on null
in APPPATH\Controllers\Collaborative.php on line 28.
 1 APPPATH\Controllers\Collaborative.php(20): App\Controllers\Collaborative->users()
 2 SYSTEMPATH\CodeIgniter.php(889): App\Controllers\Collaborative->__construct()
 3 SYSTEMPATH\CodeIgniter.php(473): CodeIgniter\CodeIgniter->createController()
 4 SYSTEMPATH\CodeIgniter.php(351): CodeIgniter\CodeIgniter->handleRequest(null, Object(Config\Cache), false)
 5 FCPATH\index.php(67): CodeIgniter\CodeIgniter->run()
 6 SYSTEMPATH\Commands\Server\rewrite.php(46): require_once('FCPATH\\index.php')
CRITICAL - 2022-11-21 07:00:06 --> Call to undefined method App\Controllers\Collaborative::users()
in APPPATH\Controllers\Collaborative.php on line 20.
 1 SYSTEMPATH\CodeIgniter.php(889): App\Controllers\Collaborative->__construct()
 2 SYSTEMPATH\CodeIgniter.php(473): CodeIgniter\CodeIgniter->createController()
 3 SYSTEMPATH\CodeIgniter.php(351): CodeIgniter\CodeIgniter->handleRequest(null, Object(Config\Cache), false)
 4 FCPATH\index.php(67): CodeIgniter\CodeIgniter->run()
 5 SYSTEMPATH\Commands\Server\rewrite.php(46): require_once('FCPATH\\index.php')
CRITICAL - 2022-11-21 07:33:14 --> syntax error, unexpected token "if", expecting "," or ";"
in APPPATH\Controllers\Collaborative.php on line 107.
 1 SYSTEMPATH\Autoloader\Autoloader.php(259): CodeIgniter\Autoloader\Autoloader->includeFile('APPPATH\\Controllers\\Collaborative.php')
 2 SYSTEMPATH\Autoloader\Autoloader.php(237): CodeIgniter\Autoloader\Autoloader->loadInNamespace('App\\Controllers\\Collaborative')
 3 [internal function]: CodeIgniter\Autoloader\Autoloader->loadClass('App\\Controllers\\Collaborative')
 4 SYSTEMPATH\CodeIgniter.php(877): class_exists('\\App\\Controllers\\Collaborative', true)
 5 SYSTEMPATH\CodeIgniter.php(469): CodeIgniter\CodeIgniter->startController()
 6 SYSTEMPATH\CodeIgniter.php(351): CodeIgniter\CodeIgniter->handleRequest(null, Object(Config\Cache), false)
 7 FCPATH\index.php(67): CodeIgniter\CodeIgniter->run()
 8 SYSTEMPATH\Commands\Server\rewrite.php(46): require_once('FCPATH\\index.php')
CRITICAL - 2022-11-21 07:39:12 --> Call to undefined method App\Controllers\Collaborative2::ratingDb()
in APPPATH\Controllers\Collaborative2.php on line 23.
 1 SYSTEMPATH\CodeIgniter.php(889): App\Controllers\Collaborative2->__construct()
 2 SYSTEMPATH\CodeIgniter.php(473): CodeIgniter\CodeIgniter->createController()
 3 SYSTEMPATH\CodeIgniter.php(351): CodeIgniter\CodeIgniter->handleRequest(null, Object(Config\Cache), false)
 4 FCPATH\index.php(67): CodeIgniter\CodeIgniter->run()
 5 SYSTEMPATH\Commands\Server\rewrite.php(46): require_once('FCPATH\\index.php')
CRITICAL - 2022-11-21 08:01:59 --> Array to string conversion
in APPPATH\Controllers\Collaborative2.php on line 125.
 1 APPPATH\Controllers\Collaborative2.php(125): CodeIgniter\Debug\Exceptions->errorHandler(2, 'Array to string conversion', 'APPPATH\\Controllers\\Collaborative2.php', 125)
 2 SYSTEMPATH\CodeIgniter.php(927): App\Controllers\Collaborative2->index()
 3 SYSTEMPATH\CodeIgniter.php(482): CodeIgniter\CodeIgniter->runController(Object(App\Controllers\Collaborative2))
 4 SYSTEMPATH\CodeIgniter.php(351): CodeIgniter\CodeIgniter->handleRequest(null, Object(Config\Cache), false)
 5 FCPATH\index.php(67): CodeIgniter\CodeIgniter->run()
 6 SYSTEMPATH\Commands\Server\rewrite.php(46): require_once('FCPATH\\index.php')
CRITICAL - 2022-11-21 08:02:35 --> foreach() argument must be of type array|object, string given
in APPPATH\Controllers\Collaborative2.php on line 102.
 1 APPPATH\Controllers\Collaborative2.php(102): CodeIgniter\Debug\Exceptions->errorHandler(2, 'foreach() argument must be of type array|object, string given', 'APPPATH\\Controllers\\Collaborative2.php', 102)
 2 SYSTEMPATH\CodeIgniter.php(927): App\Controllers\Collaborative2->index()
 3 SYSTEMPATH\CodeIgniter.php(482): CodeIgniter\CodeIgniter->runController(Object(App\Controllers\Collaborative2))
 4 SYSTEMPATH\CodeIgniter.php(351): CodeIgniter\CodeIgniter->handleRequest(null, Object(Config\Cache), false)
 5 FCPATH\index.php(67): CodeIgniter\CodeIgniter->run()
 6 SYSTEMPATH\Commands\Server\rewrite.php(46): require_once('FCPATH\\index.php')
CRITICAL - 2022-11-21 08:02:47 --> foreach() argument must be of type array|object, string given
in APPPATH\Controllers\Collaborative2.php on line 102.
 1 APPPATH\Controllers\Collaborative2.php(102): CodeIgniter\Debug\Exceptions->errorHandler(2, 'foreach() argument must be of type array|object, string given', 'APPPATH\\Controllers\\Collaborative2.php', 102)
 2 SYSTEMPATH\CodeIgniter.php(927): App\Controllers\Collaborative2->index()
 3 SYSTEMPATH\CodeIgniter.php(482): CodeIgniter\CodeIgniter->runController(Object(App\Controllers\Collaborative2))
 4 SYSTEMPATH\CodeIgniter.php(351): CodeIgniter\CodeIgniter->handleRequest(null, Object(Config\Cache), false)
 5 FCPATH\index.php(67): CodeIgniter\CodeIgniter->run()
 6 SYSTEMPATH\Commands\Server\rewrite.php(46): require_once('FCPATH\\index.php')
CRITICAL - 2022-11-21 08:02:59 --> foreach() argument must be of type array|object, string given
in APPPATH\Controllers\Collaborative2.php on line 102.
 1 APPPATH\Controllers\Collaborative2.php(102): CodeIgniter\Debug\Exceptions->errorHandler(2, 'foreach() argument must be of type array|object, string given', 'APPPATH\\Controllers\\Collaborative2.php', 102)
 2 SYSTEMPATH\CodeIgniter.php(927): App\Controllers\Collaborative2->index()
 3 SYSTEMPATH\CodeIgniter.php(482): CodeIgniter\CodeIgniter->runController(Object(App\Controllers\Collaborative2))
 4 SYSTEMPATH\CodeIgniter.php(351): CodeIgniter\CodeIgniter->handleRequest(null, Object(Config\Cache), false)
 5 FCPATH\index.php(67): CodeIgniter\CodeIgniter->run()
 6 SYSTEMPATH\Commands\Server\rewrite.php(46): require_once('FCPATH\\index.php')
CRITICAL - 2022-11-21 08:03:34 --> foreach() argument must be of type array|object, string given
in APPPATH\Controllers\Collaborative2.php on line 102.
 1 APPPATH\Controllers\Collaborative2.php(102): CodeIgniter\Debug\Exceptions->errorHandler(2, 'foreach() argument must be of type array|object, string given', 'APPPATH\\Controllers\\Collaborative2.php', 102)
 2 SYSTEMPATH\CodeIgniter.php(927): App\Controllers\Collaborative2->index()
 3 SYSTEMPATH\CodeIgniter.php(482): CodeIgniter\CodeIgniter->runController(Object(App\Controllers\Collaborative2))
 4 SYSTEMPATH\CodeIgniter.php(351): CodeIgniter\CodeIgniter->handleRequest(null, Object(Config\Cache), false)
 5 FCPATH\index.php(67): CodeIgniter\CodeIgniter->run()
 6 SYSTEMPATH\Commands\Server\rewrite.php(46): require_once('FCPATH\\index.php')
CRITICAL - 2022-11-21 08:03:45 --> foreach() argument must be of type array|object, string given
in APPPATH\Controllers\Collaborative2.php on line 102.
 1 APPPATH\Controllers\Collaborative2.php(102): CodeIgniter\Debug\Exceptions->errorHandler(2, 'foreach() argument must be of type array|object, string given', 'APPPATH\\Controllers\\Collaborative2.php', 102)
 2 SYSTEMPATH\CodeIgniter.php(927): App\Controllers\Collaborative2->index()
 3 SYSTEMPATH\CodeIgniter.php(482): CodeIgniter\CodeIgniter->runController(Object(App\Controllers\Collaborative2))
 4 SYSTEMPATH\CodeIgniter.php(351): CodeIgniter\CodeIgniter->handleRequest(null, Object(Config\Cache), false)
 5 FCPATH\index.php(67): CodeIgniter\CodeIgniter->run()
 6 SYSTEMPATH\Commands\Server\rewrite.php(46): require_once('FCPATH\\index.php')
CRITICAL - 2022-11-21 08:03:50 --> foreach() argument must be of type array|object, string given
in APPPATH\Controllers\Collaborative2.php on line 102.
 1 APPPATH\Controllers\Collaborative2.php(102): CodeIgniter\Debug\Exceptions->errorHandler(2, 'foreach() argument must be of type array|object, string given', 'APPPATH\\Controllers\\Collaborative2.php', 102)
 2 SYSTEMPATH\CodeIgniter.php(927): App\Controllers\Collaborative2->index()
 3 SYSTEMPATH\CodeIgniter.php(482): CodeIgniter\CodeIgniter->runController(Object(App\Controllers\Collaborative2))
 4 SYSTEMPATH\CodeIgniter.php(351): CodeIgniter\CodeIgniter->handleRequest(null, Object(Config\Cache), false)
 5 FCPATH\index.php(67): CodeIgniter\CodeIgniter->run()
 6 SYSTEMPATH\Commands\Server\rewrite.php(46): require_once('FCPATH\\index.php')
CRITICAL - 2022-11-21 08:04:15 --> foreach() argument must be of type array|object, string given
in APPPATH\Controllers\Collaborative2.php on line 102.
 1 APPPATH\Controllers\Collaborative2.php(102): CodeIgniter\Debug\Exceptions->errorHandler(2, 'foreach() argument must be of type array|object, string given', 'APPPATH\\Controllers\\Collaborative2.php', 102)
 2 SYSTEMPATH\CodeIgniter.php(927): App\Controllers\Collaborative2->index()
 3 SYSTEMPATH\CodeIgniter.php(482): CodeIgniter\CodeIgniter->runController(Object(App\Controllers\Collaborative2))
 4 SYSTEMPATH\CodeIgniter.php(351): CodeIgniter\CodeIgniter->handleRequest(null, Object(Config\Cache), false)
 5 FCPATH\index.php(67): CodeIgniter\CodeIgniter->run()
 6 SYSTEMPATH\Commands\Server\rewrite.php(46): require_once('FCPATH\\index.php')
CRITICAL - 2022-11-21 08:04:45 --> Cannot access offset of type string on string
in APPPATH\Controllers\Collaborative2.php on line 128.
 1 SYSTEMPATH\CodeIgniter.php(927): App\Controllers\Collaborative2->index()
 2 SYSTEMPATH\CodeIgniter.php(482): CodeIgniter\CodeIgniter->runController(Object(App\Controllers\Collaborative2))
 3 SYSTEMPATH\CodeIgniter.php(351): CodeIgniter\CodeIgniter->handleRequest(null, Object(Config\Cache), false)
 4 FCPATH\index.php(67): CodeIgniter\CodeIgniter->run()
 5 SYSTEMPATH\Commands\Server\rewrite.php(46): require_once('FCPATH\\index.php')
CRITICAL - 2022-11-21 08:04:55 --> foreach() argument must be of type array|object, string given
in APPPATH\Controllers\Collaborative2.php on line 102.
 1 APPPATH\Controllers\Collaborative2.php(102): CodeIgniter\Debug\Exceptions->errorHandler(2, 'foreach() argument must be of type array|object, string given', 'APPPATH\\Controllers\\Collaborative2.php', 102)
 2 SYSTEMPATH\CodeIgniter.php(927): App\Controllers\Collaborative2->index()
 3 SYSTEMPATH\CodeIgniter.php(482): CodeIgniter\CodeIgniter->runController(Object(App\Controllers\Collaborative2))
 4 SYSTEMPATH\CodeIgniter.php(351): CodeIgniter\CodeIgniter->handleRequest(null, Object(Config\Cache), false)
 5 FCPATH\index.php(67): CodeIgniter\CodeIgniter->run()
 6 SYSTEMPATH\Commands\Server\rewrite.php(46): require_once('FCPATH\\index.php')
CRITICAL - 2022-11-21 08:05:52 --> foreach() argument must be of type array|object, string given
in APPPATH\Controllers\Collaborative2.php on line 102.
 1 APPPATH\Controllers\Collaborative2.php(102): CodeIgniter\Debug\Exceptions->errorHandler(2, 'foreach() argument must be of type array|object, string given', 'APPPATH\\Controllers\\Collaborative2.php', 102)
 2 SYSTEMPATH\CodeIgniter.php(927): App\Controllers\Collaborative2->index()
 3 SYSTEMPATH\CodeIgniter.php(482): CodeIgniter\CodeIgniter->runController(Object(App\Controllers\Collaborative2))
 4 SYSTEMPATH\CodeIgniter.php(351): CodeIgniter\CodeIgniter->handleRequest(null, Object(Config\Cache), false)
 5 FCPATH\index.php(67): CodeIgniter\CodeIgniter->run()
 6 SYSTEMPATH\Commands\Server\rewrite.php(46): require_once('FCPATH\\index.php')
CRITICAL - 2022-11-21 08:05:59 --> foreach() argument must be of type array|object, string given
in APPPATH\Controllers\Collaborative2.php on line 102.
 1 APPPATH\Controllers\Collaborative2.php(102): CodeIgniter\Debug\Exceptions->errorHandler(2, 'foreach() argument must be of type array|object, string given', 'APPPATH\\Controllers\\Collaborative2.php', 102)
 2 SYSTEMPATH\CodeIgniter.php(927): App\Controllers\Collaborative2->index()
 3 SYSTEMPATH\CodeIgniter.php(482): CodeIgniter\CodeIgniter->runController(Object(App\Controllers\Collaborative2))
 4 SYSTEMPATH\CodeIgniter.php(351): CodeIgniter\CodeIgniter->handleRequest(null, Object(Config\Cache), false)
 5 FCPATH\index.php(67): CodeIgniter\CodeIgniter->run()
 6 SYSTEMPATH\Commands\Server\rewrite.php(46): require_once('FCPATH\\index.php')
CRITICAL - 2022-11-21 08:06:14 --> foreach() argument must be of type array|object, string given
in APPPATH\Controllers\Collaborative2.php on line 102.
 1 APPPATH\Controllers\Collaborative2.php(102): CodeIgniter\Debug\Exceptions->errorHandler(2, 'foreach() argument must be of type array|object, string given', 'APPPATH\\Controllers\\Collaborative2.php', 102)
 2 SYSTEMPATH\CodeIgniter.php(927): App\Controllers\Collaborative2->index()
 3 SYSTEMPATH\CodeIgniter.php(482): CodeIgniter\CodeIgniter->runController(Object(App\Controllers\Collaborative2))
 4 SYSTEMPATH\CodeIgniter.php(351): CodeIgniter\CodeIgniter->handleRequest(null, Object(Config\Cache), false)
 5 FCPATH\index.php(67): CodeIgniter\CodeIgniter->run()
 6 SYSTEMPATH\Commands\Server\rewrite.php(46): require_once('FCPATH\\index.php')
CRITICAL - 2022-11-21 08:10:43 --> foreach() argument must be of type array|object, float given
in APPPATH\Controllers\Collaborative2.php on line 113.
 1 APPPATH\Controllers\Collaborative2.php(113): CodeIgniter\Debug\Exceptions->errorHandler(2, 'foreach() argument must be of type array|object, float given', 'APPPATH\\Controllers\\Collaborative2.php', 113)
 2 SYSTEMPATH\CodeIgniter.php(927): App\Controllers\Collaborative2->index()
 3 SYSTEMPATH\CodeIgniter.php(482): CodeIgniter\CodeIgniter->runController(Object(App\Controllers\Collaborative2))
 4 SYSTEMPATH\CodeIgniter.php(351): CodeIgniter\CodeIgniter->handleRequest(null, Object(Config\Cache), false)
 5 FCPATH\index.php(67): CodeIgniter\CodeIgniter->run()
 6 SYSTEMPATH\Commands\Server\rewrite.php(46): require_once('FCPATH\\index.php')
CRITICAL - 2022-11-21 08:12:37 --> Array to string conversion
in APPPATH\Controllers\Collaborative2.php on line 128.
 1 APPPATH\Controllers\Collaborative2.php(128): CodeIgniter\Debug\Exceptions->errorHandler(2, 'Array to string conversion', 'APPPATH\\Controllers\\Collaborative2.php', 128)
 2 SYSTEMPATH\CodeIgniter.php(927): App\Controllers\Collaborative2->index()
 3 SYSTEMPATH\CodeIgniter.php(482): CodeIgniter\CodeIgniter->runController(Object(App\Controllers\Collaborative2))
 4 SYSTEMPATH\CodeIgniter.php(351): CodeIgniter\CodeIgniter->handleRequest(null, Object(Config\Cache), false)
 5 FCPATH\index.php(67): CodeIgniter\CodeIgniter->run()
 6 SYSTEMPATH\Commands\Server\rewrite.php(46): require_once('FCPATH\\index.php')
CRITICAL - 2022-11-21 08:13:08 --> foreach() argument must be of type array|object, string given
in APPPATH\Controllers\Collaborative2.php on line 102.
 1 APPPATH\Controllers\Collaborative2.php(102): CodeIgniter\Debug\Exceptions->errorHandler(2, 'foreach() argument must be of type array|object, string given', 'APPPATH\\Controllers\\Collaborative2.php', 102)
 2 SYSTEMPATH\CodeIgniter.php(927): App\Controllers\Collaborative2->index()
 3 SYSTEMPATH\CodeIgniter.php(482): CodeIgniter\CodeIgniter->runController(Object(App\Controllers\Collaborative2))
 4 SYSTEMPATH\CodeIgniter.php(351): CodeIgniter\CodeIgniter->handleRequest(null, Object(Config\Cache), false)
 5 FCPATH\index.php(67): CodeIgniter\CodeIgniter->run()
 6 SYSTEMPATH\Commands\Server\rewrite.php(46): require_once('FCPATH\\index.php')
CRITICAL - 2022-11-21 08:13:26 --> foreach() argument must be of type array|object, string given
in APPPATH\Controllers\Collaborative2.php on line 102.
 1 APPPATH\Controllers\Collaborative2.php(102): CodeIgniter\Debug\Exceptions->errorHandler(2, 'foreach() argument must be of type array|object, string given', 'APPPATH\\Controllers\\Collaborative2.php', 102)
 2 SYSTEMPATH\CodeIgniter.php(927): App\Controllers\Collaborative2->index()
 3 SYSTEMPATH\CodeIgniter.php(482): CodeIgniter\CodeIgniter->runController(Object(App\Controllers\Collaborative2))
 4 SYSTEMPATH\CodeIgniter.php(351): CodeIgniter\CodeIgniter->handleRequest(null, Object(Config\Cache), false)
 5 FCPATH\index.php(67): CodeIgniter\CodeIgniter->run()
 6 SYSTEMPATH\Commands\Server\rewrite.php(46): require_once('FCPATH\\index.php')
CRITICAL - 2022-11-21 08:13:39 --> foreach() argument must be of type array|object, string given
in APPPATH\Controllers\Collaborative2.php on line 102.
 1 APPPATH\Controllers\Collaborative2.php(102): CodeIgniter\Debug\Exceptions->errorHandler(2, 'foreach() argument must be of type array|object, string given', 'APPPATH\\Controllers\\Collaborative2.php', 102)
 2 SYSTEMPATH\CodeIgniter.php(927): App\Controllers\Collaborative2->index()
 3 SYSTEMPATH\CodeIgniter.php(482): CodeIgniter\CodeIgniter->runController(Object(App\Controllers\Collaborative2))
 4 SYSTEMPATH\CodeIgniter.php(351): CodeIgniter\CodeIgniter->handleRequest(null, Object(Config\Cache), false)
 5 FCPATH\index.php(67): CodeIgniter\CodeIgniter->run()
 6 SYSTEMPATH\Commands\Server\rewrite.php(46): require_once('FCPATH\\index.php')
CRITICAL - 2022-11-21 08:13:57 --> foreach() argument must be of type array|object, string given
in APPPATH\Controllers\Collaborative2.php on line 102.
 1 APPPATH\Controllers\Collaborative2.php(102): CodeIgniter\Debug\Exceptions->errorHandler(2, 'foreach() argument must be of type array|object, string given', 'APPPATH\\Controllers\\Collaborative2.php', 102)
 2 SYSTEMPATH\CodeIgniter.php(927): App\Controllers\Collaborative2->index()
 3 SYSTEMPATH\CodeIgniter.php(482): CodeIgniter\CodeIgniter->runController(Object(App\Controllers\Collaborative2))
 4 SYSTEMPATH\CodeIgniter.php(351): CodeIgniter\CodeIgniter->handleRequest(null, Object(Config\Cache), false)
 5 FCPATH\index.php(67): CodeIgniter\CodeIgniter->run()
 6 SYSTEMPATH\Commands\Server\rewrite.php(46): require_once('FCPATH\\index.php')
CRITICAL - 2022-11-21 08:14:29 --> foreach() argument must be of type array|object, string given
in APPPATH\Controllers\Collaborative2.php on line 102.
 1 APPPATH\Controllers\Collaborative2.php(102): CodeIgniter\Debug\Exceptions->errorHandler(2, 'foreach() argument must be of type array|object, string given', 'APPPATH\\Controllers\\Collaborative2.php', 102)
 2 SYSTEMPATH\CodeIgniter.php(927): App\Controllers\Collaborative2->index()
 3 SYSTEMPATH\CodeIgniter.php(482): CodeIgniter\CodeIgniter->runController(Object(App\Controllers\Collaborative2))
 4 SYSTEMPATH\CodeIgniter.php(351): CodeIgniter\CodeIgniter->handleRequest(null, Object(Config\Cache), false)
 5 FCPATH\index.php(67): CodeIgniter\CodeIgniter->run()
 6 SYSTEMPATH\Commands\Server\rewrite.php(46): require_once('FCPATH\\index.php')
CRITICAL - 2022-11-21 08:18:29 --> foreach() argument must be of type array|object, string given
in APPPATH\Controllers\Collaborative2.php on line 110.
 1 APPPATH\Controllers\Collaborative2.php(110): CodeIgniter\Debug\Exceptions->errorHandler(2, 'foreach() argument must be of type array|object, string given', 'APPPATH\\Controllers\\Collaborative2.php', 110)
 2 SYSTEMPATH\CodeIgniter.php(927): App\Controllers\Collaborative2->index()
 3 SYSTEMPATH\CodeIgniter.php(482): CodeIgniter\CodeIgniter->runController(Object(App\Controllers\Collaborative2))
 4 SYSTEMPATH\CodeIgniter.php(351): CodeIgniter\CodeIgniter->handleRequest(null, Object(Config\Cache), false)
 5 FCPATH\index.php(67): CodeIgniter\CodeIgniter->run()
 6 SYSTEMPATH\Commands\Server\rewrite.php(46): require_once('FCPATH\\index.php')
CRITICAL - 2022-11-21 08:19:21 --> Array to string conversion
in APPPATH\Controllers\Collaborative2.php on line 113.
 1 APPPATH\Controllers\Collaborative2.php(113): CodeIgniter\Debug\Exceptions->errorHandler(2, 'Array to string conversion', 'APPPATH\\Controllers\\Collaborative2.php', 113)
 2 SYSTEMPATH\CodeIgniter.php(927): App\Controllers\Collaborative2->index()
 3 SYSTEMPATH\CodeIgniter.php(482): CodeIgniter\CodeIgniter->runController(Object(App\Controllers\Collaborative2))
 4 SYSTEMPATH\CodeIgniter.php(351): CodeIgniter\CodeIgniter->handleRequest(null, Object(Config\Cache), false)
 5 FCPATH\index.php(67): CodeIgniter\CodeIgniter->run()
 6 SYSTEMPATH\Commands\Server\rewrite.php(46): require_once('FCPATH\\index.php')
CRITICAL - 2022-11-21 08:19:57 --> Attempt to read property "nilai_rating" on array
in APPPATH\Controllers\Collaborative2.php on line 113.
 1 APPPATH\Controllers\Collaborative2.php(113): CodeIgniter\Debug\Exceptions->errorHandler(2, 'Attempt to read property "nilai_rating" on array', 'APPPATH\\Controllers\\Collaborative2.php', 113)
 2 SYSTEMPATH\CodeIgniter.php(927): App\Controllers\Collaborative2->index()
 3 SYSTEMPATH\CodeIgniter.php(482): CodeIgniter\CodeIgniter->runController(Object(App\Controllers\Collaborative2))
 4 SYSTEMPATH\CodeIgniter.php(351): CodeIgniter\CodeIgniter->handleRequest(null, Object(Config\Cache), false)
 5 FCPATH\index.php(67): CodeIgniter\CodeIgniter->run()
 6 SYSTEMPATH\Commands\Server\rewrite.php(46): require_once('FCPATH\\index.php')
CRITICAL - 2022-11-21 08:20:24 --> Cannot access offset of type string on string
in APPPATH\Controllers\Collaborative2.php on line 113.
 1 SYSTEMPATH\CodeIgniter.php(927): App\Controllers\Collaborative2->index()
 2 SYSTEMPATH\CodeIgniter.php(482): CodeIgniter\CodeIgniter->runController(Object(App\Controllers\Collaborative2))
 3 SYSTEMPATH\CodeIgniter.php(351): CodeIgniter\CodeIgniter->handleRequest(null, Object(Config\Cache), false)
 4 FCPATH\index.php(67): CodeIgniter\CodeIgniter->run()
 5 SYSTEMPATH\Commands\Server\rewrite.php(46): require_once('FCPATH\\index.php')
CRITICAL - 2022-11-21 09:38:51 --> Array to string conversion
in APPPATH\Controllers\Collaborative2.php on line 110.
 1 APPPATH\Controllers\Collaborative2.php(110): CodeIgniter\Debug\Exceptions->errorHandler(2, 'Array to string conversion', 'APPPATH\\Controllers\\Collaborative2.php', 110)
 2 SYSTEMPATH\CodeIgniter.php(927): App\Controllers\Collaborative2->index()
 3 SYSTEMPATH\CodeIgniter.php(482): CodeIgniter\CodeIgniter->runController(Object(App\Controllers\Collaborative2))
 4 SYSTEMPATH\CodeIgniter.php(351): CodeIgniter\CodeIgniter->handleRequest(null, Object(Config\Cache), false)
 5 FCPATH\index.php(67): CodeIgniter\CodeIgniter->run()
 6 SYSTEMPATH\Commands\Server\rewrite.php(46): require_once('FCPATH\\index.php')
